Performing C++ SOURCE FILE Test COMPILER_SUPPORT_Wlogicalop failed with the following output:
Change Dir: /Users/vikramansathiyanarayanan/Desktop/qp_wrappers/build/CMakeFiles/CMakeTmp

Run Build Command(s):/usr/bin/make cmTC_5f132/fast && /Library/Developer/CommandLineTools/usr/bin/make -f CMakeFiles/cmTC_5f132.dir/build.make CMakeFiles/cmTC_5f132.dir/build
Building CXX object CMakeFiles/cmTC_5f132.dir/src.cxx.o
/usr/bin/g++    -std=c++03 -pedantic -Wall -Wextra -Wundef -Wcast-align -Wchar-subscripts -Wnon-virtual-dtor -Wunused-local-typedefs -Wpointer-arith -Wwrite-strings -Wformat-security -Wshorten-64-to-32 -DCOMPILER_SUPPORT_Wlogicalop -Werror -isysroot /Library/Developer/CommandLineTools/SDKs/MacOSX10.15.sdk   -Wlogical-op -o CMakeFiles/cmTC_5f132.dir/src.cxx.o -c /Users/vikramansathiyanarayanan/Desktop/qp_wrappers/build/CMakeFiles/CMakeTmp/src.cxx
error: unknown warning option '-Wlogical-op'; did you mean '-Wlong-long'? [-Werror,-Wunknown-warning-option]
make[1]: *** [CMakeFiles/cmTC_5f132.dir/src.cxx.o] Error 1
make: *** [cmTC_5f132/fast] Error 2


Source file was:
int main() { return 0; }
Performing C++ SOURCE FILE Test COMPILER_SUPPORT_Wnopsabi failed with the following output:
Change Dir: /Users/vikramansathiyanarayanan/Desktop/qp_wrappers/build/CMakeFiles/CMakeTmp

Run Build Command(s):/usr/bin/make cmTC_e2c69/fast && /Library/Developer/CommandLineTools/usr/bin/make -f CMakeFiles/cmTC_e2c69.dir/build.make CMakeFiles/cmTC_e2c69.dir/build
Building CXX object CMakeFiles/cmTC_e2c69.dir/src.cxx.o
/usr/bin/g++    -std=c++03 -pedantic -Wall -Wextra -Wundef -Wcast-align -Wchar-subscripts -Wnon-virtual-dtor -Wunused-local-typedefs -Wpointer-arith -Wwrite-strings -Wformat-security -Wshorten-64-to-32 -Wenum-conversion -Wc++11-extensions -Wdouble-promotion -Wshadow -DCOMPILER_SUPPORT_Wnopsabi -Werror -isysroot /Library/Developer/CommandLineTools/SDKs/MacOSX10.15.sdk   -Wno-psabi -o CMakeFiles/cmTC_e2c69.dir/src.cxx.o -c /Users/vikramansathiyanarayanan/Desktop/qp_wrappers/build/CMakeFiles/CMakeTmp/src.cxx
error: unknown warning option '-Wno-psabi' [-Werror,-Wunknown-warning-option]
make[1]: *** [CMakeFiles/cmTC_e2c69.dir/src.cxx.o] Error 1
make: *** [cmTC_e2c69/fast] Error 2


Source file was:
int main() { return 0; }
Performing C++ SOURCE FILE Test COMPILER_SUPPORT_wd981 failed with the following output:
Change Dir: /Users/vikramansathiyanarayanan/Desktop/qp_wrappers/build/CMakeFiles/CMakeTmp

Run Build Command(s):/usr/bin/make cmTC_9526a/fast && /Library/Developer/CommandLineTools/usr/bin/make -f CMakeFiles/cmTC_9526a.dir/build.make CMakeFiles/cmTC_9526a.dir/build
Building CXX object CMakeFiles/cmTC_9526a.dir/src.cxx.o
/usr/bin/g++    -std=c++03 -pedantic -Wall -Wextra -Wundef -Wcast-align -Wchar-subscripts -Wnon-virtual-dtor -Wunused-local-typedefs -Wpointer-arith -Wwrite-strings -Wformat-security -Wshorten-64-to-32 -Wenum-conversion -Wc++11-extensions -Wdouble-promotion -Wshadow -Wno-variadic-macros -Wno-long-long -fno-check-new -fno-common -fstrict-aliasing -DCOMPILER_SUPPORT_wd981 -Werror -isysroot /Library/Developer/CommandLineTools/SDKs/MacOSX10.15.sdk   -wd981 -o CMakeFiles/cmTC_9526a.dir/src.cxx.o -c /Users/vikramansathiyanarayanan/Desktop/qp_wrappers/build/CMakeFiles/CMakeTmp/src.cxx
clang: error: unknown argument: '-wd981'
make[1]: *** [CMakeFiles/cmTC_9526a.dir/src.cxx.o] Error 1
make: *** [cmTC_9526a/fast] Error 2


Source file was:
int main() { return 0; }
Performing C++ SOURCE FILE Test COMPILER_SUPPORT_wd2304 failed with the following output:
Change Dir: /Users/vikramansathiyanarayanan/Desktop/qp_wrappers/build/CMakeFiles/CMakeTmp

Run Build Command(s):/usr/bin/make cmTC_3cc53/fast && /Library/Developer/CommandLineTools/usr/bin/make -f CMakeFiles/cmTC_3cc53.dir/build.make CMakeFiles/cmTC_3cc53.dir/build
Building CXX object CMakeFiles/cmTC_3cc53.dir/src.cxx.o
/usr/bin/g++    -std=c++03 -pedantic -Wall -Wextra -Wundef -Wcast-align -Wchar-subscripts -Wnon-virtual-dtor -Wunused-local-typedefs -Wpointer-arith -Wwrite-strings -Wformat-security -Wshorten-64-to-32 -Wenum-conversion -Wc++11-extensions -Wdouble-promotion -Wshadow -Wno-variadic-macros -Wno-long-long -fno-check-new -fno-common -fstrict-aliasing -DCOMPILER_SUPPORT_wd2304 -Werror -isysroot /Library/Developer/CommandLineTools/SDKs/MacOSX10.15.sdk   -wd2304 -o CMakeFiles/cmTC_3cc53.dir/src.cxx.o -c /Users/vikramansathiyanarayanan/Desktop/qp_wrappers/build/CMakeFiles/CMakeTmp/src.cxx
clang: error: unknown argument: '-wd2304'
make[1]: *** [CMakeFiles/cmTC_3cc53.dir/src.cxx.o] Error 1
make: *** [cmTC_3cc53/fast] Error 2


Source file was:
int main() { return 0; }
Performing C++ SOURCE FILE Test COMPILER_SUPPORT_STRICTANSI failed with the following output:
Change Dir: /Users/vikramansathiyanarayanan/Desktop/qp_wrappers/build/CMakeFiles/CMakeTmp

Run Build Command(s):/usr/bin/make cmTC_7b460/fast && /Library/Developer/CommandLineTools/usr/bin/make -f CMakeFiles/cmTC_7b460.dir/build.make CMakeFiles/cmTC_7b460.dir/build
Building CXX object CMakeFiles/cmTC_7b460.dir/src.cxx.o
/usr/bin/g++    -std=c++03 -pedantic -Wall -Wextra -Wundef -Wcast-align -Wchar-subscripts -Wnon-virtual-dtor -Wunused-local-typedefs -Wpointer-arith -Wwrite-strings -Wformat-security -Wshorten-64-to-32 -Wenum-conversion -Wc++11-extensions -Wdouble-promotion -Wshadow -Wno-variadic-macros -Wno-long-long -fno-check-new -fno-common -fstrict-aliasing -DCOMPILER_SUPPORT_STRICTANSI -Werror -isysroot /Library/Developer/CommandLineTools/SDKs/MacOSX10.15.sdk   -strict-ansi -o CMakeFiles/cmTC_7b460.dir/src.cxx.o -c /Users/vikramansathiyanarayanan/Desktop/qp_wrappers/build/CMakeFiles/CMakeTmp/src.cxx
clang: error: unknown argument: '-strict-ansi'
make[1]: *** [CMakeFiles/cmTC_7b460.dir/src.cxx.o] Error 1
make: *** [cmTC_7b460/fast] Error 2


Source file was:
int main() { return 0; }
Performing C++ SOURCE FILE Test COMPILER_SUPPORT_OPENMP failed with the following output:
Change Dir: /Users/vikramansathiyanarayanan/Desktop/qp_wrappers/build/CMakeFiles/CMakeTmp

Run Build Command(s):/usr/bin/make cmTC_159c9/fast && /Library/Developer/CommandLineTools/usr/bin/make -f CMakeFiles/cmTC_159c9.dir/build.make CMakeFiles/cmTC_159c9.dir/build
Building CXX object CMakeFiles/cmTC_159c9.dir/src.cxx.o
/usr/bin/g++    -std=c++03 -pedantic -Wall -Wextra -Wundef -Wcast-align -Wchar-subscripts -Wnon-virtual-dtor -Wunused-local-typedefs -Wpointer-arith -Wwrite-strings -Wformat-security -Wshorten-64-to-32 -Wenum-conversion -Wc++11-extensions -Wdouble-promotion -Wshadow -Wno-variadic-macros -Wno-long-long -fno-check-new -fno-common -fstrict-aliasing -Qunused-arguments -ansi -DCOMPILER_SUPPORT_OPENMP -isysroot /Library/Developer/CommandLineTools/SDKs/MacOSX10.15.sdk   -fopenmp -o CMakeFiles/cmTC_159c9.dir/src.cxx.o -c /Users/vikramansathiyanarayanan/Desktop/qp_wrappers/build/CMakeFiles/CMakeTmp/src.cxx
clang: error: unsupported option '-fopenmp'
make[1]: *** [CMakeFiles/cmTC_159c9.dir/src.cxx.o] Error 1
make: *** [cmTC_159c9/fast] Error 2


Source file was:
int main() { return 0; }
Performing C SOURCE FILE Test SCOTCH_Num_4 failed with the following compile output:
Change Dir: /Users/vikramansathiyanarayanan/Desktop/qp_wrappers/build/CMakeFiles/CMakeTmp

Run Build Command(s):/usr/bin/make cmTC_7cf92/fast && /Library/Developer/CommandLineTools/usr/bin/make -f CMakeFiles/cmTC_7cf92.dir/build.make CMakeFiles/cmTC_7cf92.dir/build
Building C object CMakeFiles/cmTC_7cf92.dir/src.c.o
/usr/bin/gcc   -DSCOTCH_Num_4 -isysroot /Library/Developer/CommandLineTools/SDKs/MacOSX10.15.sdk   -o CMakeFiles/cmTC_7cf92.dir/src.c.o   -c /Users/vikramansathiyanarayanan/Desktop/qp_wrappers/build/CMakeFiles/CMakeTmp/src.c
/Users/vikramansathiyanarayanan/Desktop/qp_wrappers/build/CMakeFiles/CMakeTmp/src.c:4:10: fatal error: 'scotch.h' file not found
#include <scotch.h>
         ^~~~~~~~~~
1 error generated.
make[1]: *** [CMakeFiles/cmTC_7cf92.dir/src.c.o] Error 1
make: *** [cmTC_7cf92/fast] Error 2


...and run output:

Return value: 1
Source file was:

#include <stdio.h>
#include <stdint.h>
#include <scotch.h>
int main(int argc, char **argv) {
  if (sizeof(SCOTCH_Num) == 4)
    return 0;
  else
    return 1;
}

Performing C SOURCE FILE Test SCOTCH_Num_8 failed with the following compile output:
Change Dir: /Users/vikramansathiyanarayanan/Desktop/qp_wrappers/build/CMakeFiles/CMakeTmp

Run Build Command(s):/usr/bin/make cmTC_a97fb/fast && /Library/Developer/CommandLineTools/usr/bin/make -f CMakeFiles/cmTC_a97fb.dir/build.make CMakeFiles/cmTC_a97fb.dir/build
Building C object CMakeFiles/cmTC_a97fb.dir/src.c.o
/usr/bin/gcc   -DSCOTCH_Num_8 -isysroot /Library/Developer/CommandLineTools/SDKs/MacOSX10.15.sdk   -o CMakeFiles/cmTC_a97fb.dir/src.c.o   -c /Users/vikramansathiyanarayanan/Desktop/qp_wrappers/build/CMakeFiles/CMakeTmp/src.c
/Users/vikramansathiyanarayanan/Desktop/qp_wrappers/build/CMakeFiles/CMakeTmp/src.c:4:10: fatal error: 'scotch.h' file not found
#include <scotch.h>
         ^~~~~~~~~~
1 error generated.
make[1]: *** [CMakeFiles/cmTC_a97fb.dir/src.c.o] Error 1
make: *** [cmTC_a97fb/fast] Error 2


...and run output:

Return value: 1
Source file was:

#include <stdio.h>
#include <stdint.h>
#include <scotch.h>
int main(int argc, char **argv) {
  if (sizeof(SCOTCH_Num) == 8)
    return 0;
  else
    return 1;
}

The MPI test test_mpi for C in mode normal failed to compile with the following output:
Change Dir: /Users/vikramansathiyanarayanan/Desktop/qp_wrappers/build/CMakeFiles/CMakeTmp

Run Build Command(s):/usr/bin/make cmTC_27c94/fast && /Library/Developer/CommandLineTools/usr/bin/make -f CMakeFiles/cmTC_27c94.dir/build.make CMakeFiles/cmTC_27c94.dir/build
Building C object CMakeFiles/cmTC_27c94.dir/test_mpi.c.o
/usr/bin/gcc   -isysroot /Library/Developer/CommandLineTools/SDKs/MacOSX10.15.sdk   -o CMakeFiles/cmTC_27c94.dir/test_mpi.c.o   -c /usr/local/Cellar/cmake/3.16.4/share/cmake/Modules/FindMPI/test_mpi.c
/usr/local/Cellar/cmake/3.16.4/share/cmake/Modules/FindMPI/test_mpi.c:1:10: fatal error: 'mpi.h' file not found
#include <mpi.h>
         ^~~~~~~
1 error generated.
make[1]: *** [CMakeFiles/cmTC_27c94.dir/test_mpi.c.o] Error 1
make: *** [cmTC_27c94/fast] Error 2



The MPI test test_mpi for CXX in mode normal failed to compile with the following output:
Change Dir: /Users/vikramansathiyanarayanan/Desktop/qp_wrappers/build/CMakeFiles/CMakeTmp

Run Build Command(s):/usr/bin/make cmTC_016a4/fast && /Library/Developer/CommandLineTools/usr/bin/make -f CMakeFiles/cmTC_016a4.dir/build.make CMakeFiles/cmTC_016a4.dir/build
Building CXX object CMakeFiles/cmTC_016a4.dir/test_mpi.cpp.o
/usr/bin/g++    -std=c++03 -pedantic -Wall -Wextra -Wundef -Wcast-align -Wchar-subscripts -Wnon-virtual-dtor -Wunused-local-typedefs -Wpointer-arith -Wwrite-strings -Wformat-security -Wshorten-64-to-32 -Wenum-conversion -Wc++11-extensions -Wdouble-promotion -Wshadow -Wno-variadic-macros -Wno-long-long -fno-check-new -fno-common -fstrict-aliasing -Qunused-arguments -ansi  -isysroot /Library/Developer/CommandLineTools/SDKs/MacOSX10.15.sdk   -o CMakeFiles/cmTC_016a4.dir/test_mpi.cpp.o -c /Users/vikramansathiyanarayanan/Desktop/qp_wrappers/build/CMakeFiles/FindMPI/test_mpi.cpp
/Users/vikramansathiyanarayanan/Desktop/qp_wrappers/build/CMakeFiles/FindMPI/test_mpi.cpp:1:10: fatal error: 'mpi.h' file not found
#include <mpi.h>
         ^~~~~~~
1 error generated.
make[1]: *** [CMakeFiles/cmTC_016a4.dir/test_mpi.cpp.o] Error 1
make: *** [cmTC_016a4/fast] Error 2



The MPI test test_mpi for C in mode normal failed to compile with the following output:
Change Dir: /Users/vikramansathiyanarayanan/Desktop/qp_wrappers/build/CMakeFiles/CMakeTmp

Run Build Command(s):/usr/bin/make cmTC_67814/fast && /Library/Developer/CommandLineTools/usr/bin/make -f CMakeFiles/cmTC_67814.dir/build.make CMakeFiles/cmTC_67814.dir/build
Building C object CMakeFiles/cmTC_67814.dir/test_mpi.c.o
/usr/bin/gcc   -isysroot /Library/Developer/CommandLineTools/SDKs/MacOSX10.15.sdk   -o CMakeFiles/cmTC_67814.dir/test_mpi.c.o   -c /usr/local/Cellar/cmake/3.16.4/share/cmake/Modules/FindMPI/test_mpi.c
/usr/local/Cellar/cmake/3.16.4/share/cmake/Modules/FindMPI/test_mpi.c:1:10: fatal error: 'mpi.h' file not found
#include <mpi.h>
         ^~~~~~~
1 error generated.
make[1]: *** [CMakeFiles/cmTC_67814.dir/test_mpi.c.o] Error 1
make: *** [cmTC_67814/fast] Error 2



The MPI test test_mpi for CXX in mode normal failed to compile with the following output:
Change Dir: /Users/vikramansathiyanarayanan/Desktop/qp_wrappers/build/CMakeFiles/CMakeTmp

Run Build Command(s):/usr/bin/make cmTC_e01a5/fast && /Library/Developer/CommandLineTools/usr/bin/make -f CMakeFiles/cmTC_e01a5.dir/build.make CMakeFiles/cmTC_e01a5.dir/build
Building CXX object CMakeFiles/cmTC_e01a5.dir/test_mpi.cpp.o
/usr/bin/g++    -std=c++03 -pedantic -Wall -Wextra -Wundef -Wcast-align -Wchar-subscripts -Wnon-virtual-dtor -Wunused-local-typedefs -Wpointer-arith -Wwrite-strings -Wformat-security -Wshorten-64-to-32 -Wenum-conversion -Wc++11-extensions -Wdouble-promotion -Wshadow -Wno-variadic-macros -Wno-long-long -fno-check-new -fno-common -fstrict-aliasing -Qunused-arguments -ansi  -isysroot /Library/Developer/CommandLineTools/SDKs/MacOSX10.15.sdk   -o CMakeFiles/cmTC_e01a5.dir/test_mpi.cpp.o -c /Users/vikramansathiyanarayanan/Desktop/qp_wrappers/build/CMakeFiles/FindMPI/test_mpi.cpp
/Users/vikramansathiyanarayanan/Desktop/qp_wrappers/build/CMakeFiles/FindMPI/test_mpi.cpp:1:10: fatal error: 'mpi.h' file not found
#include <mpi.h>
         ^~~~~~~
1 error generated.
make[1]: *** [CMakeFiles/cmTC_e01a5.dir/test_mpi.cpp.o] Error 1
make: *** [cmTC_e01a5/fast] Error 2



Performing C SOURCE FILE Test PTSCOTCH_Num_4 failed with the following compile output:
Change Dir: /Users/vikramansathiyanarayanan/Desktop/qp_wrappers/build/CMakeFiles/CMakeTmp

Run Build Command(s):/usr/bin/make cmTC_5cdab/fast && /Library/Developer/CommandLineTools/usr/bin/make -f CMakeFiles/cmTC_5cdab.dir/build.make CMakeFiles/cmTC_5cdab.dir/build
Building C object CMakeFiles/cmTC_5cdab.dir/src.c.o
/usr/bin/gcc   -DPTSCOTCH_Num_4 -isysroot /Library/Developer/CommandLineTools/SDKs/MacOSX10.15.sdk   -o CMakeFiles/cmTC_5cdab.dir/src.c.o   -c /Users/vikramansathiyanarayanan/Desktop/qp_wrappers/build/CMakeFiles/CMakeTmp/src.c
/Users/vikramansathiyanarayanan/Desktop/qp_wrappers/build/CMakeFiles/CMakeTmp/src.c:4:10: fatal error: 'ptscotch.h' file not found
#include <ptscotch.h>
         ^~~~~~~~~~~~
1 error generated.
make[1]: *** [CMakeFiles/cmTC_5cdab.dir/src.c.o] Error 1
make: *** [cmTC_5cdab/fast] Error 2


...and run output:

Return value: 1
Source file was:

#include <stdio.h>
#include <stdint.h>
#include <ptscotch.h>
int main(int argc, char **argv) {
  if (sizeof(SCOTCH_Num) == 4)
    return 0;
  else
    return 1;
}

Performing C SOURCE FILE Test PTSCOTCH_Num_8 failed with the following compile output:
Change Dir: /Users/vikramansathiyanarayanan/Desktop/qp_wrappers/build/CMakeFiles/CMakeTmp

Run Build Command(s):/usr/bin/make cmTC_e4bf7/fast && /Library/Developer/CommandLineTools/usr/bin/make -f CMakeFiles/cmTC_e4bf7.dir/build.make CMakeFiles/cmTC_e4bf7.dir/build
Building C object CMakeFiles/cmTC_e4bf7.dir/src.c.o
/usr/bin/gcc   -DPTSCOTCH_Num_8 -isysroot /Library/Developer/CommandLineTools/SDKs/MacOSX10.15.sdk   -o CMakeFiles/cmTC_e4bf7.dir/src.c.o   -c /Users/vikramansathiyanarayanan/Desktop/qp_wrappers/build/CMakeFiles/CMakeTmp/src.c
/Users/vikramansathiyanarayanan/Desktop/qp_wrappers/build/CMakeFiles/CMakeTmp/src.c:4:10: fatal error: 'ptscotch.h' file not found
#include <ptscotch.h>
         ^~~~~~~~~~~~
1 error generated.
make[1]: *** [CMakeFiles/cmTC_e4bf7.dir/src.c.o] Error 1
make: *** [cmTC_e4bf7/fast] Error 2


...and run output:

Return value: 1
Source file was:

#include <stdio.h>
#include <stdint.h>
#include <ptscotch.h>
int main(int argc, char **argv) {
  if (sizeof(SCOTCH_Num) == 8)
    return 0;
  else
    return 1;
}

The MPI test test_mpi for C in mode normal failed to compile with the following output:
Change Dir: /Users/vikramansathiyanarayanan/Desktop/qp_wrappers/build/CMakeFiles/CMakeTmp

Run Build Command(s):/usr/bin/make cmTC_e31a1/fast && /Library/Developer/CommandLineTools/usr/bin/make -f CMakeFiles/cmTC_e31a1.dir/build.make CMakeFiles/cmTC_e31a1.dir/build
Building C object CMakeFiles/cmTC_e31a1.dir/test_mpi.c.o
/usr/bin/gcc   -isysroot /Library/Developer/CommandLineTools/SDKs/MacOSX10.15.sdk   -o CMakeFiles/cmTC_e31a1.dir/test_mpi.c.o   -c /usr/local/Cellar/cmake/3.16.4/share/cmake/Modules/FindMPI/test_mpi.c
/usr/local/Cellar/cmake/3.16.4/share/cmake/Modules/FindMPI/test_mpi.c:1:10: fatal error: 'mpi.h' file not found
#include <mpi.h>
         ^~~~~~~
1 error generated.
make[1]: *** [CMakeFiles/cmTC_e31a1.dir/test_mpi.c.o] Error 1
make: *** [cmTC_e31a1/fast] Error 2



The MPI test test_mpi for CXX in mode normal failed to compile with the following output:
Change Dir: /Users/vikramansathiyanarayanan/Desktop/qp_wrappers/build/CMakeFiles/CMakeTmp

Run Build Command(s):/usr/bin/make cmTC_aa8a8/fast && /Library/Developer/CommandLineTools/usr/bin/make -f CMakeFiles/cmTC_aa8a8.dir/build.make CMakeFiles/cmTC_aa8a8.dir/build
Building CXX object CMakeFiles/cmTC_aa8a8.dir/test_mpi.cpp.o
/usr/bin/g++    -std=c++03 -pedantic -Wall -Wextra -Wundef -Wcast-align -Wchar-subscripts -Wnon-virtual-dtor -Wunused-local-typedefs -Wpointer-arith -Wwrite-strings -Wformat-security -Wshorten-64-to-32 -Wenum-conversion -Wc++11-extensions -Wdouble-promotion -Wshadow -Wno-variadic-macros -Wno-long-long -fno-check-new -fno-common -fstrict-aliasing -Qunused-arguments -ansi  -isysroot /Library/Developer/CommandLineTools/SDKs/MacOSX10.15.sdk   -o CMakeFiles/cmTC_aa8a8.dir/test_mpi.cpp.o -c /Users/vikramansathiyanarayanan/Desktop/qp_wrappers/build/CMakeFiles/FindMPI/test_mpi.cpp
/Users/vikramansathiyanarayanan/Desktop/qp_wrappers/build/CMakeFiles/FindMPI/test_mpi.cpp:1:10: fatal error: 'mpi.h' file not found
#include <mpi.h>
         ^~~~~~~
1 error generated.
make[1]: *** [CMakeFiles/cmTC_aa8a8.dir/test_mpi.cpp.o] Error 1
make: *** [cmTC_aa8a8/fast] Error 2



The MPI test test_mpi for C in mode normal failed to compile with the following output:
Change Dir: /Users/vikramansathiyanarayanan/Desktop/qp_wrappers/build/CMakeFiles/CMakeTmp

Run Build Command(s):/usr/bin/make cmTC_26f27/fast && /Library/Developer/CommandLineTools/usr/bin/make -f CMakeFiles/cmTC_26f27.dir/build.make CMakeFiles/cmTC_26f27.dir/build
Building C object CMakeFiles/cmTC_26f27.dir/test_mpi.c.o
/usr/bin/gcc   -isysroot /Library/Developer/CommandLineTools/SDKs/MacOSX10.15.sdk   -o CMakeFiles/cmTC_26f27.dir/test_mpi.c.o   -c /usr/local/Cellar/cmake/3.16.4/share/cmake/Modules/FindMPI/test_mpi.c
/usr/local/Cellar/cmake/3.16.4/share/cmake/Modules/FindMPI/test_mpi.c:1:10: fatal error: 'mpi.h' file not found
#include <mpi.h>
         ^~~~~~~
1 error generated.
make[1]: *** [CMakeFiles/cmTC_26f27.dir/test_mpi.c.o] Error 1
make: *** [cmTC_26f27/fast] Error 2



The MPI test test_mpi for CXX in mode normal failed to compile with the following output:
Change Dir: /Users/vikramansathiyanarayanan/Desktop/qp_wrappers/build/CMakeFiles/CMakeTmp

Run Build Command(s):/usr/bin/make cmTC_7c3bf/fast && /Library/Developer/CommandLineTools/usr/bin/make -f CMakeFiles/cmTC_7c3bf.dir/build.make CMakeFiles/cmTC_7c3bf.dir/build
Building CXX object CMakeFiles/cmTC_7c3bf.dir/test_mpi.cpp.o
/usr/bin/g++    -std=c++03 -pedantic -Wall -Wextra -Wundef -Wcast-align -Wchar-subscripts -Wnon-virtual-dtor -Wunused-local-typedefs -Wpointer-arith -Wwrite-strings -Wformat-security -Wshorten-64-to-32 -Wenum-conversion -Wc++11-extensions -Wdouble-promotion -Wshadow -Wno-variadic-macros -Wno-long-long -fno-check-new -fno-common -fstrict-aliasing -Qunused-arguments -ansi  -isysroot /Library/Developer/CommandLineTools/SDKs/MacOSX10.15.sdk   -o CMakeFiles/cmTC_7c3bf.dir/test_mpi.cpp.o -c /Users/vikramansathiyanarayanan/Desktop/qp_wrappers/build/CMakeFiles/FindMPI/test_mpi.cpp
/Users/vikramansathiyanarayanan/Desktop/qp_wrappers/build/CMakeFiles/FindMPI/test_mpi.cpp:1:10: fatal error: 'mpi.h' file not found
#include <mpi.h>
         ^~~~~~~
1 error generated.
make[1]: *** [CMakeFiles/cmTC_7c3bf.dir/test_mpi.cpp.o] Error 1
make: *** [cmTC_7c3bf/fast] Error 2



The MPI test test_mpi for C in mode normal failed to compile with the following output:
Change Dir: /Users/vikramansathiyanarayanan/Desktop/qp_wrappers/build/CMakeFiles/CMakeTmp

Run Build Command(s):/usr/bin/make cmTC_36f98/fast && /Library/Developer/CommandLineTools/usr/bin/make -f CMakeFiles/cmTC_36f98.dir/build.make CMakeFiles/cmTC_36f98.dir/build
Building C object CMakeFiles/cmTC_36f98.dir/test_mpi.c.o
/usr/bin/gcc   -isysroot /Library/Developer/CommandLineTools/SDKs/MacOSX10.15.sdk   -o CMakeFiles/cmTC_36f98.dir/test_mpi.c.o   -c /usr/local/Cellar/cmake/3.16.4/share/cmake/Modules/FindMPI/test_mpi.c
/usr/local/Cellar/cmake/3.16.4/share/cmake/Modules/FindMPI/test_mpi.c:1:10: fatal error: 'mpi.h' file not found
#include <mpi.h>
         ^~~~~~~
1 error generated.
make[1]: *** [CMakeFiles/cmTC_36f98.dir/test_mpi.c.o] Error 1
make: *** [cmTC_36f98/fast] Error 2



The MPI test test_mpi for CXX in mode normal failed to compile with the following output:
Change Dir: /Users/vikramansathiyanarayanan/Desktop/qp_wrappers/build/CMakeFiles/CMakeTmp

Run Build Command(s):/usr/bin/make cmTC_fce72/fast && /Library/Developer/CommandLineTools/usr/bin/make -f CMakeFiles/cmTC_fce72.dir/build.make CMakeFiles/cmTC_fce72.dir/build
Building CXX object CMakeFiles/cmTC_fce72.dir/test_mpi.cpp.o
/usr/bin/g++    -std=c++03 -pedantic -Wall -Wextra -Wundef -Wcast-align -Wchar-subscripts -Wnon-virtual-dtor -Wunused-local-typedefs -Wpointer-arith -Wwrite-strings -Wformat-security -Wshorten-64-to-32 -Wenum-conversion -Wc++11-extensions -Wdouble-promotion -Wshadow -Wno-variadic-macros -Wno-long-long -fno-check-new -fno-common -fstrict-aliasing -Qunused-arguments -ansi  -isysroot /Library/Developer/CommandLineTools/SDKs/MacOSX10.15.sdk   -o CMakeFiles/cmTC_fce72.dir/test_mpi.cpp.o -c /Users/vikramansathiyanarayanan/Desktop/qp_wrappers/build/CMakeFiles/FindMPI/test_mpi.cpp
/Users/vikramansathiyanarayanan/Desktop/qp_wrappers/build/CMakeFiles/FindMPI/test_mpi.cpp:1:10: fatal error: 'mpi.h' file not found
#include <mpi.h>
         ^~~~~~~
1 error generated.
make[1]: *** [CMakeFiles/cmTC_fce72.dir/test_mpi.cpp.o] Error 1
make: *** [cmTC_fce72/fast] Error 2



The MPI test test_mpi for C in mode normal failed to compile with the following output:
Change Dir: /Users/vikramansathiyanarayanan/Desktop/qp_wrappers/build/CMakeFiles/CMakeTmp

Run Build Command(s):/usr/bin/make cmTC_cffdf/fast && /Library/Developer/CommandLineTools/usr/bin/make -f CMakeFiles/cmTC_cffdf.dir/build.make CMakeFiles/cmTC_cffdf.dir/build
Building C object CMakeFiles/cmTC_cffdf.dir/test_mpi.c.o
/usr/bin/gcc   -isysroot /Library/Developer/CommandLineTools/SDKs/MacOSX10.15.sdk   -o CMakeFiles/cmTC_cffdf.dir/test_mpi.c.o   -c /usr/local/Cellar/cmake/3.16.4/share/cmake/Modules/FindMPI/test_mpi.c
/usr/local/Cellar/cmake/3.16.4/share/cmake/Modules/FindMPI/test_mpi.c:1:10: fatal error: 'mpi.h' file not found
#include <mpi.h>
         ^~~~~~~
1 error generated.
make[1]: *** [CMakeFiles/cmTC_cffdf.dir/test_mpi.c.o] Error 1
make: *** [cmTC_cffdf/fast] Error 2



The MPI test test_mpi for CXX in mode normal failed to compile with the following output:
Change Dir: /Users/vikramansathiyanarayanan/Desktop/qp_wrappers/build/CMakeFiles/CMakeTmp

Run Build Command(s):/usr/bin/make cmTC_7d68a/fast && /Library/Developer/CommandLineTools/usr/bin/make -f CMakeFiles/cmTC_7d68a.dir/build.make CMakeFiles/cmTC_7d68a.dir/build
Building CXX object CMakeFiles/cmTC_7d68a.dir/test_mpi.cpp.o
/usr/bin/g++    -std=c++03 -pedantic -Wall -Wextra -Wundef -Wcast-align -Wchar-subscripts -Wnon-virtual-dtor -Wunused-local-typedefs -Wpointer-arith -Wwrite-strings -Wformat-security -Wshorten-64-to-32 -Wenum-conversion -Wc++11-extensions -Wdouble-promotion -Wshadow -Wno-variadic-macros -Wno-long-long -fno-check-new -fno-common -fstrict-aliasing -Qunused-arguments -ansi  -isysroot /Library/Developer/CommandLineTools/SDKs/MacOSX10.15.sdk   -o CMakeFiles/cmTC_7d68a.dir/test_mpi.cpp.o -c /Users/vikramansathiyanarayanan/Desktop/qp_wrappers/build/CMakeFiles/FindMPI/test_mpi.cpp
/Users/vikramansathiyanarayanan/Desktop/qp_wrappers/build/CMakeFiles/FindMPI/test_mpi.cpp:1:10: fatal error: 'mpi.h' file not found
#include <mpi.h>
         ^~~~~~~
1 error generated.
make[1]: *** [CMakeFiles/cmTC_7d68a.dir/test_mpi.cpp.o] Error 1
make: *** [cmTC_7d68a/fast] Error 2



The MPI test test_mpi for C in mode normal failed to compile with the following output:
Change Dir: /Users/vikramansathiyanarayanan/Desktop/qp_wrappers/build/CMakeFiles/CMakeTmp

Run Build Command(s):/usr/bin/make cmTC_5c306/fast && /Library/Developer/CommandLineTools/usr/bin/make -f CMakeFiles/cmTC_5c306.dir/build.make CMakeFiles/cmTC_5c306.dir/build
Building C object CMakeFiles/cmTC_5c306.dir/test_mpi.c.o
/usr/bin/gcc   -isysroot /Library/Developer/CommandLineTools/SDKs/MacOSX10.15.sdk   -o CMakeFiles/cmTC_5c306.dir/test_mpi.c.o   -c /usr/local/Cellar/cmake/3.16.4/share/cmake/Modules/FindMPI/test_mpi.c
/usr/local/Cellar/cmake/3.16.4/share/cmake/Modules/FindMPI/test_mpi.c:1:10: fatal error: 'mpi.h' file not found
#include <mpi.h>
         ^~~~~~~
1 error generated.
make[1]: *** [CMakeFiles/cmTC_5c306.dir/test_mpi.c.o] Error 1
make: *** [cmTC_5c306/fast] Error 2



The MPI test test_mpi for CXX in mode normal failed to compile with the following output:
Change Dir: /Users/vikramansathiyanarayanan/Desktop/qp_wrappers/build/CMakeFiles/CMakeTmp

Run Build Command(s):/usr/bin/make cmTC_809d1/fast && /Library/Developer/CommandLineTools/usr/bin/make -f CMakeFiles/cmTC_809d1.dir/build.make CMakeFiles/cmTC_809d1.dir/build
Building CXX object CMakeFiles/cmTC_809d1.dir/test_mpi.cpp.o
/usr/bin/g++    -std=c++03 -pedantic -Wall -Wextra -Wundef -Wcast-align -Wchar-subscripts -Wnon-virtual-dtor -Wunused-local-typedefs -Wpointer-arith -Wwrite-strings -Wformat-security -Wshorten-64-to-32 -Wenum-conversion -Wc++11-extensions -Wdouble-promotion -Wshadow -Wno-variadic-macros -Wno-long-long -fno-check-new -fno-common -fstrict-aliasing -Qunused-arguments -ansi  -isysroot /Library/Developer/CommandLineTools/SDKs/MacOSX10.15.sdk   -o CMakeFiles/cmTC_809d1.dir/test_mpi.cpp.o -c /Users/vikramansathiyanarayanan/Desktop/qp_wrappers/build/CMakeFiles/FindMPI/test_mpi.cpp
/Users/vikramansathiyanarayanan/Desktop/qp_wrappers/build/CMakeFiles/FindMPI/test_mpi.cpp:1:10: fatal error: 'mpi.h' file not found
#include <mpi.h>
         ^~~~~~~
1 error generated.
make[1]: *** [CMakeFiles/cmTC_809d1.dir/test_mpi.cpp.o] Error 1
make: *** [cmTC_809d1/fast] Error 2



The MPI test test_mpi for C in mode normal failed to compile with the following output:
Change Dir: /Users/vikramansathiyanarayanan/Desktop/qp_wrappers/build/CMakeFiles/CMakeTmp

Run Build Command(s):/usr/bin/make cmTC_cc779/fast && /Library/Developer/CommandLineTools/usr/bin/make -f CMakeFiles/cmTC_cc779.dir/build.make CMakeFiles/cmTC_cc779.dir/build
Building C object CMakeFiles/cmTC_cc779.dir/test_mpi.c.o
/usr/bin/gcc   -isysroot /Library/Developer/CommandLineTools/SDKs/MacOSX10.15.sdk   -o CMakeFiles/cmTC_cc779.dir/test_mpi.c.o   -c /usr/local/Cellar/cmake/3.16.4/share/cmake/Modules/FindMPI/test_mpi.c
/usr/local/Cellar/cmake/3.16.4/share/cmake/Modules/FindMPI/test_mpi.c:1:10: fatal error: 'mpi.h' file not found
#include <mpi.h>
         ^~~~~~~
1 error generated.
make[1]: *** [CMakeFiles/cmTC_cc779.dir/test_mpi.c.o] Error 1
make: *** [cmTC_cc779/fast] Error 2



The MPI test test_mpi for CXX in mode normal failed to compile with the following output:
Change Dir: /Users/vikramansathiyanarayanan/Desktop/qp_wrappers/build/CMakeFiles/CMakeTmp

Run Build Command(s):/usr/bin/make cmTC_9310b/fast && /Library/Developer/CommandLineTools/usr/bin/make -f CMakeFiles/cmTC_9310b.dir/build.make CMakeFiles/cmTC_9310b.dir/build
Building CXX object CMakeFiles/cmTC_9310b.dir/test_mpi.cpp.o
/usr/bin/g++    -std=c++03 -pedantic -Wall -Wextra -Wundef -Wcast-align -Wchar-subscripts -Wnon-virtual-dtor -Wunused-local-typedefs -Wpointer-arith -Wwrite-strings -Wformat-security -Wshorten-64-to-32 -Wenum-conversion -Wc++11-extensions -Wdouble-promotion -Wshadow -Wno-variadic-macros -Wno-long-long -fno-check-new -fno-common -fstrict-aliasing -Qunused-arguments -ansi  -isysroot /Library/Developer/CommandLineTools/SDKs/MacOSX10.15.sdk   -o CMakeFiles/cmTC_9310b.dir/test_mpi.cpp.o -c /Users/vikramansathiyanarayanan/Desktop/qp_wrappers/build/CMakeFiles/FindMPI/test_mpi.cpp
/Users/vikramansathiyanarayanan/Desktop/qp_wrappers/build/CMakeFiles/FindMPI/test_mpi.cpp:1:10: fatal error: 'mpi.h' file not found
#include <mpi.h>
         ^~~~~~~
1 error generated.
make[1]: *** [CMakeFiles/cmTC_9310b.dir/test_mpi.cpp.o] Error 1
make: *** [cmTC_9310b/fast] Error 2



The MPI test test_mpi for C in mode normal failed to compile with the following output:
Change Dir: /Users/vikramansathiyanarayanan/Desktop/qp_wrappers/build/CMakeFiles/CMakeTmp

Run Build Command(s):/usr/bin/make cmTC_7a12e/fast && /Library/Developer/CommandLineTools/usr/bin/make -f CMakeFiles/cmTC_7a12e.dir/build.make CMakeFiles/cmTC_7a12e.dir/build
Building C object CMakeFiles/cmTC_7a12e.dir/test_mpi.c.o
/usr/bin/gcc   -isysroot /Library/Developer/CommandLineTools/SDKs/MacOSX10.15.sdk   -o CMakeFiles/cmTC_7a12e.dir/test_mpi.c.o   -c /usr/local/Cellar/cmake/3.16.4/share/cmake/Modules/FindMPI/test_mpi.c
/usr/local/Cellar/cmake/3.16.4/share/cmake/Modules/FindMPI/test_mpi.c:1:10: fatal error: 'mpi.h' file not found
#include <mpi.h>
         ^~~~~~~
1 error generated.
make[2]: *** [CMakeFiles/cmTC_7a12e.dir/test_mpi.c.o] Error 1
make[1]: *** [cmTC_7a12e/fast] Error 2



The MPI test test_mpi for CXX in mode normal failed to compile with the following output:
Change Dir: /Users/vikramansathiyanarayanan/Desktop/qp_wrappers/build/CMakeFiles/CMakeTmp

Run Build Command(s):/usr/bin/make cmTC_1035a/fast && /Library/Developer/CommandLineTools/usr/bin/make -f CMakeFiles/cmTC_1035a.dir/build.make CMakeFiles/cmTC_1035a.dir/build
Building CXX object CMakeFiles/cmTC_1035a.dir/test_mpi.cpp.o
/usr/bin/g++    -std=c++03 -pedantic -Wall -Wextra -Wundef -Wcast-align -Wchar-subscripts -Wnon-virtual-dtor -Wunused-local-typedefs -Wpointer-arith -Wwrite-strings -Wformat-security -Wshorten-64-to-32 -Wenum-conversion -Wc++11-extensions -Wdouble-promotion -Wshadow -Wno-variadic-macros -Wno-long-long -fno-check-new -fno-common -fstrict-aliasing -Qunused-arguments -ansi  -isysroot /Library/Developer/CommandLineTools/SDKs/MacOSX10.15.sdk   -o CMakeFiles/cmTC_1035a.dir/test_mpi.cpp.o -c /Users/vikramansathiyanarayanan/Desktop/qp_wrappers/build/CMakeFiles/FindMPI/test_mpi.cpp
/Users/vikramansathiyanarayanan/Desktop/qp_wrappers/build/CMakeFiles/FindMPI/test_mpi.cpp:1:10: fatal error: 'mpi.h' file not found
#include <mpi.h>
         ^~~~~~~
1 error generated.
make[2]: *** [CMakeFiles/cmTC_1035a.dir/test_mpi.cpp.o] Error 1
make[1]: *** [cmTC_1035a/fast] Error 2



The MPI test test_mpi for C in mode normal failed to compile with the following output:
Change Dir: /Users/vikramansathiyanarayanan/Desktop/qp_wrappers/build/CMakeFiles/CMakeTmp

Run Build Command(s):/usr/bin/make cmTC_f8304/fast && /Library/Developer/CommandLineTools/usr/bin/make -f CMakeFiles/cmTC_f8304.dir/build.make CMakeFiles/cmTC_f8304.dir/build
Building C object CMakeFiles/cmTC_f8304.dir/test_mpi.c.o
/usr/bin/gcc   -isysroot /Library/Developer/CommandLineTools/SDKs/MacOSX10.15.sdk   -o CMakeFiles/cmTC_f8304.dir/test_mpi.c.o   -c /usr/local/Cellar/cmake/3.16.4/share/cmake/Modules/FindMPI/test_mpi.c
/usr/local/Cellar/cmake/3.16.4/share/cmake/Modules/FindMPI/test_mpi.c:1:10: fatal error: 'mpi.h' file not found
#include <mpi.h>
         ^~~~~~~
1 error generated.
make[2]: *** [CMakeFiles/cmTC_f8304.dir/test_mpi.c.o] Error 1
make[1]: *** [cmTC_f8304/fast] Error 2



The MPI test test_mpi for CXX in mode normal failed to compile with the following output:
Change Dir: /Users/vikramansathiyanarayanan/Desktop/qp_wrappers/build/CMakeFiles/CMakeTmp

Run Build Command(s):/usr/bin/make cmTC_8a899/fast && /Library/Developer/CommandLineTools/usr/bin/make -f CMakeFiles/cmTC_8a899.dir/build.make CMakeFiles/cmTC_8a899.dir/build
Building CXX object CMakeFiles/cmTC_8a899.dir/test_mpi.cpp.o
/usr/bin/g++    -std=c++03 -pedantic -Wall -Wextra -Wundef -Wcast-align -Wchar-subscripts -Wnon-virtual-dtor -Wunused-local-typedefs -Wpointer-arith -Wwrite-strings -Wformat-security -Wshorten-64-to-32 -Wenum-conversion -Wc++11-extensions -Wdouble-promotion -Wshadow -Wno-variadic-macros -Wno-long-long -fno-check-new -fno-common -fstrict-aliasing -Qunused-arguments -ansi  -isysroot /Library/Developer/CommandLineTools/SDKs/MacOSX10.15.sdk   -o CMakeFiles/cmTC_8a899.dir/test_mpi.cpp.o -c /Users/vikramansathiyanarayanan/Desktop/qp_wrappers/build/CMakeFiles/FindMPI/test_mpi.cpp
/Users/vikramansathiyanarayanan/Desktop/qp_wrappers/build/CMakeFiles/FindMPI/test_mpi.cpp:1:10: fatal error: 'mpi.h' file not found
#include <mpi.h>
         ^~~~~~~
1 error generated.
make[2]: *** [CMakeFiles/cmTC_8a899.dir/test_mpi.cpp.o] Error 1
make[1]: *** [cmTC_8a899/fast] Error 2



The MPI test test_mpi for C in mode normal failed to compile with the following output:
Change Dir: /Users/vikramansathiyanarayanan/Desktop/qp_wrappers/build/CMakeFiles/CMakeTmp

Run Build Command(s):/usr/bin/make cmTC_cebd5/fast && /Library/Developer/CommandLineTools/usr/bin/make -f CMakeFiles/cmTC_cebd5.dir/build.make CMakeFiles/cmTC_cebd5.dir/build
Building C object CMakeFiles/cmTC_cebd5.dir/test_mpi.c.o
/usr/bin/gcc   -isysroot /Library/Developer/CommandLineTools/SDKs/MacOSX10.15.sdk   -o CMakeFiles/cmTC_cebd5.dir/test_mpi.c.o   -c /usr/local/Cellar/cmake/3.16.4/share/cmake/Modules/FindMPI/test_mpi.c
/usr/local/Cellar/cmake/3.16.4/share/cmake/Modules/FindMPI/test_mpi.c:1:10: fatal error: 'mpi.h' file not found
#include <mpi.h>
         ^~~~~~~
1 error generated.
make[1]: *** [CMakeFiles/cmTC_cebd5.dir/test_mpi.c.o] Error 1
make: *** [cmTC_cebd5/fast] Error 2



The MPI test test_mpi for CXX in mode normal failed to compile with the following output:
Change Dir: /Users/vikramansathiyanarayanan/Desktop/qp_wrappers/build/CMakeFiles/CMakeTmp

Run Build Command(s):/usr/bin/make cmTC_a3d09/fast && /Library/Developer/CommandLineTools/usr/bin/make -f CMakeFiles/cmTC_a3d09.dir/build.make CMakeFiles/cmTC_a3d09.dir/build
Building CXX object CMakeFiles/cmTC_a3d09.dir/test_mpi.cpp.o
/usr/bin/g++    -std=c++03 -pedantic -Wall -Wextra -Wundef -Wcast-align -Wchar-subscripts -Wnon-virtual-dtor -Wunused-local-typedefs -Wpointer-arith -Wwrite-strings -Wformat-security -Wshorten-64-to-32 -Wenum-conversion -Wc++11-extensions -Wdouble-promotion -Wshadow -Wno-variadic-macros -Wno-long-long -fno-check-new -fno-common -fstrict-aliasing -Qunused-arguments -ansi  -isysroot /Library/Developer/CommandLineTools/SDKs/MacOSX10.15.sdk   -o CMakeFiles/cmTC_a3d09.dir/test_mpi.cpp.o -c /Users/vikramansathiyanarayanan/Desktop/qp_wrappers/build/CMakeFiles/FindMPI/test_mpi.cpp
/Users/vikramansathiyanarayanan/Desktop/qp_wrappers/build/CMakeFiles/FindMPI/test_mpi.cpp:1:10: fatal error: 'mpi.h' file not found
#include <mpi.h>
         ^~~~~~~
1 error generated.
make[1]: *** [CMakeFiles/cmTC_a3d09.dir/test_mpi.cpp.o] Error 1
make: *** [cmTC_a3d09/fast] Error 2



The MPI test test_mpi for C in mode normal failed to compile with the following output:
Change Dir: /Users/vikramansathiyanarayanan/Desktop/qp_wrappers/build/CMakeFiles/CMakeTmp

Run Build Command(s):/usr/bin/make cmTC_98995/fast && /Library/Developer/CommandLineTools/usr/bin/make -f CMakeFiles/cmTC_98995.dir/build.make CMakeFiles/cmTC_98995.dir/build
Building C object CMakeFiles/cmTC_98995.dir/test_mpi.c.o
/usr/bin/gcc   -isysroot /Library/Developer/CommandLineTools/SDKs/MacOSX10.15.sdk   -o CMakeFiles/cmTC_98995.dir/test_mpi.c.o   -c /usr/local/Cellar/cmake/3.16.4/share/cmake/Modules/FindMPI/test_mpi.c
/usr/local/Cellar/cmake/3.16.4/share/cmake/Modules/FindMPI/test_mpi.c:1:10: fatal error: 'mpi.h' file not found
#include <mpi.h>
         ^~~~~~~
1 error generated.
make[1]: *** [CMakeFiles/cmTC_98995.dir/test_mpi.c.o] Error 1
make: *** [cmTC_98995/fast] Error 2



The MPI test test_mpi for CXX in mode normal failed to compile with the following output:
Change Dir: /Users/vikramansathiyanarayanan/Desktop/qp_wrappers/build/CMakeFiles/CMakeTmp

Run Build Command(s):/usr/bin/make cmTC_95d47/fast && /Library/Developer/CommandLineTools/usr/bin/make -f CMakeFiles/cmTC_95d47.dir/build.make CMakeFiles/cmTC_95d47.dir/build
Building CXX object CMakeFiles/cmTC_95d47.dir/test_mpi.cpp.o
/usr/bin/g++    -std=c++03 -pedantic -Wall -Wextra -Wundef -Wcast-align -Wchar-subscripts -Wnon-virtual-dtor -Wunused-local-typedefs -Wpointer-arith -Wwrite-strings -Wformat-security -Wshorten-64-to-32 -Wenum-conversion -Wc++11-extensions -Wdouble-promotion -Wshadow -Wno-variadic-macros -Wno-long-long -fno-check-new -fno-common -fstrict-aliasing -Qunused-arguments -ansi  -isysroot /Library/Developer/CommandLineTools/SDKs/MacOSX10.15.sdk   -o CMakeFiles/cmTC_95d47.dir/test_mpi.cpp.o -c /Users/vikramansathiyanarayanan/Desktop/qp_wrappers/build/CMakeFiles/FindMPI/test_mpi.cpp
/Users/vikramansathiyanarayanan/Desktop/qp_wrappers/build/CMakeFiles/FindMPI/test_mpi.cpp:1:10: fatal error: 'mpi.h' file not found
#include <mpi.h>
         ^~~~~~~
1 error generated.
make[1]: *** [CMakeFiles/cmTC_95d47.dir/test_mpi.cpp.o] Error 1
make: *** [cmTC_95d47/fast] Error 2



The MPI test test_mpi for C in mode normal failed to compile with the following output:
Change Dir: /Users/vikramansathiyanarayanan/Desktop/qp_wrappers/build/CMakeFiles/CMakeTmp

Run Build Command(s):/usr/bin/make cmTC_8edb9/fast && /Library/Developer/CommandLineTools/usr/bin/make -f CMakeFiles/cmTC_8edb9.dir/build.make CMakeFiles/cmTC_8edb9.dir/build
Building C object CMakeFiles/cmTC_8edb9.dir/test_mpi.c.o
/usr/bin/gcc   -isysroot /Library/Developer/CommandLineTools/SDKs/MacOSX10.15.sdk   -o CMakeFiles/cmTC_8edb9.dir/test_mpi.c.o   -c /usr/local/Cellar/cmake/3.16.4/share/cmake/Modules/FindMPI/test_mpi.c
/usr/local/Cellar/cmake/3.16.4/share/cmake/Modules/FindMPI/test_mpi.c:1:10: fatal error: 'mpi.h' file not found
#include <mpi.h>
         ^~~~~~~
1 error generated.
make[1]: *** [CMakeFiles/cmTC_8edb9.dir/test_mpi.c.o] Error 1
make: *** [cmTC_8edb9/fast] Error 2



The MPI test test_mpi for CXX in mode normal failed to compile with the following output:
Change Dir: /Users/vikramansathiyanarayanan/Desktop/qp_wrappers/build/CMakeFiles/CMakeTmp

Run Build Command(s):/usr/bin/make cmTC_3361d/fast && /Library/Developer/CommandLineTools/usr/bin/make -f CMakeFiles/cmTC_3361d.dir/build.make CMakeFiles/cmTC_3361d.dir/build
Building CXX object CMakeFiles/cmTC_3361d.dir/test_mpi.cpp.o
/usr/bin/g++    -std=c++03 -pedantic -Wall -Wextra -Wundef -Wcast-align -Wchar-subscripts -Wnon-virtual-dtor -Wunused-local-typedefs -Wpointer-arith -Wwrite-strings -Wformat-security -Wshorten-64-to-32 -Wenum-conversion -Wc++11-extensions -Wdouble-promotion -Wshadow -Wno-variadic-macros -Wno-long-long -fno-check-new -fno-common -fstrict-aliasing -Qunused-arguments -ansi  -isysroot /Library/Developer/CommandLineTools/SDKs/MacOSX10.15.sdk   -o CMakeFiles/cmTC_3361d.dir/test_mpi.cpp.o -c /Users/vikramansathiyanarayanan/Desktop/qp_wrappers/build/CMakeFiles/FindMPI/test_mpi.cpp
/Users/vikramansathiyanarayanan/Desktop/qp_wrappers/build/CMakeFiles/FindMPI/test_mpi.cpp:1:10: fatal error: 'mpi.h' file not found
#include <mpi.h>
         ^~~~~~~
1 error generated.
make[1]: *** [CMakeFiles/cmTC_3361d.dir/test_mpi.cpp.o] Error 1
make: *** [cmTC_3361d/fast] Error 2



The MPI test test_mpi for C in mode normal failed to compile with the following output:
Change Dir: /Users/vikramansathiyanarayanan/Desktop/qp_wrappers/build/CMakeFiles/CMakeTmp

Run Build Command(s):/usr/bin/make cmTC_a26bf/fast && /Library/Developer/CommandLineTools/usr/bin/make -f CMakeFiles/cmTC_a26bf.dir/build.make CMakeFiles/cmTC_a26bf.dir/build
Building C object CMakeFiles/cmTC_a26bf.dir/test_mpi.c.o
/usr/bin/gcc   -isysroot /Library/Developer/CommandLineTools/SDKs/MacOSX10.15.sdk   -o CMakeFiles/cmTC_a26bf.dir/test_mpi.c.o   -c /usr/local/Cellar/cmake/3.16.4/share/cmake/Modules/FindMPI/test_mpi.c
/usr/local/Cellar/cmake/3.16.4/share/cmake/Modules/FindMPI/test_mpi.c:1:10: fatal error: 'mpi.h' file not found
#include <mpi.h>
         ^~~~~~~
1 error generated.
make[1]: *** [CMakeFiles/cmTC_a26bf.dir/test_mpi.c.o] Error 1
make: *** [cmTC_a26bf/fast] Error 2



The MPI test test_mpi for CXX in mode normal failed to compile with the following output:
Change Dir: /Users/vikramansathiyanarayanan/Desktop/qp_wrappers/build/CMakeFiles/CMakeTmp

Run Build Command(s):/usr/bin/make cmTC_3a683/fast && /Library/Developer/CommandLineTools/usr/bin/make -f CMakeFiles/cmTC_3a683.dir/build.make CMakeFiles/cmTC_3a683.dir/build
Building CXX object CMakeFiles/cmTC_3a683.dir/test_mpi.cpp.o
/usr/bin/g++    -std=c++03 -pedantic -Wall -Wextra -Wundef -Wcast-align -Wchar-subscripts -Wnon-virtual-dtor -Wunused-local-typedefs -Wpointer-arith -Wwrite-strings -Wformat-security -Wshorten-64-to-32 -Wenum-conversion -Wc++11-extensions -Wdouble-promotion -Wshadow -Wno-variadic-macros -Wno-long-long -fno-check-new -fno-common -fstrict-aliasing -Qunused-arguments -ansi  -isysroot /Library/Developer/CommandLineTools/SDKs/MacOSX10.15.sdk   -o CMakeFiles/cmTC_3a683.dir/test_mpi.cpp.o -c /Users/vikramansathiyanarayanan/Desktop/qp_wrappers/build/CMakeFiles/FindMPI/test_mpi.cpp
/Users/vikramansathiyanarayanan/Desktop/qp_wrappers/build/CMakeFiles/FindMPI/test_mpi.cpp:1:10: fatal error: 'mpi.h' file not found
#include <mpi.h>
         ^~~~~~~
1 error generated.
make[1]: *** [CMakeFiles/cmTC_3a683.dir/test_mpi.cpp.o] Error 1
make: *** [cmTC_3a683/fast] Error 2



The MPI test test_mpi for C in mode normal failed to compile with the following output:
Change Dir: /Users/vikramansathiyanarayanan/Desktop/qp_wrappers/build/CMakeFiles/CMakeTmp

Run Build Command(s):/usr/bin/make cmTC_2fe24/fast && /Library/Developer/CommandLineTools/usr/bin/make -f CMakeFiles/cmTC_2fe24.dir/build.make CMakeFiles/cmTC_2fe24.dir/build
Building C object CMakeFiles/cmTC_2fe24.dir/test_mpi.c.o
/usr/bin/gcc   -isysroot /Library/Developer/CommandLineTools/SDKs/MacOSX10.15.sdk   -o CMakeFiles/cmTC_2fe24.dir/test_mpi.c.o   -c /usr/local/Cellar/cmake/3.16.4/share/cmake/Modules/FindMPI/test_mpi.c
/usr/local/Cellar/cmake/3.16.4/share/cmake/Modules/FindMPI/test_mpi.c:1:10: fatal error: 'mpi.h' file not found
#include <mpi.h>
         ^~~~~~~
1 error generated.
make[1]: *** [CMakeFiles/cmTC_2fe24.dir/test_mpi.c.o] Error 1
make: *** [cmTC_2fe24/fast] Error 2



The MPI test test_mpi for CXX in mode normal failed to compile with the following output:
Change Dir: /Users/vikramansathiyanarayanan/Desktop/qp_wrappers/build/CMakeFiles/CMakeTmp

Run Build Command(s):/usr/bin/make cmTC_5d57d/fast && /Library/Developer/CommandLineTools/usr/bin/make -f CMakeFiles/cmTC_5d57d.dir/build.make CMakeFiles/cmTC_5d57d.dir/build
Building CXX object CMakeFiles/cmTC_5d57d.dir/test_mpi.cpp.o
/usr/bin/g++    -std=c++03 -pedantic -Wall -Wextra -Wundef -Wcast-align -Wchar-subscripts -Wnon-virtual-dtor -Wunused-local-typedefs -Wpointer-arith -Wwrite-strings -Wformat-security -Wshorten-64-to-32 -Wenum-conversion -Wc++11-extensions -Wdouble-promotion -Wshadow -Wno-variadic-macros -Wno-long-long -fno-check-new -fno-common -fstrict-aliasing -Qunused-arguments -ansi  -isysroot /Library/Developer/CommandLineTools/SDKs/MacOSX10.15.sdk   -o CMakeFiles/cmTC_5d57d.dir/test_mpi.cpp.o -c /Users/vikramansathiyanarayanan/Desktop/qp_wrappers/build/CMakeFiles/FindMPI/test_mpi.cpp
/Users/vikramansathiyanarayanan/Desktop/qp_wrappers/build/CMakeFiles/FindMPI/test_mpi.cpp:1:10: fatal error: 'mpi.h' file not found
#include <mpi.h>
         ^~~~~~~
1 error generated.
make[1]: *** [CMakeFiles/cmTC_5d57d.dir/test_mpi.cpp.o] Error 1
make: *** [cmTC_5d57d/fast] Error 2



The MPI test test_mpi for C in mode normal failed to compile with the following output:
Change Dir: /Users/vikramansathiyanarayanan/Desktop/qp_wrappers/build/CMakeFiles/CMakeTmp

Run Build Command(s):/usr/bin/make cmTC_cd9b3/fast && /Library/Developer/CommandLineTools/usr/bin/make -f CMakeFiles/cmTC_cd9b3.dir/build.make CMakeFiles/cmTC_cd9b3.dir/build
Building C object CMakeFiles/cmTC_cd9b3.dir/test_mpi.c.o
/usr/bin/gcc   -isysroot /Library/Developer/CommandLineTools/SDKs/MacOSX10.15.sdk   -o CMakeFiles/cmTC_cd9b3.dir/test_mpi.c.o   -c /usr/local/Cellar/cmake/3.16.4/share/cmake/Modules/FindMPI/test_mpi.c
/usr/local/Cellar/cmake/3.16.4/share/cmake/Modules/FindMPI/test_mpi.c:1:10: fatal error: 'mpi.h' file not found
#include <mpi.h>
         ^~~~~~~
1 error generated.
make[1]: *** [CMakeFiles/cmTC_cd9b3.dir/test_mpi.c.o] Error 1
make: *** [cmTC_cd9b3/fast] Error 2



The MPI test test_mpi for CXX in mode normal failed to compile with the following output:
Change Dir: /Users/vikramansathiyanarayanan/Desktop/qp_wrappers/build/CMakeFiles/CMakeTmp

Run Build Command(s):/usr/bin/make cmTC_ec3fc/fast && /Library/Developer/CommandLineTools/usr/bin/make -f CMakeFiles/cmTC_ec3fc.dir/build.make CMakeFiles/cmTC_ec3fc.dir/build
Building CXX object CMakeFiles/cmTC_ec3fc.dir/test_mpi.cpp.o
/usr/bin/g++    -std=c++03 -pedantic -Wall -Wextra -Wundef -Wcast-align -Wchar-subscripts -Wnon-virtual-dtor -Wunused-local-typedefs -Wpointer-arith -Wwrite-strings -Wformat-security -Wshorten-64-to-32 -Wenum-conversion -Wc++11-extensions -Wdouble-promotion -Wshadow -Wno-variadic-macros -Wno-long-long -fno-check-new -fno-common -fstrict-aliasing -Qunused-arguments -ansi  -isysroot /Library/Developer/CommandLineTools/SDKs/MacOSX10.15.sdk   -o CMakeFiles/cmTC_ec3fc.dir/test_mpi.cpp.o -c /Users/vikramansathiyanarayanan/Desktop/qp_wrappers/build/CMakeFiles/FindMPI/test_mpi.cpp
/Users/vikramansathiyanarayanan/Desktop/qp_wrappers/build/CMakeFiles/FindMPI/test_mpi.cpp:1:10: fatal error: 'mpi.h' file not found
#include <mpi.h>
         ^~~~~~~
1 error generated.
make[1]: *** [CMakeFiles/cmTC_ec3fc.dir/test_mpi.cpp.o] Error 1
make: *** [cmTC_ec3fc/fast] Error 2



The MPI test test_mpi for C in mode normal failed to compile with the following output:
Change Dir: /Users/vikramansathiyanarayanan/Desktop/qp_wrappers/build/CMakeFiles/CMakeTmp

Run Build Command(s):/usr/bin/make cmTC_0c8ee/fast && /Library/Developer/CommandLineTools/usr/bin/make -f CMakeFiles/cmTC_0c8ee.dir/build.make CMakeFiles/cmTC_0c8ee.dir/build
Building C object CMakeFiles/cmTC_0c8ee.dir/test_mpi.c.o
/usr/bin/gcc   -isysroot /Library/Developer/CommandLineTools/SDKs/MacOSX10.15.sdk   -o CMakeFiles/cmTC_0c8ee.dir/test_mpi.c.o   -c /usr/local/Cellar/cmake/3.16.4/share/cmake/Modules/FindMPI/test_mpi.c
/usr/local/Cellar/cmake/3.16.4/share/cmake/Modules/FindMPI/test_mpi.c:1:10: fatal error: 'mpi.h' file not found
#include <mpi.h>
         ^~~~~~~
1 error generated.
make[1]: *** [CMakeFiles/cmTC_0c8ee.dir/test_mpi.c.o] Error 1
make: *** [cmTC_0c8ee/fast] Error 2



The MPI test test_mpi for CXX in mode normal failed to compile with the following output:
Change Dir: /Users/vikramansathiyanarayanan/Desktop/qp_wrappers/build/CMakeFiles/CMakeTmp

Run Build Command(s):/usr/bin/make cmTC_86892/fast && /Library/Developer/CommandLineTools/usr/bin/make -f CMakeFiles/cmTC_86892.dir/build.make CMakeFiles/cmTC_86892.dir/build
Building CXX object CMakeFiles/cmTC_86892.dir/test_mpi.cpp.o
/usr/bin/g++    -std=c++03 -pedantic -Wall -Wextra -Wundef -Wcast-align -Wchar-subscripts -Wnon-virtual-dtor -Wunused-local-typedefs -Wpointer-arith -Wwrite-strings -Wformat-security -Wshorten-64-to-32 -Wenum-conversion -Wc++11-extensions -Wdouble-promotion -Wshadow -Wno-variadic-macros -Wno-long-long -fno-check-new -fno-common -fstrict-aliasing -Qunused-arguments -ansi  -isysroot /Library/Developer/CommandLineTools/SDKs/MacOSX10.15.sdk   -o CMakeFiles/cmTC_86892.dir/test_mpi.cpp.o -c /Users/vikramansathiyanarayanan/Desktop/qp_wrappers/build/CMakeFiles/FindMPI/test_mpi.cpp
/Users/vikramansathiyanarayanan/Desktop/qp_wrappers/build/CMakeFiles/FindMPI/test_mpi.cpp:1:10: fatal error: 'mpi.h' file not found
#include <mpi.h>
         ^~~~~~~
1 error generated.
make[1]: *** [CMakeFiles/cmTC_86892.dir/test_mpi.cpp.o] Error 1
make: *** [cmTC_86892/fast] Error 2



The MPI test test_mpi for C in mode normal failed to compile with the following output:
Change Dir: /Users/vikramansathiyanarayanan/Desktop/qp_wrappers/build/CMakeFiles/CMakeTmp

Run Build Command(s):/usr/bin/make cmTC_43e8f/fast && /Library/Developer/CommandLineTools/usr/bin/make -f CMakeFiles/cmTC_43e8f.dir/build.make CMakeFiles/cmTC_43e8f.dir/build
Building C object CMakeFiles/cmTC_43e8f.dir/test_mpi.c.o
/usr/bin/gcc   -isysroot /Library/Developer/CommandLineTools/SDKs/MacOSX10.15.sdk   -o CMakeFiles/cmTC_43e8f.dir/test_mpi.c.o   -c /usr/local/Cellar/cmake/3.16.4/share/cmake/Modules/FindMPI/test_mpi.c
/usr/local/Cellar/cmake/3.16.4/share/cmake/Modules/FindMPI/test_mpi.c:1:10: fatal error: 'mpi.h' file not found
#include <mpi.h>
         ^~~~~~~
1 error generated.
make[1]: *** [CMakeFiles/cmTC_43e8f.dir/test_mpi.c.o] Error 1
make: *** [cmTC_43e8f/fast] Error 2



The MPI test test_mpi for CXX in mode normal failed to compile with the following output:
Change Dir: /Users/vikramansathiyanarayanan/Desktop/qp_wrappers/build/CMakeFiles/CMakeTmp

Run Build Command(s):/usr/bin/make cmTC_d1247/fast && /Library/Developer/CommandLineTools/usr/bin/make -f CMakeFiles/cmTC_d1247.dir/build.make CMakeFiles/cmTC_d1247.dir/build
Building CXX object CMakeFiles/cmTC_d1247.dir/test_mpi.cpp.o
/usr/bin/g++    -std=c++03 -pedantic -Wall -Wextra -Wundef -Wcast-align -Wchar-subscripts -Wnon-virtual-dtor -Wunused-local-typedefs -Wpointer-arith -Wwrite-strings -Wformat-security -Wshorten-64-to-32 -Wenum-conversion -Wc++11-extensions -Wdouble-promotion -Wshadow -Wno-variadic-macros -Wno-long-long -fno-check-new -fno-common -fstrict-aliasing -Qunused-arguments -ansi  -isysroot /Library/Developer/CommandLineTools/SDKs/MacOSX10.15.sdk   -o CMakeFiles/cmTC_d1247.dir/test_mpi.cpp.o -c /Users/vikramansathiyanarayanan/Desktop/qp_wrappers/build/CMakeFiles/FindMPI/test_mpi.cpp
/Users/vikramansathiyanarayanan/Desktop/qp_wrappers/build/CMakeFiles/FindMPI/test_mpi.cpp:1:10: fatal error: 'mpi.h' file not found
#include <mpi.h>
         ^~~~~~~
1 error generated.
make[1]: *** [CMakeFiles/cmTC_d1247.dir/test_mpi.cpp.o] Error 1
make: *** [cmTC_d1247/fast] Error 2



The MPI test test_mpi for C in mode normal failed to compile with the following output:
Change Dir: /Users/vikramansathiyanarayanan/Desktop/qp_wrappers/build/CMakeFiles/CMakeTmp

Run Build Command(s):/usr/bin/make cmTC_b9de4/fast && /Library/Developer/CommandLineTools/usr/bin/make -f CMakeFiles/cmTC_b9de4.dir/build.make CMakeFiles/cmTC_b9de4.dir/build
Building C object CMakeFiles/cmTC_b9de4.dir/test_mpi.c.o
/usr/bin/gcc   -isysroot /Library/Developer/CommandLineTools/SDKs/MacOSX10.15.sdk   -o CMakeFiles/cmTC_b9de4.dir/test_mpi.c.o   -c /usr/local/Cellar/cmake/3.16.4/share/cmake/Modules/FindMPI/test_mpi.c
/usr/local/Cellar/cmake/3.16.4/share/cmake/Modules/FindMPI/test_mpi.c:1:10: fatal error: 'mpi.h' file not found
#include <mpi.h>
         ^~~~~~~
1 error generated.
make[1]: *** [CMakeFiles/cmTC_b9de4.dir/test_mpi.c.o] Error 1
make: *** [cmTC_b9de4/fast] Error 2



The MPI test test_mpi for CXX in mode normal failed to compile with the following output:
Change Dir: /Users/vikramansathiyanarayanan/Desktop/qp_wrappers/build/CMakeFiles/CMakeTmp

Run Build Command(s):/usr/bin/make cmTC_464b0/fast && /Library/Developer/CommandLineTools/usr/bin/make -f CMakeFiles/cmTC_464b0.dir/build.make CMakeFiles/cmTC_464b0.dir/build
Building CXX object CMakeFiles/cmTC_464b0.dir/test_mpi.cpp.o
/usr/bin/g++    -std=c++03 -pedantic -Wall -Wextra -Wundef -Wcast-align -Wchar-subscripts -Wnon-virtual-dtor -Wunused-local-typedefs -Wpointer-arith -Wwrite-strings -Wformat-security -Wshorten-64-to-32 -Wenum-conversion -Wc++11-extensions -Wdouble-promotion -Wshadow -Wno-variadic-macros -Wno-long-long -fno-check-new -fno-common -fstrict-aliasing -Qunused-arguments -ansi  -isysroot /Library/Developer/CommandLineTools/SDKs/MacOSX10.15.sdk   -o CMakeFiles/cmTC_464b0.dir/test_mpi.cpp.o -c /Users/vikramansathiyanarayanan/Desktop/qp_wrappers/build/CMakeFiles/FindMPI/test_mpi.cpp
/Users/vikramansathiyanarayanan/Desktop/qp_wrappers/build/CMakeFiles/FindMPI/test_mpi.cpp:1:10: fatal error: 'mpi.h' file not found
#include <mpi.h>
         ^~~~~~~
1 error generated.
make[1]: *** [CMakeFiles/cmTC_464b0.dir/test_mpi.cpp.o] Error 1
make: *** [cmTC_464b0/fast] Error 2



The MPI test test_mpi for C in mode normal failed to compile with the following output:
Change Dir: /Users/vikramansathiyanarayanan/Desktop/qp_wrappers/build/CMakeFiles/CMakeTmp

Run Build Command(s):/usr/bin/make cmTC_ae465/fast && /Library/Developer/CommandLineTools/usr/bin/make -f CMakeFiles/cmTC_ae465.dir/build.make CMakeFiles/cmTC_ae465.dir/build
Building C object CMakeFiles/cmTC_ae465.dir/test_mpi.c.o
/usr/bin/gcc   -isysroot /Library/Developer/CommandLineTools/SDKs/MacOSX10.15.sdk   -o CMakeFiles/cmTC_ae465.dir/test_mpi.c.o   -c /usr/local/Cellar/cmake/3.16.4/share/cmake/Modules/FindMPI/test_mpi.c
/usr/local/Cellar/cmake/3.16.4/share/cmake/Modules/FindMPI/test_mpi.c:1:10: fatal error: 'mpi.h' file not found
#include <mpi.h>
         ^~~~~~~
1 error generated.
make[1]: *** [CMakeFiles/cmTC_ae465.dir/test_mpi.c.o] Error 1
make: *** [cmTC_ae465/fast] Error 2



The MPI test test_mpi for CXX in mode normal failed to compile with the following output:
Change Dir: /Users/vikramansathiyanarayanan/Desktop/qp_wrappers/build/CMakeFiles/CMakeTmp

Run Build Command(s):/usr/bin/make cmTC_86ff9/fast && /Library/Developer/CommandLineTools/usr/bin/make -f CMakeFiles/cmTC_86ff9.dir/build.make CMakeFiles/cmTC_86ff9.dir/build
Building CXX object CMakeFiles/cmTC_86ff9.dir/test_mpi.cpp.o
/usr/bin/g++    -std=c++03 -pedantic -Wall -Wextra -Wundef -Wcast-align -Wchar-subscripts -Wnon-virtual-dtor -Wunused-local-typedefs -Wpointer-arith -Wwrite-strings -Wformat-security -Wshorten-64-to-32 -Wenum-conversion -Wc++11-extensions -Wdouble-promotion -Wshadow -Wno-variadic-macros -Wno-long-long -fno-check-new -fno-common -fstrict-aliasing -Qunused-arguments -ansi  -isysroot /Library/Developer/CommandLineTools/SDKs/MacOSX10.15.sdk   -o CMakeFiles/cmTC_86ff9.dir/test_mpi.cpp.o -c /Users/vikramansathiyanarayanan/Desktop/qp_wrappers/build/CMakeFiles/FindMPI/test_mpi.cpp
/Users/vikramansathiyanarayanan/Desktop/qp_wrappers/build/CMakeFiles/FindMPI/test_mpi.cpp:1:10: fatal error: 'mpi.h' file not found
#include <mpi.h>
         ^~~~~~~
1 error generated.
make[1]: *** [CMakeFiles/cmTC_86ff9.dir/test_mpi.cpp.o] Error 1
make: *** [cmTC_86ff9/fast] Error 2



The MPI test test_mpi for C in mode normal failed to compile with the following output:
Change Dir: /Users/vikramansathiyanarayanan/Desktop/qp_wrappers/build/CMakeFiles/CMakeTmp

Run Build Command(s):/usr/bin/make cmTC_8a1b0/fast && /Library/Developer/CommandLineTools/usr/bin/make -f CMakeFiles/cmTC_8a1b0.dir/build.make CMakeFiles/cmTC_8a1b0.dir/build
Building C object CMakeFiles/cmTC_8a1b0.dir/test_mpi.c.o
/usr/bin/gcc   -isysroot /Library/Developer/CommandLineTools/SDKs/MacOSX10.15.sdk   -o CMakeFiles/cmTC_8a1b0.dir/test_mpi.c.o   -c /usr/local/Cellar/cmake/3.16.4/share/cmake/Modules/FindMPI/test_mpi.c
/usr/local/Cellar/cmake/3.16.4/share/cmake/Modules/FindMPI/test_mpi.c:1:10: fatal error: 'mpi.h' file not found
#include <mpi.h>
         ^~~~~~~
1 error generated.
make[1]: *** [CMakeFiles/cmTC_8a1b0.dir/test_mpi.c.o] Error 1
make: *** [cmTC_8a1b0/fast] Error 2



The MPI test test_mpi for CXX in mode normal failed to compile with the following output:
Change Dir: /Users/vikramansathiyanarayanan/Desktop/qp_wrappers/build/CMakeFiles/CMakeTmp

Run Build Command(s):/usr/bin/make cmTC_8f737/fast && /Library/Developer/CommandLineTools/usr/bin/make -f CMakeFiles/cmTC_8f737.dir/build.make CMakeFiles/cmTC_8f737.dir/build
Building CXX object CMakeFiles/cmTC_8f737.dir/test_mpi.cpp.o
/usr/bin/g++    -std=c++03 -pedantic -Wall -Wextra -Wundef -Wcast-align -Wchar-subscripts -Wnon-virtual-dtor -Wunused-local-typedefs -Wpointer-arith -Wwrite-strings -Wformat-security -Wshorten-64-to-32 -Wenum-conversion -Wc++11-extensions -Wdouble-promotion -Wshadow -Wno-variadic-macros -Wno-long-long -fno-check-new -fno-common -fstrict-aliasing -Qunused-arguments -ansi  -isysroot /Library/Developer/CommandLineTools/SDKs/MacOSX10.15.sdk   -o CMakeFiles/cmTC_8f737.dir/test_mpi.cpp.o -c /Users/vikramansathiyanarayanan/Desktop/qp_wrappers/build/CMakeFiles/FindMPI/test_mpi.cpp
/Users/vikramansathiyanarayanan/Desktop/qp_wrappers/build/CMakeFiles/FindMPI/test_mpi.cpp:1:10: fatal error: 'mpi.h' file not found
#include <mpi.h>
         ^~~~~~~
1 error generated.
make[1]: *** [CMakeFiles/cmTC_8f737.dir/test_mpi.cpp.o] Error 1
make: *** [cmTC_8f737/fast] Error 2



The MPI test test_mpi for C in mode normal failed to compile with the following output:
Change Dir: /Users/vikramansathiyanarayanan/Desktop/qp_wrappers/build/CMakeFiles/CMakeTmp

Run Build Command(s):/usr/bin/make cmTC_e0cdd/fast && /Library/Developer/CommandLineTools/usr/bin/make -f CMakeFiles/cmTC_e0cdd.dir/build.make CMakeFiles/cmTC_e0cdd.dir/build
Building C object CMakeFiles/cmTC_e0cdd.dir/test_mpi.c.o
/usr/bin/gcc   -isysroot /Library/Developer/CommandLineTools/SDKs/MacOSX10.15.sdk   -o CMakeFiles/cmTC_e0cdd.dir/test_mpi.c.o   -c /usr/local/Cellar/cmake/3.16.4/share/cmake/Modules/FindMPI/test_mpi.c
/usr/local/Cellar/cmake/3.16.4/share/cmake/Modules/FindMPI/test_mpi.c:1:10: fatal error: 'mpi.h' file not found
#include <mpi.h>
         ^~~~~~~
1 error generated.
make[1]: *** [CMakeFiles/cmTC_e0cdd.dir/test_mpi.c.o] Error 1
make: *** [cmTC_e0cdd/fast] Error 2



The MPI test test_mpi for CXX in mode normal failed to compile with the following output:
Change Dir: /Users/vikramansathiyanarayanan/Desktop/qp_wrappers/build/CMakeFiles/CMakeTmp

Run Build Command(s):/usr/bin/make cmTC_2c124/fast && /Library/Developer/CommandLineTools/usr/bin/make -f CMakeFiles/cmTC_2c124.dir/build.make CMakeFiles/cmTC_2c124.dir/build
Building CXX object CMakeFiles/cmTC_2c124.dir/test_mpi.cpp.o
/usr/bin/g++    -std=c++03 -pedantic -Wall -Wextra -Wundef -Wcast-align -Wchar-subscripts -Wnon-virtual-dtor -Wunused-local-typedefs -Wpointer-arith -Wwrite-strings -Wformat-security -Wshorten-64-to-32 -Wenum-conversion -Wc++11-extensions -Wdouble-promotion -Wshadow -Wno-variadic-macros -Wno-long-long -fno-check-new -fno-common -fstrict-aliasing -Qunused-arguments -ansi  -isysroot /Library/Developer/CommandLineTools/SDKs/MacOSX10.15.sdk   -o CMakeFiles/cmTC_2c124.dir/test_mpi.cpp.o -c /Users/vikramansathiyanarayanan/Desktop/qp_wrappers/build/CMakeFiles/FindMPI/test_mpi.cpp
/Users/vikramansathiyanarayanan/Desktop/qp_wrappers/build/CMakeFiles/FindMPI/test_mpi.cpp:1:10: fatal error: 'mpi.h' file not found
#include <mpi.h>
         ^~~~~~~
1 error generated.
make[1]: *** [CMakeFiles/cmTC_2c124.dir/test_mpi.cpp.o] Error 1
make: *** [cmTC_2c124/fast] Error 2



The MPI test test_mpi for C in mode normal failed to compile with the following output:
Change Dir: /Users/vikramansathiyanarayanan/Desktop/qp_wrappers/build/CMakeFiles/CMakeTmp

Run Build Command(s):/usr/bin/make cmTC_40e8a/fast && /Library/Developer/CommandLineTools/usr/bin/make -f CMakeFiles/cmTC_40e8a.dir/build.make CMakeFiles/cmTC_40e8a.dir/build
Building C object CMakeFiles/cmTC_40e8a.dir/test_mpi.c.o
/usr/bin/gcc   -isysroot /Library/Developer/CommandLineTools/SDKs/MacOSX10.15.sdk   -o CMakeFiles/cmTC_40e8a.dir/test_mpi.c.o   -c /usr/local/Cellar/cmake/3.16.4/share/cmake/Modules/FindMPI/test_mpi.c
/usr/local/Cellar/cmake/3.16.4/share/cmake/Modules/FindMPI/test_mpi.c:1:10: fatal error: 'mpi.h' file not found
#include <mpi.h>
         ^~~~~~~
1 error generated.
make[2]: *** [CMakeFiles/cmTC_40e8a.dir/test_mpi.c.o] Error 1
make[1]: *** [cmTC_40e8a/fast] Error 2



The MPI test test_mpi for CXX in mode normal failed to compile with the following output:
Change Dir: /Users/vikramansathiyanarayanan/Desktop/qp_wrappers/build/CMakeFiles/CMakeTmp

Run Build Command(s):/usr/bin/make cmTC_6a850/fast && /Library/Developer/CommandLineTools/usr/bin/make -f CMakeFiles/cmTC_6a850.dir/build.make CMakeFiles/cmTC_6a850.dir/build
Building CXX object CMakeFiles/cmTC_6a850.dir/test_mpi.cpp.o
/usr/bin/g++    -std=c++03 -pedantic -Wall -Wextra -Wundef -Wcast-align -Wchar-subscripts -Wnon-virtual-dtor -Wunused-local-typedefs -Wpointer-arith -Wwrite-strings -Wformat-security -Wshorten-64-to-32 -Wenum-conversion -Wc++11-extensions -Wdouble-promotion -Wshadow -Wno-variadic-macros -Wno-long-long -fno-check-new -fno-common -fstrict-aliasing -Qunused-arguments -ansi  -isysroot /Library/Developer/CommandLineTools/SDKs/MacOSX10.15.sdk   -o CMakeFiles/cmTC_6a850.dir/test_mpi.cpp.o -c /Users/vikramansathiyanarayanan/Desktop/qp_wrappers/build/CMakeFiles/FindMPI/test_mpi.cpp
/Users/vikramansathiyanarayanan/Desktop/qp_wrappers/build/CMakeFiles/FindMPI/test_mpi.cpp:1:10: fatal error: 'mpi.h' file not found
#include <mpi.h>
         ^~~~~~~
1 error generated.
make[2]: *** [CMakeFiles/cmTC_6a850.dir/test_mpi.cpp.o] Error 1
make[1]: *** [cmTC_6a850/fast] Error 2



The MPI test test_mpi for C in mode normal failed to compile with the following output:
Change Dir: /Users/vikramansathiyanarayanan/Desktop/qp_wrappers/build/CMakeFiles/CMakeTmp

Run Build Command(s):/usr/bin/make cmTC_26ecb/fast && /Library/Developer/CommandLineTools/usr/bin/make -f CMakeFiles/cmTC_26ecb.dir/build.make CMakeFiles/cmTC_26ecb.dir/build
Building C object CMakeFiles/cmTC_26ecb.dir/test_mpi.c.o
/usr/bin/gcc   -isysroot /Library/Developer/CommandLineTools/SDKs/MacOSX10.15.sdk   -o CMakeFiles/cmTC_26ecb.dir/test_mpi.c.o   -c /usr/local/Cellar/cmake/3.16.4/share/cmake/Modules/FindMPI/test_mpi.c
/usr/local/Cellar/cmake/3.16.4/share/cmake/Modules/FindMPI/test_mpi.c:1:10: fatal error: 'mpi.h' file not found
#include <mpi.h>
         ^~~~~~~
1 error generated.
make[2]: *** [CMakeFiles/cmTC_26ecb.dir/test_mpi.c.o] Error 1
make[1]: *** [cmTC_26ecb/fast] Error 2



The MPI test test_mpi for CXX in mode normal failed to compile with the following output:
Change Dir: /Users/vikramansathiyanarayanan/Desktop/qp_wrappers/build/CMakeFiles/CMakeTmp

Run Build Command(s):/usr/bin/make cmTC_0e089/fast && /Library/Developer/CommandLineTools/usr/bin/make -f CMakeFiles/cmTC_0e089.dir/build.make CMakeFiles/cmTC_0e089.dir/build
Building CXX object CMakeFiles/cmTC_0e089.dir/test_mpi.cpp.o
/usr/bin/g++    -std=c++03 -pedantic -Wall -Wextra -Wundef -Wcast-align -Wchar-subscripts -Wnon-virtual-dtor -Wunused-local-typedefs -Wpointer-arith -Wwrite-strings -Wformat-security -Wshorten-64-to-32 -Wenum-conversion -Wc++11-extensions -Wdouble-promotion -Wshadow -Wno-variadic-macros -Wno-long-long -fno-check-new -fno-common -fstrict-aliasing -Qunused-arguments -ansi  -isysroot /Library/Developer/CommandLineTools/SDKs/MacOSX10.15.sdk   -o CMakeFiles/cmTC_0e089.dir/test_mpi.cpp.o -c /Users/vikramansathiyanarayanan/Desktop/qp_wrappers/build/CMakeFiles/FindMPI/test_mpi.cpp
/Users/vikramansathiyanarayanan/Desktop/qp_wrappers/build/CMakeFiles/FindMPI/test_mpi.cpp:1:10: fatal error: 'mpi.h' file not found
#include <mpi.h>
         ^~~~~~~
1 error generated.
make[2]: *** [CMakeFiles/cmTC_0e089.dir/test_mpi.cpp.o] Error 1
make[1]: *** [cmTC_0e089/fast] Error 2



The MPI test test_mpi for C in mode normal failed to compile with the following output:
Change Dir: /Users/vikramansathiyanarayanan/Desktop/qp_wrappers/build/CMakeFiles/CMakeTmp

Run Build Command(s):/usr/bin/make cmTC_36c3a/fast && /Library/Developer/CommandLineTools/usr/bin/make -f CMakeFiles/cmTC_36c3a.dir/build.make CMakeFiles/cmTC_36c3a.dir/build
Building C object CMakeFiles/cmTC_36c3a.dir/test_mpi.c.o
/usr/bin/gcc   -isysroot /Library/Developer/CommandLineTools/SDKs/MacOSX10.15.sdk   -o CMakeFiles/cmTC_36c3a.dir/test_mpi.c.o   -c /usr/local/Cellar/cmake/3.16.4/share/cmake/Modules/FindMPI/test_mpi.c
/usr/local/Cellar/cmake/3.16.4/share/cmake/Modules/FindMPI/test_mpi.c:1:10: fatal error: 'mpi.h' file not found
#include <mpi.h>
         ^~~~~~~
1 error generated.
make[1]: *** [CMakeFiles/cmTC_36c3a.dir/test_mpi.c.o] Error 1
make: *** [cmTC_36c3a/fast] Error 2



The MPI test test_mpi for CXX in mode normal failed to compile with the following output:
Change Dir: /Users/vikramansathiyanarayanan/Desktop/qp_wrappers/build/CMakeFiles/CMakeTmp

Run Build Command(s):/usr/bin/make cmTC_783ae/fast && /Library/Developer/CommandLineTools/usr/bin/make -f CMakeFiles/cmTC_783ae.dir/build.make CMakeFiles/cmTC_783ae.dir/build
Building CXX object CMakeFiles/cmTC_783ae.dir/test_mpi.cpp.o
/usr/bin/g++    -std=c++03 -pedantic -Wall -Wextra -Wundef -Wcast-align -Wchar-subscripts -Wnon-virtual-dtor -Wunused-local-typedefs -Wpointer-arith -Wwrite-strings -Wformat-security -Wshorten-64-to-32 -Wenum-conversion -Wc++11-extensions -Wdouble-promotion -Wshadow -Wno-variadic-macros -Wno-long-long -fno-check-new -fno-common -fstrict-aliasing -Qunused-arguments -ansi  -isysroot /Library/Developer/CommandLineTools/SDKs/MacOSX10.15.sdk   -o CMakeFiles/cmTC_783ae.dir/test_mpi.cpp.o -c /Users/vikramansathiyanarayanan/Desktop/qp_wrappers/build/CMakeFiles/FindMPI/test_mpi.cpp
/Users/vikramansathiyanarayanan/Desktop/qp_wrappers/build/CMakeFiles/FindMPI/test_mpi.cpp:1:10: fatal error: 'mpi.h' file not found
#include <mpi.h>
         ^~~~~~~
1 error generated.
make[1]: *** [CMakeFiles/cmTC_783ae.dir/test_mpi.cpp.o] Error 1
make: *** [cmTC_783ae/fast] Error 2



The MPI test test_mpi for C in mode normal failed to compile with the following output:
Change Dir: /Users/vikramansathiyanarayanan/Desktop/qp_wrappers/build/CMakeFiles/CMakeTmp

Run Build Command(s):/usr/bin/make cmTC_e425b/fast && /Library/Developer/CommandLineTools/usr/bin/make -f CMakeFiles/cmTC_e425b.dir/build.make CMakeFiles/cmTC_e425b.dir/build
Building C object CMakeFiles/cmTC_e425b.dir/test_mpi.c.o
/usr/bin/gcc   -isysroot /Library/Developer/CommandLineTools/SDKs/MacOSX10.15.sdk   -o CMakeFiles/cmTC_e425b.dir/test_mpi.c.o   -c /usr/local/Cellar/cmake/3.16.4/share/cmake/Modules/FindMPI/test_mpi.c
/usr/local/Cellar/cmake/3.16.4/share/cmake/Modules/FindMPI/test_mpi.c:1:10: fatal error: 'mpi.h' file not found
#include <mpi.h>
         ^~~~~~~
1 error generated.
make[1]: *** [CMakeFiles/cmTC_e425b.dir/test_mpi.c.o] Error 1
make: *** [cmTC_e425b/fast] Error 2



The MPI test test_mpi for CXX in mode normal failed to compile with the following output:
Change Dir: /Users/vikramansathiyanarayanan/Desktop/qp_wrappers/build/CMakeFiles/CMakeTmp

Run Build Command(s):/usr/bin/make cmTC_9ee00/fast && /Library/Developer/CommandLineTools/usr/bin/make -f CMakeFiles/cmTC_9ee00.dir/build.make CMakeFiles/cmTC_9ee00.dir/build
Building CXX object CMakeFiles/cmTC_9ee00.dir/test_mpi.cpp.o
/usr/bin/g++    -std=c++03 -pedantic -Wall -Wextra -Wundef -Wcast-align -Wchar-subscripts -Wnon-virtual-dtor -Wunused-local-typedefs -Wpointer-arith -Wwrite-strings -Wformat-security -Wshorten-64-to-32 -Wenum-conversion -Wc++11-extensions -Wdouble-promotion -Wshadow -Wno-variadic-macros -Wno-long-long -fno-check-new -fno-common -fstrict-aliasing -Qunused-arguments -ansi  -isysroot /Library/Developer/CommandLineTools/SDKs/MacOSX10.15.sdk   -o CMakeFiles/cmTC_9ee00.dir/test_mpi.cpp.o -c /Users/vikramansathiyanarayanan/Desktop/qp_wrappers/build/CMakeFiles/FindMPI/test_mpi.cpp
/Users/vikramansathiyanarayanan/Desktop/qp_wrappers/build/CMakeFiles/FindMPI/test_mpi.cpp:1:10: fatal error: 'mpi.h' file not found
#include <mpi.h>
         ^~~~~~~
1 error generated.
make[1]: *** [CMakeFiles/cmTC_9ee00.dir/test_mpi.cpp.o] Error 1
make: *** [cmTC_9ee00/fast] Error 2



The MPI test test_mpi for C in mode normal failed to compile with the following output:
Change Dir: /Users/vikramansathiyanarayanan/Desktop/qp_wrappers/build/CMakeFiles/CMakeTmp

Run Build Command(s):/usr/bin/make cmTC_5c8c3/fast && /Library/Developer/CommandLineTools/usr/bin/make -f CMakeFiles/cmTC_5c8c3.dir/build.make CMakeFiles/cmTC_5c8c3.dir/build
Building C object CMakeFiles/cmTC_5c8c3.dir/test_mpi.c.o
/usr/bin/gcc   -isysroot /Library/Developer/CommandLineTools/SDKs/MacOSX10.15.sdk   -o CMakeFiles/cmTC_5c8c3.dir/test_mpi.c.o   -c /usr/local/Cellar/cmake/3.16.4/share/cmake/Modules/FindMPI/test_mpi.c
/usr/local/Cellar/cmake/3.16.4/share/cmake/Modules/FindMPI/test_mpi.c:1:10: fatal error: 'mpi.h' file not found
#include <mpi.h>
         ^~~~~~~
1 error generated.
make[1]: *** [CMakeFiles/cmTC_5c8c3.dir/test_mpi.c.o] Error 1
make: *** [cmTC_5c8c3/fast] Error 2



The MPI test test_mpi for CXX in mode normal failed to compile with the following output:
Change Dir: /Users/vikramansathiyanarayanan/Desktop/qp_wrappers/build/CMakeFiles/CMakeTmp

Run Build Command(s):/usr/bin/make cmTC_a46e6/fast && /Library/Developer/CommandLineTools/usr/bin/make -f CMakeFiles/cmTC_a46e6.dir/build.make CMakeFiles/cmTC_a46e6.dir/build
Building CXX object CMakeFiles/cmTC_a46e6.dir/test_mpi.cpp.o
/usr/bin/g++    -std=c++03 -pedantic -Wall -Wextra -Wundef -Wcast-align -Wchar-subscripts -Wnon-virtual-dtor -Wunused-local-typedefs -Wpointer-arith -Wwrite-strings -Wformat-security -Wshorten-64-to-32 -Wenum-conversion -Wc++11-extensions -Wdouble-promotion -Wshadow -Wno-variadic-macros -Wno-long-long -fno-check-new -fno-common -fstrict-aliasing -Qunused-arguments -ansi  -isysroot /Library/Developer/CommandLineTools/SDKs/MacOSX10.15.sdk   -o CMakeFiles/cmTC_a46e6.dir/test_mpi.cpp.o -c /Users/vikramansathiyanarayanan/Desktop/qp_wrappers/build/CMakeFiles/FindMPI/test_mpi.cpp
/Users/vikramansathiyanarayanan/Desktop/qp_wrappers/build/CMakeFiles/FindMPI/test_mpi.cpp:1:10: fatal error: 'mpi.h' file not found
#include <mpi.h>
         ^~~~~~~
1 error generated.
make[1]: *** [CMakeFiles/cmTC_a46e6.dir/test_mpi.cpp.o] Error 1
make: *** [cmTC_a46e6/fast] Error 2



The MPI test test_mpi for C in mode normal failed to compile with the following output:
Change Dir: /Users/vikramansathiyanarayanan/Desktop/qp_wrappers/build/CMakeFiles/CMakeTmp

Run Build Command(s):/usr/bin/make cmTC_698ad/fast && /Library/Developer/CommandLineTools/usr/bin/make -f CMakeFiles/cmTC_698ad.dir/build.make CMakeFiles/cmTC_698ad.dir/build
Building C object CMakeFiles/cmTC_698ad.dir/test_mpi.c.o
/usr/bin/gcc   -isysroot /Library/Developer/CommandLineTools/SDKs/MacOSX10.15.sdk   -o CMakeFiles/cmTC_698ad.dir/test_mpi.c.o   -c /usr/local/Cellar/cmake/3.16.4/share/cmake/Modules/FindMPI/test_mpi.c
/usr/local/Cellar/cmake/3.16.4/share/cmake/Modules/FindMPI/test_mpi.c:1:10: fatal error: 'mpi.h' file not found
#include <mpi.h>
         ^~~~~~~
1 error generated.
make[1]: *** [CMakeFiles/cmTC_698ad.dir/test_mpi.c.o] Error 1
make: *** [cmTC_698ad/fast] Error 2



The MPI test test_mpi for CXX in mode normal failed to compile with the following output:
Change Dir: /Users/vikramansathiyanarayanan/Desktop/qp_wrappers/build/CMakeFiles/CMakeTmp

Run Build Command(s):/usr/bin/make cmTC_bdf90/fast && /Library/Developer/CommandLineTools/usr/bin/make -f CMakeFiles/cmTC_bdf90.dir/build.make CMakeFiles/cmTC_bdf90.dir/build
Building CXX object CMakeFiles/cmTC_bdf90.dir/test_mpi.cpp.o
/usr/bin/g++    -std=c++03 -pedantic -Wall -Wextra -Wundef -Wcast-align -Wchar-subscripts -Wnon-virtual-dtor -Wunused-local-typedefs -Wpointer-arith -Wwrite-strings -Wformat-security -Wshorten-64-to-32 -Wenum-conversion -Wc++11-extensions -Wdouble-promotion -Wshadow -Wno-variadic-macros -Wno-long-long -fno-check-new -fno-common -fstrict-aliasing -Qunused-arguments -ansi  -isysroot /Library/Developer/CommandLineTools/SDKs/MacOSX10.15.sdk   -o CMakeFiles/cmTC_bdf90.dir/test_mpi.cpp.o -c /Users/vikramansathiyanarayanan/Desktop/qp_wrappers/build/CMakeFiles/FindMPI/test_mpi.cpp
/Users/vikramansathiyanarayanan/Desktop/qp_wrappers/build/CMakeFiles/FindMPI/test_mpi.cpp:1:10: fatal error: 'mpi.h' file not found
#include <mpi.h>
         ^~~~~~~
1 error generated.
make[1]: *** [CMakeFiles/cmTC_bdf90.dir/test_mpi.cpp.o] Error 1
make: *** [cmTC_bdf90/fast] Error 2



The MPI test test_mpi for C in mode normal failed to compile with the following output:
Change Dir: /Users/vikramansathiyanarayanan/Desktop/qp_wrappers/build/CMakeFiles/CMakeTmp

Run Build Command(s):/usr/bin/make cmTC_09a65/fast && /Library/Developer/CommandLineTools/usr/bin/make -f CMakeFiles/cmTC_09a65.dir/build.make CMakeFiles/cmTC_09a65.dir/build
Building C object CMakeFiles/cmTC_09a65.dir/test_mpi.c.o
/usr/bin/gcc   -isysroot /Library/Developer/CommandLineTools/SDKs/MacOSX10.15.sdk   -o CMakeFiles/cmTC_09a65.dir/test_mpi.c.o   -c /usr/local/Cellar/cmake/3.16.4/share/cmake/Modules/FindMPI/test_mpi.c
/usr/local/Cellar/cmake/3.16.4/share/cmake/Modules/FindMPI/test_mpi.c:1:10: fatal error: 'mpi.h' file not found
#include <mpi.h>
         ^~~~~~~
1 error generated.
make[1]: *** [CMakeFiles/cmTC_09a65.dir/test_mpi.c.o] Error 1
make: *** [cmTC_09a65/fast] Error 2



The MPI test test_mpi for CXX in mode normal failed to compile with the following output:
Change Dir: /Users/vikramansathiyanarayanan/Desktop/qp_wrappers/build/CMakeFiles/CMakeTmp

Run Build Command(s):/usr/bin/make cmTC_9be14/fast && /Library/Developer/CommandLineTools/usr/bin/make -f CMakeFiles/cmTC_9be14.dir/build.make CMakeFiles/cmTC_9be14.dir/build
Building CXX object CMakeFiles/cmTC_9be14.dir/test_mpi.cpp.o
/usr/bin/g++    -std=c++03 -pedantic -Wall -Wextra -Wundef -Wcast-align -Wchar-subscripts -Wnon-virtual-dtor -Wunused-local-typedefs -Wpointer-arith -Wwrite-strings -Wformat-security -Wshorten-64-to-32 -Wenum-conversion -Wc++11-extensions -Wdouble-promotion -Wshadow -Wno-variadic-macros -Wno-long-long -fno-check-new -fno-common -fstrict-aliasing -Qunused-arguments -ansi  -isysroot /Library/Developer/CommandLineTools/SDKs/MacOSX10.15.sdk   -o CMakeFiles/cmTC_9be14.dir/test_mpi.cpp.o -c /Users/vikramansathiyanarayanan/Desktop/qp_wrappers/build/CMakeFiles/FindMPI/test_mpi.cpp
/Users/vikramansathiyanarayanan/Desktop/qp_wrappers/build/CMakeFiles/FindMPI/test_mpi.cpp:1:10: fatal error: 'mpi.h' file not found
#include <mpi.h>
         ^~~~~~~
1 error generated.
make[1]: *** [CMakeFiles/cmTC_9be14.dir/test_mpi.cpp.o] Error 1
make: *** [cmTC_9be14/fast] Error 2



The MPI test test_mpi for C in mode normal failed to compile with the following output:
Change Dir: /Users/vikramansathiyanarayanan/Desktop/qp_wrappers/build/CMakeFiles/CMakeTmp

Run Build Command(s):/usr/bin/make cmTC_7f32d/fast && /Library/Developer/CommandLineTools/usr/bin/make -f CMakeFiles/cmTC_7f32d.dir/build.make CMakeFiles/cmTC_7f32d.dir/build
Building C object CMakeFiles/cmTC_7f32d.dir/test_mpi.c.o
/usr/bin/gcc   -isysroot /Library/Developer/CommandLineTools/SDKs/MacOSX10.15.sdk   -o CMakeFiles/cmTC_7f32d.dir/test_mpi.c.o   -c /usr/local/Cellar/cmake/3.16.4/share/cmake/Modules/FindMPI/test_mpi.c
/usr/local/Cellar/cmake/3.16.4/share/cmake/Modules/FindMPI/test_mpi.c:1:10: fatal error: 'mpi.h' file not found
#include <mpi.h>
         ^~~~~~~
1 error generated.
make[1]: *** [CMakeFiles/cmTC_7f32d.dir/test_mpi.c.o] Error 1
make: *** [cmTC_7f32d/fast] Error 2



The MPI test test_mpi for CXX in mode normal failed to compile with the following output:
Change Dir: /Users/vikramansathiyanarayanan/Desktop/qp_wrappers/build/CMakeFiles/CMakeTmp

Run Build Command(s):/usr/bin/make cmTC_b92b6/fast && /Library/Developer/CommandLineTools/usr/bin/make -f CMakeFiles/cmTC_b92b6.dir/build.make CMakeFiles/cmTC_b92b6.dir/build
Building CXX object CMakeFiles/cmTC_b92b6.dir/test_mpi.cpp.o
/usr/bin/g++    -std=c++03 -pedantic -Wall -Wextra -Wundef -Wcast-align -Wchar-subscripts -Wnon-virtual-dtor -Wunused-local-typedefs -Wpointer-arith -Wwrite-strings -Wformat-security -Wshorten-64-to-32 -Wenum-conversion -Wc++11-extensions -Wdouble-promotion -Wshadow -Wno-variadic-macros -Wno-long-long -fno-check-new -fno-common -fstrict-aliasing -Qunused-arguments -ansi  -isysroot /Library/Developer/CommandLineTools/SDKs/MacOSX10.15.sdk   -o CMakeFiles/cmTC_b92b6.dir/test_mpi.cpp.o -c /Users/vikramansathiyanarayanan/Desktop/qp_wrappers/build/CMakeFiles/FindMPI/test_mpi.cpp
/Users/vikramansathiyanarayanan/Desktop/qp_wrappers/build/CMakeFiles/FindMPI/test_mpi.cpp:1:10: fatal error: 'mpi.h' file not found
#include <mpi.h>
         ^~~~~~~
1 error generated.
make[1]: *** [CMakeFiles/cmTC_b92b6.dir/test_mpi.cpp.o] Error 1
make: *** [cmTC_b92b6/fast] Error 2



The MPI test test_mpi for C in mode normal failed to compile with the following output:
Change Dir: /Users/vikramansathiyanarayanan/Desktop/qp_wrappers/build/CMakeFiles/CMakeTmp

Run Build Command(s):/usr/bin/make cmTC_800e3/fast && /Library/Developer/CommandLineTools/usr/bin/make -f CMakeFiles/cmTC_800e3.dir/build.make CMakeFiles/cmTC_800e3.dir/build
Building C object CMakeFiles/cmTC_800e3.dir/test_mpi.c.o
/usr/bin/gcc   -isysroot /Library/Developer/CommandLineTools/SDKs/MacOSX10.15.sdk   -o CMakeFiles/cmTC_800e3.dir/test_mpi.c.o   -c /usr/local/Cellar/cmake/3.16.4/share/cmake/Modules/FindMPI/test_mpi.c
/usr/local/Cellar/cmake/3.16.4/share/cmake/Modules/FindMPI/test_mpi.c:1:10: fatal error: 'mpi.h' file not found
#include <mpi.h>
         ^~~~~~~
1 error generated.
make[1]: *** [CMakeFiles/cmTC_800e3.dir/test_mpi.c.o] Error 1
make: *** [cmTC_800e3/fast] Error 2



The MPI test test_mpi for CXX in mode normal failed to compile with the following output:
Change Dir: /Users/vikramansathiyanarayanan/Desktop/qp_wrappers/build/CMakeFiles/CMakeTmp

Run Build Command(s):/usr/bin/make cmTC_a387c/fast && /Library/Developer/CommandLineTools/usr/bin/make -f CMakeFiles/cmTC_a387c.dir/build.make CMakeFiles/cmTC_a387c.dir/build
Building CXX object CMakeFiles/cmTC_a387c.dir/test_mpi.cpp.o
/usr/bin/g++    -std=c++03 -pedantic -Wall -Wextra -Wundef -Wcast-align -Wchar-subscripts -Wnon-virtual-dtor -Wunused-local-typedefs -Wpointer-arith -Wwrite-strings -Wformat-security -Wshorten-64-to-32 -Wenum-conversion -Wc++11-extensions -Wdouble-promotion -Wshadow -Wno-variadic-macros -Wno-long-long -fno-check-new -fno-common -fstrict-aliasing -Qunused-arguments -ansi  -isysroot /Library/Developer/CommandLineTools/SDKs/MacOSX10.15.sdk   -o CMakeFiles/cmTC_a387c.dir/test_mpi.cpp.o -c /Users/vikramansathiyanarayanan/Desktop/qp_wrappers/build/CMakeFiles/FindMPI/test_mpi.cpp
/Users/vikramansathiyanarayanan/Desktop/qp_wrappers/build/CMakeFiles/FindMPI/test_mpi.cpp:1:10: fatal error: 'mpi.h' file not found
#include <mpi.h>
         ^~~~~~~
1 error generated.
make[1]: *** [CMakeFiles/cmTC_a387c.dir/test_mpi.cpp.o] Error 1
make: *** [cmTC_a387c/fast] Error 2



The MPI test test_mpi for C in mode normal failed to compile with the following output:
Change Dir: /Users/vikramansathiyanarayanan/Desktop/qp_wrappers/build/CMakeFiles/CMakeTmp

Run Build Command(s):/usr/bin/make cmTC_e9f7a/fast && /Library/Developer/CommandLineTools/usr/bin/make -f CMakeFiles/cmTC_e9f7a.dir/build.make CMakeFiles/cmTC_e9f7a.dir/build
Building C object CMakeFiles/cmTC_e9f7a.dir/test_mpi.c.o
/usr/bin/gcc   -isysroot /Library/Developer/CommandLineTools/SDKs/MacOSX10.15.sdk   -o CMakeFiles/cmTC_e9f7a.dir/test_mpi.c.o   -c /usr/local/Cellar/cmake/3.16.4/share/cmake/Modules/FindMPI/test_mpi.c
/usr/local/Cellar/cmake/3.16.4/share/cmake/Modules/FindMPI/test_mpi.c:1:10: fatal error: 'mpi.h' file not found
#include <mpi.h>
         ^~~~~~~
1 error generated.
make[1]: *** [CMakeFiles/cmTC_e9f7a.dir/test_mpi.c.o] Error 1
make: *** [cmTC_e9f7a/fast] Error 2



The MPI test test_mpi for CXX in mode normal failed to compile with the following output:
Change Dir: /Users/vikramansathiyanarayanan/Desktop/qp_wrappers/build/CMakeFiles/CMakeTmp

Run Build Command(s):/usr/bin/make cmTC_2a2f5/fast && /Library/Developer/CommandLineTools/usr/bin/make -f CMakeFiles/cmTC_2a2f5.dir/build.make CMakeFiles/cmTC_2a2f5.dir/build
Building CXX object CMakeFiles/cmTC_2a2f5.dir/test_mpi.cpp.o
/usr/bin/g++    -std=c++03 -pedantic -Wall -Wextra -Wundef -Wcast-align -Wchar-subscripts -Wnon-virtual-dtor -Wunused-local-typedefs -Wpointer-arith -Wwrite-strings -Wformat-security -Wshorten-64-to-32 -Wenum-conversion -Wc++11-extensions -Wdouble-promotion -Wshadow -Wno-variadic-macros -Wno-long-long -fno-check-new -fno-common -fstrict-aliasing -Qunused-arguments -ansi  -isysroot /Library/Developer/CommandLineTools/SDKs/MacOSX10.15.sdk   -o CMakeFiles/cmTC_2a2f5.dir/test_mpi.cpp.o -c /Users/vikramansathiyanarayanan/Desktop/qp_wrappers/build/CMakeFiles/FindMPI/test_mpi.cpp
/Users/vikramansathiyanarayanan/Desktop/qp_wrappers/build/CMakeFiles/FindMPI/test_mpi.cpp:1:10: fatal error: 'mpi.h' file not found
#include <mpi.h>
         ^~~~~~~
1 error generated.
make[1]: *** [CMakeFiles/cmTC_2a2f5.dir/test_mpi.cpp.o] Error 1
make: *** [cmTC_2a2f5/fast] Error 2



The MPI test test_mpi for C in mode normal failed to compile with the following output:
Change Dir: /Users/vikramansathiyanarayanan/Desktop/qp_wrappers/build/CMakeFiles/CMakeTmp

Run Build Command(s):/usr/bin/make cmTC_78955/fast && /Library/Developer/CommandLineTools/usr/bin/make -f CMakeFiles/cmTC_78955.dir/build.make CMakeFiles/cmTC_78955.dir/build
Building C object CMakeFiles/cmTC_78955.dir/test_mpi.c.o
/usr/bin/gcc   -isysroot /Library/Developer/CommandLineTools/SDKs/MacOSX10.15.sdk   -o CMakeFiles/cmTC_78955.dir/test_mpi.c.o   -c /usr/local/Cellar/cmake/3.16.4/share/cmake/Modules/FindMPI/test_mpi.c
/usr/local/Cellar/cmake/3.16.4/share/cmake/Modules/FindMPI/test_mpi.c:1:10: fatal error: 'mpi.h' file not found
#include <mpi.h>
         ^~~~~~~
1 error generated.
make[2]: *** [CMakeFiles/cmTC_78955.dir/test_mpi.c.o] Error 1
make[1]: *** [cmTC_78955/fast] Error 2



The MPI test test_mpi for CXX in mode normal failed to compile with the following output:
Change Dir: /Users/vikramansathiyanarayanan/Desktop/qp_wrappers/build/CMakeFiles/CMakeTmp

Run Build Command(s):/usr/bin/make cmTC_09c14/fast && /Library/Developer/CommandLineTools/usr/bin/make -f CMakeFiles/cmTC_09c14.dir/build.make CMakeFiles/cmTC_09c14.dir/build
Building CXX object CMakeFiles/cmTC_09c14.dir/test_mpi.cpp.o
/usr/bin/g++    -std=c++03 -pedantic -Wall -Wextra -Wundef -Wcast-align -Wchar-subscripts -Wnon-virtual-dtor -Wunused-local-typedefs -Wpointer-arith -Wwrite-strings -Wformat-security -Wshorten-64-to-32 -Wenum-conversion -Wc++11-extensions -Wdouble-promotion -Wshadow -Wno-variadic-macros -Wno-long-long -fno-check-new -fno-common -fstrict-aliasing -Qunused-arguments -ansi  -isysroot /Library/Developer/CommandLineTools/SDKs/MacOSX10.15.sdk   -o CMakeFiles/cmTC_09c14.dir/test_mpi.cpp.o -c /Users/vikramansathiyanarayanan/Desktop/qp_wrappers/build/CMakeFiles/FindMPI/test_mpi.cpp
/Users/vikramansathiyanarayanan/Desktop/qp_wrappers/build/CMakeFiles/FindMPI/test_mpi.cpp:1:10: fatal error: 'mpi.h' file not found
#include <mpi.h>
         ^~~~~~~
1 error generated.
make[2]: *** [CMakeFiles/cmTC_09c14.dir/test_mpi.cpp.o] Error 1
make[1]: *** [cmTC_09c14/fast] Error 2



The MPI test test_mpi for C in mode normal failed to compile with the following output:
Change Dir: /Users/vikramansathiyanarayanan/Desktop/qp_wrappers/build/CMakeFiles/CMakeTmp

Run Build Command(s):/usr/bin/make cmTC_12e48/fast && /Library/Developer/CommandLineTools/usr/bin/make -f CMakeFiles/cmTC_12e48.dir/build.make CMakeFiles/cmTC_12e48.dir/build
Building C object CMakeFiles/cmTC_12e48.dir/test_mpi.c.o
/usr/bin/gcc   -isysroot /Library/Developer/CommandLineTools/SDKs/MacOSX10.15.sdk   -o CMakeFiles/cmTC_12e48.dir/test_mpi.c.o   -c /usr/local/Cellar/cmake/3.16.4/share/cmake/Modules/FindMPI/test_mpi.c
/usr/local/Cellar/cmake/3.16.4/share/cmake/Modules/FindMPI/test_mpi.c:1:10: fatal error: 'mpi.h' file not found
#include <mpi.h>
         ^~~~~~~
1 error generated.
make[2]: *** [CMakeFiles/cmTC_12e48.dir/test_mpi.c.o] Error 1
make[1]: *** [cmTC_12e48/fast] Error 2



The MPI test test_mpi for CXX in mode normal failed to compile with the following output:
Change Dir: /Users/vikramansathiyanarayanan/Desktop/qp_wrappers/build/CMakeFiles/CMakeTmp

Run Build Command(s):/usr/bin/make cmTC_e13ea/fast && /Library/Developer/CommandLineTools/usr/bin/make -f CMakeFiles/cmTC_e13ea.dir/build.make CMakeFiles/cmTC_e13ea.dir/build
Building CXX object CMakeFiles/cmTC_e13ea.dir/test_mpi.cpp.o
/usr/bin/g++    -std=c++03 -pedantic -Wall -Wextra -Wundef -Wcast-align -Wchar-subscripts -Wnon-virtual-dtor -Wunused-local-typedefs -Wpointer-arith -Wwrite-strings -Wformat-security -Wshorten-64-to-32 -Wenum-conversion -Wc++11-extensions -Wdouble-promotion -Wshadow -Wno-variadic-macros -Wno-long-long -fno-check-new -fno-common -fstrict-aliasing -Qunused-arguments -ansi  -isysroot /Library/Developer/CommandLineTools/SDKs/MacOSX10.15.sdk   -o CMakeFiles/cmTC_e13ea.dir/test_mpi.cpp.o -c /Users/vikramansathiyanarayanan/Desktop/qp_wrappers/build/CMakeFiles/FindMPI/test_mpi.cpp
/Users/vikramansathiyanarayanan/Desktop/qp_wrappers/build/CMakeFiles/FindMPI/test_mpi.cpp:1:10: fatal error: 'mpi.h' file not found
#include <mpi.h>
         ^~~~~~~
1 error generated.
make[2]: *** [CMakeFiles/cmTC_e13ea.dir/test_mpi.cpp.o] Error 1
make[1]: *** [cmTC_e13ea/fast] Error 2



The MPI test test_mpi for C in mode normal failed to compile with the following output:
Change Dir: /Users/vikramansathiyanarayanan/Desktop/qp_wrappers/build/CMakeFiles/CMakeTmp

Run Build Command(s):/usr/bin/make cmTC_0962d/fast && /Library/Developer/CommandLineTools/usr/bin/make -f CMakeFiles/cmTC_0962d.dir/build.make CMakeFiles/cmTC_0962d.dir/build
Building C object CMakeFiles/cmTC_0962d.dir/test_mpi.c.o
/usr/bin/gcc   -isysroot /Library/Developer/CommandLineTools/SDKs/MacOSX10.15.sdk   -o CMakeFiles/cmTC_0962d.dir/test_mpi.c.o   -c /usr/local/Cellar/cmake/3.16.4/share/cmake/Modules/FindMPI/test_mpi.c
/usr/local/Cellar/cmake/3.16.4/share/cmake/Modules/FindMPI/test_mpi.c:1:10: fatal error: 'mpi.h' file not found
#include <mpi.h>
         ^~~~~~~
1 error generated.
make[1]: *** [CMakeFiles/cmTC_0962d.dir/test_mpi.c.o] Error 1
make: *** [cmTC_0962d/fast] Error 2



The MPI test test_mpi for CXX in mode normal failed to compile with the following output:
Change Dir: /Users/vikramansathiyanarayanan/Desktop/qp_wrappers/build/CMakeFiles/CMakeTmp

Run Build Command(s):/usr/bin/make cmTC_2d74f/fast && /Library/Developer/CommandLineTools/usr/bin/make -f CMakeFiles/cmTC_2d74f.dir/build.make CMakeFiles/cmTC_2d74f.dir/build
Building CXX object CMakeFiles/cmTC_2d74f.dir/test_mpi.cpp.o
/usr/bin/g++    -std=c++03 -pedantic -Wall -Wextra -Wundef -Wcast-align -Wchar-subscripts -Wnon-virtual-dtor -Wunused-local-typedefs -Wpointer-arith -Wwrite-strings -Wformat-security -Wshorten-64-to-32 -Wenum-conversion -Wc++11-extensions -Wdouble-promotion -Wshadow -Wno-variadic-macros -Wno-long-long -fno-check-new -fno-common -fstrict-aliasing -Qunused-arguments -ansi  -isysroot /Library/Developer/CommandLineTools/SDKs/MacOSX10.15.sdk   -o CMakeFiles/cmTC_2d74f.dir/test_mpi.cpp.o -c /Users/vikramansathiyanarayanan/Desktop/qp_wrappers/build/CMakeFiles/FindMPI/test_mpi.cpp
/Users/vikramansathiyanarayanan/Desktop/qp_wrappers/build/CMakeFiles/FindMPI/test_mpi.cpp:1:10: fatal error: 'mpi.h' file not found
#include <mpi.h>
         ^~~~~~~
1 error generated.
make[1]: *** [CMakeFiles/cmTC_2d74f.dir/test_mpi.cpp.o] Error 1
make: *** [cmTC_2d74f/fast] Error 2



The MPI test test_mpi for C in mode normal failed to compile with the following output:
Change Dir: /Users/vikramansathiyanarayanan/Desktop/qp_wrappers/build/CMakeFiles/CMakeTmp

Run Build Command(s):/usr/bin/make cmTC_2d948/fast && /Library/Developer/CommandLineTools/usr/bin/make -f CMakeFiles/cmTC_2d948.dir/build.make CMakeFiles/cmTC_2d948.dir/build
Building C object CMakeFiles/cmTC_2d948.dir/test_mpi.c.o
/usr/bin/gcc   -isysroot /Library/Developer/CommandLineTools/SDKs/MacOSX10.15.sdk   -o CMakeFiles/cmTC_2d948.dir/test_mpi.c.o   -c /usr/local/Cellar/cmake/3.16.4/share/cmake/Modules/FindMPI/test_mpi.c
/usr/local/Cellar/cmake/3.16.4/share/cmake/Modules/FindMPI/test_mpi.c:1:10: fatal error: 'mpi.h' file not found
#include <mpi.h>
         ^~~~~~~
1 error generated.
make[1]: *** [CMakeFiles/cmTC_2d948.dir/test_mpi.c.o] Error 1
make: *** [cmTC_2d948/fast] Error 2



The MPI test test_mpi for CXX in mode normal failed to compile with the following output:
Change Dir: /Users/vikramansathiyanarayanan/Desktop/qp_wrappers/build/CMakeFiles/CMakeTmp

Run Build Command(s):/usr/bin/make cmTC_95aeb/fast && /Library/Developer/CommandLineTools/usr/bin/make -f CMakeFiles/cmTC_95aeb.dir/build.make CMakeFiles/cmTC_95aeb.dir/build
Building CXX object CMakeFiles/cmTC_95aeb.dir/test_mpi.cpp.o
/usr/bin/g++    -std=c++03 -pedantic -Wall -Wextra -Wundef -Wcast-align -Wchar-subscripts -Wnon-virtual-dtor -Wunused-local-typedefs -Wpointer-arith -Wwrite-strings -Wformat-security -Wshorten-64-to-32 -Wenum-conversion -Wc++11-extensions -Wdouble-promotion -Wshadow -Wno-variadic-macros -Wno-long-long -fno-check-new -fno-common -fstrict-aliasing -Qunused-arguments -ansi  -isysroot /Library/Developer/CommandLineTools/SDKs/MacOSX10.15.sdk   -o CMakeFiles/cmTC_95aeb.dir/test_mpi.cpp.o -c /Users/vikramansathiyanarayanan/Desktop/qp_wrappers/build/CMakeFiles/FindMPI/test_mpi.cpp
/Users/vikramansathiyanarayanan/Desktop/qp_wrappers/build/CMakeFiles/FindMPI/test_mpi.cpp:1:10: fatal error: 'mpi.h' file not found
#include <mpi.h>
         ^~~~~~~
1 error generated.
make[1]: *** [CMakeFiles/cmTC_95aeb.dir/test_mpi.cpp.o] Error 1
make: *** [cmTC_95aeb/fast] Error 2



The MPI test test_mpi for C in mode normal failed to compile with the following output:
Change Dir: /Users/vikramansathiyanarayanan/Desktop/qp_wrappers/build/CMakeFiles/CMakeTmp

Run Build Command(s):/usr/bin/make cmTC_367a9/fast && /Library/Developer/CommandLineTools/usr/bin/make -f CMakeFiles/cmTC_367a9.dir/build.make CMakeFiles/cmTC_367a9.dir/build
Building C object CMakeFiles/cmTC_367a9.dir/test_mpi.c.o
/usr/bin/gcc   -isysroot /Library/Developer/CommandLineTools/SDKs/MacOSX10.15.sdk   -o CMakeFiles/cmTC_367a9.dir/test_mpi.c.o   -c /usr/local/Cellar/cmake/3.16.4/share/cmake/Modules/FindMPI/test_mpi.c
/usr/local/Cellar/cmake/3.16.4/share/cmake/Modules/FindMPI/test_mpi.c:1:10: fatal error: 'mpi.h' file not found
#include <mpi.h>
         ^~~~~~~
1 error generated.
make[1]: *** [CMakeFiles/cmTC_367a9.dir/test_mpi.c.o] Error 1
make: *** [cmTC_367a9/fast] Error 2



The MPI test test_mpi for CXX in mode normal failed to compile with the following output:
Change Dir: /Users/vikramansathiyanarayanan/Desktop/qp_wrappers/build/CMakeFiles/CMakeTmp

Run Build Command(s):/usr/bin/make cmTC_99fea/fast && /Library/Developer/CommandLineTools/usr/bin/make -f CMakeFiles/cmTC_99fea.dir/build.make CMakeFiles/cmTC_99fea.dir/build
Building CXX object CMakeFiles/cmTC_99fea.dir/test_mpi.cpp.o
/usr/bin/g++    -std=c++03 -pedantic -Wall -Wextra -Wundef -Wcast-align -Wchar-subscripts -Wnon-virtual-dtor -Wunused-local-typedefs -Wpointer-arith -Wwrite-strings -Wformat-security -Wshorten-64-to-32 -Wenum-conversion -Wc++11-extensions -Wdouble-promotion -Wshadow -Wno-variadic-macros -Wno-long-long -fno-check-new -fno-common -fstrict-aliasing -Qunused-arguments -ansi  -isysroot /Library/Developer/CommandLineTools/SDKs/MacOSX10.15.sdk   -o CMakeFiles/cmTC_99fea.dir/test_mpi.cpp.o -c /Users/vikramansathiyanarayanan/Desktop/qp_wrappers/build/CMakeFiles/FindMPI/test_mpi.cpp
/Users/vikramansathiyanarayanan/Desktop/qp_wrappers/build/CMakeFiles/FindMPI/test_mpi.cpp:1:10: fatal error: 'mpi.h' file not found
#include <mpi.h>
         ^~~~~~~
1 error generated.
make[1]: *** [CMakeFiles/cmTC_99fea.dir/test_mpi.cpp.o] Error 1
make: *** [cmTC_99fea/fast] Error 2



The MPI test test_mpi for C in mode normal failed to compile with the following output:
Change Dir: /Users/vikramansathiyanarayanan/Desktop/qp_wrappers/build/CMakeFiles/CMakeTmp

Run Build Command(s):/usr/bin/make cmTC_514a5/fast && /Library/Developer/CommandLineTools/usr/bin/make -f CMakeFiles/cmTC_514a5.dir/build.make CMakeFiles/cmTC_514a5.dir/build
Building C object CMakeFiles/cmTC_514a5.dir/test_mpi.c.o
/usr/bin/gcc   -isysroot /Library/Developer/CommandLineTools/SDKs/MacOSX10.15.sdk   -o CMakeFiles/cmTC_514a5.dir/test_mpi.c.o   -c /usr/local/Cellar/cmake/3.16.4/share/cmake/Modules/FindMPI/test_mpi.c
/usr/local/Cellar/cmake/3.16.4/share/cmake/Modules/FindMPI/test_mpi.c:1:10: fatal error: 'mpi.h' file not found
#include <mpi.h>
         ^~~~~~~
1 error generated.
make[1]: *** [CMakeFiles/cmTC_514a5.dir/test_mpi.c.o] Error 1
make: *** [cmTC_514a5/fast] Error 2



The MPI test test_mpi for CXX in mode normal failed to compile with the following output:
Change Dir: /Users/vikramansathiyanarayanan/Desktop/qp_wrappers/build/CMakeFiles/CMakeTmp

Run Build Command(s):/usr/bin/make cmTC_b51fe/fast && /Library/Developer/CommandLineTools/usr/bin/make -f CMakeFiles/cmTC_b51fe.dir/build.make CMakeFiles/cmTC_b51fe.dir/build
Building CXX object CMakeFiles/cmTC_b51fe.dir/test_mpi.cpp.o
/usr/bin/g++    -std=c++03 -pedantic -Wall -Wextra -Wundef -Wcast-align -Wchar-subscripts -Wnon-virtual-dtor -Wunused-local-typedefs -Wpointer-arith -Wwrite-strings -Wformat-security -Wshorten-64-to-32 -Wenum-conversion -Wc++11-extensions -Wdouble-promotion -Wshadow -Wno-variadic-macros -Wno-long-long -fno-check-new -fno-common -fstrict-aliasing -Qunused-arguments -ansi  -isysroot /Library/Developer/CommandLineTools/SDKs/MacOSX10.15.sdk   -o CMakeFiles/cmTC_b51fe.dir/test_mpi.cpp.o -c /Users/vikramansathiyanarayanan/Desktop/qp_wrappers/build/CMakeFiles/FindMPI/test_mpi.cpp
/Users/vikramansathiyanarayanan/Desktop/qp_wrappers/build/CMakeFiles/FindMPI/test_mpi.cpp:1:10: fatal error: 'mpi.h' file not found
#include <mpi.h>
         ^~~~~~~
1 error generated.
make[1]: *** [CMakeFiles/cmTC_b51fe.dir/test_mpi.cpp.o] Error 1
make: *** [cmTC_b51fe/fast] Error 2



The MPI test test_mpi for C in mode normal failed to compile with the following output:
Change Dir: /Users/vikramansathiyanarayanan/Desktop/qp_wrappers/build/CMakeFiles/CMakeTmp

Run Build Command(s):/usr/bin/make cmTC_34de7/fast && /Library/Developer/CommandLineTools/usr/bin/make -f CMakeFiles/cmTC_34de7.dir/build.make CMakeFiles/cmTC_34de7.dir/build
Building C object CMakeFiles/cmTC_34de7.dir/test_mpi.c.o
/usr/bin/gcc   -isysroot /Library/Developer/CommandLineTools/SDKs/MacOSX10.15.sdk   -o CMakeFiles/cmTC_34de7.dir/test_mpi.c.o   -c /usr/local/Cellar/cmake/3.16.4/share/cmake/Modules/FindMPI/test_mpi.c
/usr/local/Cellar/cmake/3.16.4/share/cmake/Modules/FindMPI/test_mpi.c:1:10: fatal error: 'mpi.h' file not found
#include <mpi.h>
         ^~~~~~~
1 error generated.
make[1]: *** [CMakeFiles/cmTC_34de7.dir/test_mpi.c.o] Error 1
make: *** [cmTC_34de7/fast] Error 2



The MPI test test_mpi for CXX in mode normal failed to compile with the following output:
Change Dir: /Users/vikramansathiyanarayanan/Desktop/qp_wrappers/build/CMakeFiles/CMakeTmp

Run Build Command(s):/usr/bin/make cmTC_de580/fast && /Library/Developer/CommandLineTools/usr/bin/make -f CMakeFiles/cmTC_de580.dir/build.make CMakeFiles/cmTC_de580.dir/build
Building CXX object CMakeFiles/cmTC_de580.dir/test_mpi.cpp.o
/usr/bin/g++    -std=c++03 -pedantic -Wall -Wextra -Wundef -Wcast-align -Wchar-subscripts -Wnon-virtual-dtor -Wunused-local-typedefs -Wpointer-arith -Wwrite-strings -Wformat-security -Wshorten-64-to-32 -Wenum-conversion -Wc++11-extensions -Wdouble-promotion -Wshadow -Wno-variadic-macros -Wno-long-long -fno-check-new -fno-common -fstrict-aliasing -Qunused-arguments -ansi  -isysroot /Library/Developer/CommandLineTools/SDKs/MacOSX10.15.sdk   -o CMakeFiles/cmTC_de580.dir/test_mpi.cpp.o -c /Users/vikramansathiyanarayanan/Desktop/qp_wrappers/build/CMakeFiles/FindMPI/test_mpi.cpp
/Users/vikramansathiyanarayanan/Desktop/qp_wrappers/build/CMakeFiles/FindMPI/test_mpi.cpp:1:10: fatal error: 'mpi.h' file not found
#include <mpi.h>
         ^~~~~~~
1 error generated.
make[1]: *** [CMakeFiles/cmTC_de580.dir/test_mpi.cpp.o] Error 1
make: *** [cmTC_de580/fast] Error 2



The MPI test test_mpi for C in mode normal failed to compile with the following output:
Change Dir: /Users/vikramansathiyanarayanan/Desktop/qp_wrappers/build/CMakeFiles/CMakeTmp

Run Build Command(s):/usr/bin/make cmTC_065e0/fast && /Library/Developer/CommandLineTools/usr/bin/make -f CMakeFiles/cmTC_065e0.dir/build.make CMakeFiles/cmTC_065e0.dir/build
Building C object CMakeFiles/cmTC_065e0.dir/test_mpi.c.o
/usr/bin/gcc   -isysroot /Library/Developer/CommandLineTools/SDKs/MacOSX10.15.sdk   -o CMakeFiles/cmTC_065e0.dir/test_mpi.c.o   -c /usr/local/Cellar/cmake/3.16.4/share/cmake/Modules/FindMPI/test_mpi.c
/usr/local/Cellar/cmake/3.16.4/share/cmake/Modules/FindMPI/test_mpi.c:1:10: fatal error: 'mpi.h' file not found
#include <mpi.h>
         ^~~~~~~
1 error generated.
make[1]: *** [CMakeFiles/cmTC_065e0.dir/test_mpi.c.o] Error 1
make: *** [cmTC_065e0/fast] Error 2



The MPI test test_mpi for CXX in mode normal failed to compile with the following output:
Change Dir: /Users/vikramansathiyanarayanan/Desktop/qp_wrappers/build/CMakeFiles/CMakeTmp

Run Build Command(s):/usr/bin/make cmTC_6a895/fast && /Library/Developer/CommandLineTools/usr/bin/make -f CMakeFiles/cmTC_6a895.dir/build.make CMakeFiles/cmTC_6a895.dir/build
Building CXX object CMakeFiles/cmTC_6a895.dir/test_mpi.cpp.o
/usr/bin/g++    -std=c++03 -pedantic -Wall -Wextra -Wundef -Wcast-align -Wchar-subscripts -Wnon-virtual-dtor -Wunused-local-typedefs -Wpointer-arith -Wwrite-strings -Wformat-security -Wshorten-64-to-32 -Wenum-conversion -Wc++11-extensions -Wdouble-promotion -Wshadow -Wno-variadic-macros -Wno-long-long -fno-check-new -fno-common -fstrict-aliasing -Qunused-arguments -ansi  -isysroot /Library/Developer/CommandLineTools/SDKs/MacOSX10.15.sdk   -o CMakeFiles/cmTC_6a895.dir/test_mpi.cpp.o -c /Users/vikramansathiyanarayanan/Desktop/qp_wrappers/build/CMakeFiles/FindMPI/test_mpi.cpp
/Users/vikramansathiyanarayanan/Desktop/qp_wrappers/build/CMakeFiles/FindMPI/test_mpi.cpp:1:10: fatal error: 'mpi.h' file not found
#include <mpi.h>
         ^~~~~~~
1 error generated.
make[1]: *** [CMakeFiles/cmTC_6a895.dir/test_mpi.cpp.o] Error 1
make: *** [cmTC_6a895/fast] Error 2



The MPI test test_mpi for C in mode normal failed to compile with the following output:
Change Dir: /Users/vikramansathiyanarayanan/Desktop/qp_wrappers/build/CMakeFiles/CMakeTmp

Run Build Command(s):/usr/bin/make cmTC_17984/fast && /Library/Developer/CommandLineTools/usr/bin/make -f CMakeFiles/cmTC_17984.dir/build.make CMakeFiles/cmTC_17984.dir/build
Building C object CMakeFiles/cmTC_17984.dir/test_mpi.c.o
/usr/bin/gcc   -isysroot /Library/Developer/CommandLineTools/SDKs/MacOSX10.15.sdk   -o CMakeFiles/cmTC_17984.dir/test_mpi.c.o   -c /usr/local/Cellar/cmake/3.16.4/share/cmake/Modules/FindMPI/test_mpi.c
/usr/local/Cellar/cmake/3.16.4/share/cmake/Modules/FindMPI/test_mpi.c:1:10: fatal error: 'mpi.h' file not found
#include <mpi.h>
         ^~~~~~~
1 error generated.
make[1]: *** [CMakeFiles/cmTC_17984.dir/test_mpi.c.o] Error 1
make: *** [cmTC_17984/fast] Error 2



The MPI test test_mpi for CXX in mode normal failed to compile with the following output:
Change Dir: /Users/vikramansathiyanarayanan/Desktop/qp_wrappers/build/CMakeFiles/CMakeTmp

Run Build Command(s):/usr/bin/make cmTC_9c313/fast && /Library/Developer/CommandLineTools/usr/bin/make -f CMakeFiles/cmTC_9c313.dir/build.make CMakeFiles/cmTC_9c313.dir/build
Building CXX object CMakeFiles/cmTC_9c313.dir/test_mpi.cpp.o
/usr/bin/g++    -std=c++03 -pedantic -Wall -Wextra -Wundef -Wcast-align -Wchar-subscripts -Wnon-virtual-dtor -Wunused-local-typedefs -Wpointer-arith -Wwrite-strings -Wformat-security -Wshorten-64-to-32 -Wenum-conversion -Wc++11-extensions -Wdouble-promotion -Wshadow -Wno-variadic-macros -Wno-long-long -fno-check-new -fno-common -fstrict-aliasing -Qunused-arguments -ansi  -isysroot /Library/Developer/CommandLineTools/SDKs/MacOSX10.15.sdk   -o CMakeFiles/cmTC_9c313.dir/test_mpi.cpp.o -c /Users/vikramansathiyanarayanan/Desktop/qp_wrappers/build/CMakeFiles/FindMPI/test_mpi.cpp
/Users/vikramansathiyanarayanan/Desktop/qp_wrappers/build/CMakeFiles/FindMPI/test_mpi.cpp:1:10: fatal error: 'mpi.h' file not found
#include <mpi.h>
         ^~~~~~~
1 error generated.
make[1]: *** [CMakeFiles/cmTC_9c313.dir/test_mpi.cpp.o] Error 1
make: *** [cmTC_9c313/fast] Error 2



The MPI test test_mpi for C in mode normal failed to compile with the following output:
Change Dir: /Users/vikramansathiyanarayanan/Desktop/qp_wrappers/build/CMakeFiles/CMakeTmp

Run Build Command(s):/usr/bin/make cmTC_3dac2/fast && /Library/Developer/CommandLineTools/usr/bin/make -f CMakeFiles/cmTC_3dac2.dir/build.make CMakeFiles/cmTC_3dac2.dir/build
Building C object CMakeFiles/cmTC_3dac2.dir/test_mpi.c.o
/usr/bin/gcc   -isysroot /Library/Developer/CommandLineTools/SDKs/MacOSX10.15.sdk   -o CMakeFiles/cmTC_3dac2.dir/test_mpi.c.o   -c /usr/local/Cellar/cmake/3.16.4/share/cmake/Modules/FindMPI/test_mpi.c
/usr/local/Cellar/cmake/3.16.4/share/cmake/Modules/FindMPI/test_mpi.c:1:10: fatal error: 'mpi.h' file not found
#include <mpi.h>
         ^~~~~~~
1 error generated.
make[1]: *** [CMakeFiles/cmTC_3dac2.dir/test_mpi.c.o] Error 1
make: *** [cmTC_3dac2/fast] Error 2



The MPI test test_mpi for CXX in mode normal failed to compile with the following output:
Change Dir: /Users/vikramansathiyanarayanan/Desktop/qp_wrappers/build/CMakeFiles/CMakeTmp

Run Build Command(s):/usr/bin/make cmTC_49f7f/fast && /Library/Developer/CommandLineTools/usr/bin/make -f CMakeFiles/cmTC_49f7f.dir/build.make CMakeFiles/cmTC_49f7f.dir/build
Building CXX object CMakeFiles/cmTC_49f7f.dir/test_mpi.cpp.o
/usr/bin/g++    -std=c++03 -pedantic -Wall -Wextra -Wundef -Wcast-align -Wchar-subscripts -Wnon-virtual-dtor -Wunused-local-typedefs -Wpointer-arith -Wwrite-strings -Wformat-security -Wshorten-64-to-32 -Wenum-conversion -Wc++11-extensions -Wdouble-promotion -Wshadow -Wno-variadic-macros -Wno-long-long -fno-check-new -fno-common -fstrict-aliasing -Qunused-arguments -ansi  -isysroot /Library/Developer/CommandLineTools/SDKs/MacOSX10.15.sdk   -o CMakeFiles/cmTC_49f7f.dir/test_mpi.cpp.o -c /Users/vikramansathiyanarayanan/Desktop/qp_wrappers/build/CMakeFiles/FindMPI/test_mpi.cpp
/Users/vikramansathiyanarayanan/Desktop/qp_wrappers/build/CMakeFiles/FindMPI/test_mpi.cpp:1:10: fatal error: 'mpi.h' file not found
#include <mpi.h>
         ^~~~~~~
1 error generated.
make[1]: *** [CMakeFiles/cmTC_49f7f.dir/test_mpi.cpp.o] Error 1
make: *** [cmTC_49f7f/fast] Error 2



The MPI test test_mpi for C in mode normal failed to compile with the following output:
Change Dir: /Users/vikramansathiyanarayanan/Desktop/qp_wrappers/build/CMakeFiles/CMakeTmp

Run Build Command(s):/usr/bin/make cmTC_dcd43/fast && /Library/Developer/CommandLineTools/usr/bin/make -f CMakeFiles/cmTC_dcd43.dir/build.make CMakeFiles/cmTC_dcd43.dir/build
Building C object CMakeFiles/cmTC_dcd43.dir/test_mpi.c.o
/usr/bin/gcc   -isysroot /Library/Developer/CommandLineTools/SDKs/MacOSX10.15.sdk   -o CMakeFiles/cmTC_dcd43.dir/test_mpi.c.o   -c /usr/local/Cellar/cmake/3.16.4/share/cmake/Modules/FindMPI/test_mpi.c
/usr/local/Cellar/cmake/3.16.4/share/cmake/Modules/FindMPI/test_mpi.c:1:10: fatal error: 'mpi.h' file not found
#include <mpi.h>
         ^~~~~~~
1 error generated.
make[1]: *** [CMakeFiles/cmTC_dcd43.dir/test_mpi.c.o] Error 1
make: *** [cmTC_dcd43/fast] Error 2



The MPI test test_mpi for CXX in mode normal failed to compile with the following output:
Change Dir: /Users/vikramansathiyanarayanan/Desktop/qp_wrappers/build/CMakeFiles/CMakeTmp

Run Build Command(s):/usr/bin/make cmTC_de431/fast && /Library/Developer/CommandLineTools/usr/bin/make -f CMakeFiles/cmTC_de431.dir/build.make CMakeFiles/cmTC_de431.dir/build
Building CXX object CMakeFiles/cmTC_de431.dir/test_mpi.cpp.o
/usr/bin/g++    -std=c++03 -pedantic -Wall -Wextra -Wundef -Wcast-align -Wchar-subscripts -Wnon-virtual-dtor -Wunused-local-typedefs -Wpointer-arith -Wwrite-strings -Wformat-security -Wshorten-64-to-32 -Wenum-conversion -Wc++11-extensions -Wdouble-promotion -Wshadow -Wno-variadic-macros -Wno-long-long -fno-check-new -fno-common -fstrict-aliasing -Qunused-arguments -ansi  -isysroot /Library/Developer/CommandLineTools/SDKs/MacOSX10.15.sdk   -o CMakeFiles/cmTC_de431.dir/test_mpi.cpp.o -c /Users/vikramansathiyanarayanan/Desktop/qp_wrappers/build/CMakeFiles/FindMPI/test_mpi.cpp
/Users/vikramansathiyanarayanan/Desktop/qp_wrappers/build/CMakeFiles/FindMPI/test_mpi.cpp:1:10: fatal error: 'mpi.h' file not found
#include <mpi.h>
         ^~~~~~~
1 error generated.
make[1]: *** [CMakeFiles/cmTC_de431.dir/test_mpi.cpp.o] Error 1
make: *** [cmTC_de431/fast] Error 2



The MPI test test_mpi for C in mode normal failed to compile with the following output:
Change Dir: /Users/vikramansathiyanarayanan/Desktop/qp_wrappers/build/CMakeFiles/CMakeTmp

Run Build Command(s):/usr/bin/make cmTC_929f4/fast && /Library/Developer/CommandLineTools/usr/bin/make -f CMakeFiles/cmTC_929f4.dir/build.make CMakeFiles/cmTC_929f4.dir/build
Building C object CMakeFiles/cmTC_929f4.dir/test_mpi.c.o
/usr/bin/gcc   -isysroot /Library/Developer/CommandLineTools/SDKs/MacOSX10.15.sdk   -o CMakeFiles/cmTC_929f4.dir/test_mpi.c.o   -c /usr/local/Cellar/cmake/3.16.4/share/cmake/Modules/FindMPI/test_mpi.c
/usr/local/Cellar/cmake/3.16.4/share/cmake/Modules/FindMPI/test_mpi.c:1:10: fatal error: 'mpi.h' file not found
#include <mpi.h>
         ^~~~~~~
1 error generated.
make[1]: *** [CMakeFiles/cmTC_929f4.dir/test_mpi.c.o] Error 1
make: *** [cmTC_929f4/fast] Error 2



The MPI test test_mpi for CXX in mode normal failed to compile with the following output:
Change Dir: /Users/vikramansathiyanarayanan/Desktop/qp_wrappers/build/CMakeFiles/CMakeTmp

Run Build Command(s):/usr/bin/make cmTC_f88b5/fast && /Library/Developer/CommandLineTools/usr/bin/make -f CMakeFiles/cmTC_f88b5.dir/build.make CMakeFiles/cmTC_f88b5.dir/build
Building CXX object CMakeFiles/cmTC_f88b5.dir/test_mpi.cpp.o
/usr/bin/g++    -std=c++03 -pedantic -Wall -Wextra -Wundef -Wcast-align -Wchar-subscripts -Wnon-virtual-dtor -Wunused-local-typedefs -Wpointer-arith -Wwrite-strings -Wformat-security -Wshorten-64-to-32 -Wenum-conversion -Wc++11-extensions -Wdouble-promotion -Wshadow -Wno-variadic-macros -Wno-long-long -fno-check-new -fno-common -fstrict-aliasing -Qunused-arguments -ansi  -isysroot /Library/Developer/CommandLineTools/SDKs/MacOSX10.15.sdk   -o CMakeFiles/cmTC_f88b5.dir/test_mpi.cpp.o -c /Users/vikramansathiyanarayanan/Desktop/qp_wrappers/build/CMakeFiles/FindMPI/test_mpi.cpp
/Users/vikramansathiyanarayanan/Desktop/qp_wrappers/build/CMakeFiles/FindMPI/test_mpi.cpp:1:10: fatal error: 'mpi.h' file not found
#include <mpi.h>
         ^~~~~~~
1 error generated.
make[1]: *** [CMakeFiles/cmTC_f88b5.dir/test_mpi.cpp.o] Error 1
make: *** [cmTC_f88b5/fast] Error 2



The MPI test test_mpi for C in mode normal failed to compile with the following output:
Change Dir: /Users/vikramansathiyanarayanan/Desktop/qp_wrappers/build/CMakeFiles/CMakeTmp

Run Build Command(s):/usr/bin/make cmTC_044a0/fast && /Library/Developer/CommandLineTools/usr/bin/make -f CMakeFiles/cmTC_044a0.dir/build.make CMakeFiles/cmTC_044a0.dir/build
Building C object CMakeFiles/cmTC_044a0.dir/test_mpi.c.o
/usr/bin/gcc   -isysroot /Library/Developer/CommandLineTools/SDKs/MacOSX10.15.sdk   -o CMakeFiles/cmTC_044a0.dir/test_mpi.c.o   -c /usr/local/Cellar/cmake/3.16.4/share/cmake/Modules/FindMPI/test_mpi.c
/usr/local/Cellar/cmake/3.16.4/share/cmake/Modules/FindMPI/test_mpi.c:1:10: fatal error: 'mpi.h' file not found
#include <mpi.h>
         ^~~~~~~
1 error generated.
make[1]: *** [CMakeFiles/cmTC_044a0.dir/test_mpi.c.o] Error 1
make: *** [cmTC_044a0/fast] Error 2



The MPI test test_mpi for CXX in mode normal failed to compile with the following output:
Change Dir: /Users/vikramansathiyanarayanan/Desktop/qp_wrappers/build/CMakeFiles/CMakeTmp

Run Build Command(s):/usr/bin/make cmTC_66604/fast && /Library/Developer/CommandLineTools/usr/bin/make -f CMakeFiles/cmTC_66604.dir/build.make CMakeFiles/cmTC_66604.dir/build
Building CXX object CMakeFiles/cmTC_66604.dir/test_mpi.cpp.o
/usr/bin/g++    -std=c++03 -pedantic -Wall -Wextra -Wundef -Wcast-align -Wchar-subscripts -Wnon-virtual-dtor -Wunused-local-typedefs -Wpointer-arith -Wwrite-strings -Wformat-security -Wshorten-64-to-32 -Wenum-conversion -Wc++11-extensions -Wdouble-promotion -Wshadow -Wno-variadic-macros -Wno-long-long -fno-check-new -fno-common -fstrict-aliasing -Qunused-arguments -ansi  -isysroot /Library/Developer/CommandLineTools/SDKs/MacOSX10.15.sdk   -o CMakeFiles/cmTC_66604.dir/test_mpi.cpp.o -c /Users/vikramansathiyanarayanan/Desktop/qp_wrappers/build/CMakeFiles/FindMPI/test_mpi.cpp
/Users/vikramansathiyanarayanan/Desktop/qp_wrappers/build/CMakeFiles/FindMPI/test_mpi.cpp:1:10: fatal error: 'mpi.h' file not found
#include <mpi.h>
         ^~~~~~~
1 error generated.
make[1]: *** [CMakeFiles/cmTC_66604.dir/test_mpi.cpp.o] Error 1
make: *** [cmTC_66604/fast] Error 2



The MPI test test_mpi for C in mode normal failed to compile with the following output:
Change Dir: /Users/vikramansathiyanarayanan/Desktop/qp_wrappers/build/CMakeFiles/CMakeTmp

Run Build Command(s):/usr/bin/make cmTC_4a043/fast && /Library/Developer/CommandLineTools/usr/bin/make -f CMakeFiles/cmTC_4a043.dir/build.make CMakeFiles/cmTC_4a043.dir/build
Building C object CMakeFiles/cmTC_4a043.dir/test_mpi.c.o
/usr/bin/gcc   -isysroot /Library/Developer/CommandLineTools/SDKs/MacOSX10.15.sdk   -o CMakeFiles/cmTC_4a043.dir/test_mpi.c.o   -c /usr/local/Cellar/cmake/3.16.4/share/cmake/Modules/FindMPI/test_mpi.c
/usr/local/Cellar/cmake/3.16.4/share/cmake/Modules/FindMPI/test_mpi.c:1:10: fatal error: 'mpi.h' file not found
#include <mpi.h>
         ^~~~~~~
1 error generated.
make[1]: *** [CMakeFiles/cmTC_4a043.dir/test_mpi.c.o] Error 1
make: *** [cmTC_4a043/fast] Error 2



The MPI test test_mpi for CXX in mode normal failed to compile with the following output:
Change Dir: /Users/vikramansathiyanarayanan/Desktop/qp_wrappers/build/CMakeFiles/CMakeTmp

Run Build Command(s):/usr/bin/make cmTC_39c30/fast && /Library/Developer/CommandLineTools/usr/bin/make -f CMakeFiles/cmTC_39c30.dir/build.make CMakeFiles/cmTC_39c30.dir/build
Building CXX object CMakeFiles/cmTC_39c30.dir/test_mpi.cpp.o
/usr/bin/g++    -std=c++03 -pedantic -Wall -Wextra -Wundef -Wcast-align -Wchar-subscripts -Wnon-virtual-dtor -Wunused-local-typedefs -Wpointer-arith -Wwrite-strings -Wformat-security -Wshorten-64-to-32 -Wenum-conversion -Wc++11-extensions -Wdouble-promotion -Wshadow -Wno-variadic-macros -Wno-long-long -fno-check-new -fno-common -fstrict-aliasing -Qunused-arguments -ansi  -isysroot /Library/Developer/CommandLineTools/SDKs/MacOSX10.15.sdk   -o CMakeFiles/cmTC_39c30.dir/test_mpi.cpp.o -c /Users/vikramansathiyanarayanan/Desktop/qp_wrappers/build/CMakeFiles/FindMPI/test_mpi.cpp
/Users/vikramansathiyanarayanan/Desktop/qp_wrappers/build/CMakeFiles/FindMPI/test_mpi.cpp:1:10: fatal error: 'mpi.h' file not found
#include <mpi.h>
         ^~~~~~~
1 error generated.
make[1]: *** [CMakeFiles/cmTC_39c30.dir/test_mpi.cpp.o] Error 1
make: *** [cmTC_39c30/fast] Error 2



The MPI test test_mpi for C in mode normal failed to compile with the following output:
Change Dir: /Users/vikramansathiyanarayanan/Desktop/qp_wrappers/build/CMakeFiles/CMakeTmp

Run Build Command(s):/usr/bin/make cmTC_481b6/fast && /Library/Developer/CommandLineTools/usr/bin/make -f CMakeFiles/cmTC_481b6.dir/build.make CMakeFiles/cmTC_481b6.dir/build
Building C object CMakeFiles/cmTC_481b6.dir/test_mpi.c.o
/usr/bin/gcc   -isysroot /Library/Developer/CommandLineTools/SDKs/MacOSX10.15.sdk   -o CMakeFiles/cmTC_481b6.dir/test_mpi.c.o   -c /usr/local/Cellar/cmake/3.16.4/share/cmake/Modules/FindMPI/test_mpi.c
/usr/local/Cellar/cmake/3.16.4/share/cmake/Modules/FindMPI/test_mpi.c:1:10: fatal error: 'mpi.h' file not found
#include <mpi.h>
         ^~~~~~~
1 error generated.
make[1]: *** [CMakeFiles/cmTC_481b6.dir/test_mpi.c.o] Error 1
make: *** [cmTC_481b6/fast] Error 2



The MPI test test_mpi for CXX in mode normal failed to compile with the following output:
Change Dir: /Users/vikramansathiyanarayanan/Desktop/qp_wrappers/build/CMakeFiles/CMakeTmp

Run Build Command(s):/usr/bin/make cmTC_921bb/fast && /Library/Developer/CommandLineTools/usr/bin/make -f CMakeFiles/cmTC_921bb.dir/build.make CMakeFiles/cmTC_921bb.dir/build
Building CXX object CMakeFiles/cmTC_921bb.dir/test_mpi.cpp.o
/usr/bin/g++    -std=c++03 -pedantic -Wall -Wextra -Wundef -Wcast-align -Wchar-subscripts -Wnon-virtual-dtor -Wunused-local-typedefs -Wpointer-arith -Wwrite-strings -Wformat-security -Wshorten-64-to-32 -Wenum-conversion -Wc++11-extensions -Wdouble-promotion -Wshadow -Wno-variadic-macros -Wno-long-long -fno-check-new -fno-common -fstrict-aliasing -Qunused-arguments -ansi  -isysroot /Library/Developer/CommandLineTools/SDKs/MacOSX10.15.sdk   -o CMakeFiles/cmTC_921bb.dir/test_mpi.cpp.o -c /Users/vikramansathiyanarayanan/Desktop/qp_wrappers/build/CMakeFiles/FindMPI/test_mpi.cpp
/Users/vikramansathiyanarayanan/Desktop/qp_wrappers/build/CMakeFiles/FindMPI/test_mpi.cpp:1:10: fatal error: 'mpi.h' file not found
#include <mpi.h>
         ^~~~~~~
1 error generated.
make[1]: *** [CMakeFiles/cmTC_921bb.dir/test_mpi.cpp.o] Error 1
make: *** [cmTC_921bb/fast] Error 2



The MPI test test_mpi for C in mode normal failed to compile with the following output:
Change Dir: /Users/vikramansathiyanarayanan/Desktop/qp_wrappers/build/CMakeFiles/CMakeTmp

Run Build Command(s):/usr/bin/make cmTC_2ac76/fast && /Library/Developer/CommandLineTools/usr/bin/make -f CMakeFiles/cmTC_2ac76.dir/build.make CMakeFiles/cmTC_2ac76.dir/build
Building C object CMakeFiles/cmTC_2ac76.dir/test_mpi.c.o
/usr/bin/gcc   -isysroot /Library/Developer/CommandLineTools/SDKs/MacOSX10.15.sdk   -o CMakeFiles/cmTC_2ac76.dir/test_mpi.c.o   -c /usr/local/Cellar/cmake/3.16.4/share/cmake/Modules/FindMPI/test_mpi.c
/usr/local/Cellar/cmake/3.16.4/share/cmake/Modules/FindMPI/test_mpi.c:1:10: fatal error: 'mpi.h' file not found
#include <mpi.h>
         ^~~~~~~
1 error generated.
make[1]: *** [CMakeFiles/cmTC_2ac76.dir/test_mpi.c.o] Error 1
make: *** [cmTC_2ac76/fast] Error 2



The MPI test test_mpi for CXX in mode normal failed to compile with the following output:
Change Dir: /Users/vikramansathiyanarayanan/Desktop/qp_wrappers/build/CMakeFiles/CMakeTmp

Run Build Command(s):/usr/bin/make cmTC_68e84/fast && /Library/Developer/CommandLineTools/usr/bin/make -f CMakeFiles/cmTC_68e84.dir/build.make CMakeFiles/cmTC_68e84.dir/build
Building CXX object CMakeFiles/cmTC_68e84.dir/test_mpi.cpp.o
/usr/bin/g++    -std=c++03 -pedantic -Wall -Wextra -Wundef -Wcast-align -Wchar-subscripts -Wnon-virtual-dtor -Wunused-local-typedefs -Wpointer-arith -Wwrite-strings -Wformat-security -Wshorten-64-to-32 -Wenum-conversion -Wc++11-extensions -Wdouble-promotion -Wshadow -Wno-variadic-macros -Wno-long-long -fno-check-new -fno-common -fstrict-aliasing -Qunused-arguments -ansi  -isysroot /Library/Developer/CommandLineTools/SDKs/MacOSX10.15.sdk   -o CMakeFiles/cmTC_68e84.dir/test_mpi.cpp.o -c /Users/vikramansathiyanarayanan/Desktop/qp_wrappers/build/CMakeFiles/FindMPI/test_mpi.cpp
/Users/vikramansathiyanarayanan/Desktop/qp_wrappers/build/CMakeFiles/FindMPI/test_mpi.cpp:1:10: fatal error: 'mpi.h' file not found
#include <mpi.h>
         ^~~~~~~
1 error generated.
make[1]: *** [CMakeFiles/cmTC_68e84.dir/test_mpi.cpp.o] Error 1
make: *** [cmTC_68e84/fast] Error 2



The MPI test test_mpi for C in mode normal failed to compile with the following output:
Change Dir: /Users/vikramansathiyanarayanan/Desktop/qp_wrappers/build/CMakeFiles/CMakeTmp

Run Build Command(s):/usr/bin/make cmTC_a2afa/fast && /Library/Developer/CommandLineTools/usr/bin/make -f CMakeFiles/cmTC_a2afa.dir/build.make CMakeFiles/cmTC_a2afa.dir/build
Building C object CMakeFiles/cmTC_a2afa.dir/test_mpi.c.o
/usr/bin/gcc   -isysroot /Library/Developer/CommandLineTools/SDKs/MacOSX10.15.sdk   -o CMakeFiles/cmTC_a2afa.dir/test_mpi.c.o   -c /usr/local/Cellar/cmake/3.16.4/share/cmake/Modules/FindMPI/test_mpi.c
/usr/local/Cellar/cmake/3.16.4/share/cmake/Modules/FindMPI/test_mpi.c:1:10: fatal error: 'mpi.h' file not found
#include <mpi.h>
         ^~~~~~~
1 error generated.
make[1]: *** [CMakeFiles/cmTC_a2afa.dir/test_mpi.c.o] Error 1
make: *** [cmTC_a2afa/fast] Error 2



The MPI test test_mpi for CXX in mode normal failed to compile with the following output:
Change Dir: /Users/vikramansathiyanarayanan/Desktop/qp_wrappers/build/CMakeFiles/CMakeTmp

Run Build Command(s):/usr/bin/make cmTC_c2788/fast && /Library/Developer/CommandLineTools/usr/bin/make -f CMakeFiles/cmTC_c2788.dir/build.make CMakeFiles/cmTC_c2788.dir/build
Building CXX object CMakeFiles/cmTC_c2788.dir/test_mpi.cpp.o
/usr/bin/g++    -std=c++03 -pedantic -Wall -Wextra -Wundef -Wcast-align -Wchar-subscripts -Wnon-virtual-dtor -Wunused-local-typedefs -Wpointer-arith -Wwrite-strings -Wformat-security -Wshorten-64-to-32 -Wenum-conversion -Wc++11-extensions -Wdouble-promotion -Wshadow -Wno-variadic-macros -Wno-long-long -fno-check-new -fno-common -fstrict-aliasing -Qunused-arguments -ansi  -isysroot /Library/Developer/CommandLineTools/SDKs/MacOSX10.15.sdk   -o CMakeFiles/cmTC_c2788.dir/test_mpi.cpp.o -c /Users/vikramansathiyanarayanan/Desktop/qp_wrappers/build/CMakeFiles/FindMPI/test_mpi.cpp
/Users/vikramansathiyanarayanan/Desktop/qp_wrappers/build/CMakeFiles/FindMPI/test_mpi.cpp:1:10: fatal error: 'mpi.h' file not found
#include <mpi.h>
         ^~~~~~~
1 error generated.
make[1]: *** [CMakeFiles/cmTC_c2788.dir/test_mpi.cpp.o] Error 1
make: *** [cmTC_c2788/fast] Error 2



The MPI test test_mpi for C in mode normal failed to compile with the following output:
Change Dir: /Users/vikramansathiyanarayanan/Desktop/qp_wrappers/build/CMakeFiles/CMakeTmp

Run Build Command(s):/usr/bin/make cmTC_cc9e0/fast && /Library/Developer/CommandLineTools/usr/bin/make -f CMakeFiles/cmTC_cc9e0.dir/build.make CMakeFiles/cmTC_cc9e0.dir/build
Building C object CMakeFiles/cmTC_cc9e0.dir/test_mpi.c.o
/usr/bin/gcc   -isysroot /Library/Developer/CommandLineTools/SDKs/MacOSX10.15.sdk   -o CMakeFiles/cmTC_cc9e0.dir/test_mpi.c.o   -c /usr/local/Cellar/cmake/3.16.4/share/cmake/Modules/FindMPI/test_mpi.c
/usr/local/Cellar/cmake/3.16.4/share/cmake/Modules/FindMPI/test_mpi.c:1:10: fatal error: 'mpi.h' file not found
#include <mpi.h>
         ^~~~~~~
1 error generated.
make[1]: *** [CMakeFiles/cmTC_cc9e0.dir/test_mpi.c.o] Error 1
make: *** [cmTC_cc9e0/fast] Error 2



The MPI test test_mpi for CXX in mode normal failed to compile with the following output:
Change Dir: /Users/vikramansathiyanarayanan/Desktop/qp_wrappers/build/CMakeFiles/CMakeTmp

Run Build Command(s):/usr/bin/make cmTC_cc483/fast && /Library/Developer/CommandLineTools/usr/bin/make -f CMakeFiles/cmTC_cc483.dir/build.make CMakeFiles/cmTC_cc483.dir/build
Building CXX object CMakeFiles/cmTC_cc483.dir/test_mpi.cpp.o
/usr/bin/g++    -std=c++03 -pedantic -Wall -Wextra -Wundef -Wcast-align -Wchar-subscripts -Wnon-virtual-dtor -Wunused-local-typedefs -Wpointer-arith -Wwrite-strings -Wformat-security -Wshorten-64-to-32 -Wenum-conversion -Wc++11-extensions -Wdouble-promotion -Wshadow -Wno-variadic-macros -Wno-long-long -fno-check-new -fno-common -fstrict-aliasing -Qunused-arguments -ansi  -isysroot /Library/Developer/CommandLineTools/SDKs/MacOSX10.15.sdk   -o CMakeFiles/cmTC_cc483.dir/test_mpi.cpp.o -c /Users/vikramansathiyanarayanan/Desktop/qp_wrappers/build/CMakeFiles/FindMPI/test_mpi.cpp
/Users/vikramansathiyanarayanan/Desktop/qp_wrappers/build/CMakeFiles/FindMPI/test_mpi.cpp:1:10: fatal error: 'mpi.h' file not found
#include <mpi.h>
         ^~~~~~~
1 error generated.
make[1]: *** [CMakeFiles/cmTC_cc483.dir/test_mpi.cpp.o] Error 1
make: *** [cmTC_cc483/fast] Error 2



The MPI test test_mpi for C in mode normal failed to compile with the following output:
Change Dir: /Users/vikramansathiyanarayanan/Desktop/qp_wrappers/build/CMakeFiles/CMakeTmp

Run Build Command(s):/usr/bin/make cmTC_a64b9/fast && /Library/Developer/CommandLineTools/usr/bin/make -f CMakeFiles/cmTC_a64b9.dir/build.make CMakeFiles/cmTC_a64b9.dir/build
Building C object CMakeFiles/cmTC_a64b9.dir/test_mpi.c.o
/usr/bin/gcc   -isysroot /Library/Developer/CommandLineTools/SDKs/MacOSX10.15.sdk   -o CMakeFiles/cmTC_a64b9.dir/test_mpi.c.o   -c /usr/local/Cellar/cmake/3.16.4/share/cmake/Modules/FindMPI/test_mpi.c
/usr/local/Cellar/cmake/3.16.4/share/cmake/Modules/FindMPI/test_mpi.c:1:10: fatal error: 'mpi.h' file not found
#include <mpi.h>
         ^~~~~~~
1 error generated.
make[1]: *** [CMakeFiles/cmTC_a64b9.dir/test_mpi.c.o] Error 1
make: *** [cmTC_a64b9/fast] Error 2



The MPI test test_mpi for CXX in mode normal failed to compile with the following output:
Change Dir: /Users/vikramansathiyanarayanan/Desktop/qp_wrappers/build/CMakeFiles/CMakeTmp

Run Build Command(s):/usr/bin/make cmTC_1df07/fast && /Library/Developer/CommandLineTools/usr/bin/make -f CMakeFiles/cmTC_1df07.dir/build.make CMakeFiles/cmTC_1df07.dir/build
Building CXX object CMakeFiles/cmTC_1df07.dir/test_mpi.cpp.o
/usr/bin/g++    -std=c++03 -pedantic -Wall -Wextra -Wundef -Wcast-align -Wchar-subscripts -Wnon-virtual-dtor -Wunused-local-typedefs -Wpointer-arith -Wwrite-strings -Wformat-security -Wshorten-64-to-32 -Wenum-conversion -Wc++11-extensions -Wdouble-promotion -Wshadow -Wno-variadic-macros -Wno-long-long -fno-check-new -fno-common -fstrict-aliasing -Qunused-arguments -ansi  -isysroot /Library/Developer/CommandLineTools/SDKs/MacOSX10.15.sdk   -o CMakeFiles/cmTC_1df07.dir/test_mpi.cpp.o -c /Users/vikramansathiyanarayanan/Desktop/qp_wrappers/build/CMakeFiles/FindMPI/test_mpi.cpp
/Users/vikramansathiyanarayanan/Desktop/qp_wrappers/build/CMakeFiles/FindMPI/test_mpi.cpp:1:10: fatal error: 'mpi.h' file not found
#include <mpi.h>
         ^~~~~~~
1 error generated.
make[1]: *** [CMakeFiles/cmTC_1df07.dir/test_mpi.cpp.o] Error 1
make: *** [cmTC_1df07/fast] Error 2



The MPI test test_mpi for C in mode normal failed to compile with the following output:
Change Dir: /Users/vikramansathiyanarayanan/Desktop/qp_wrappers/build/CMakeFiles/CMakeTmp

Run Build Command(s):/usr/bin/make cmTC_a4b8e/fast && /Library/Developer/CommandLineTools/usr/bin/make -f CMakeFiles/cmTC_a4b8e.dir/build.make CMakeFiles/cmTC_a4b8e.dir/build
Building C object CMakeFiles/cmTC_a4b8e.dir/test_mpi.c.o
/usr/bin/gcc   -isysroot /Library/Developer/CommandLineTools/SDKs/MacOSX10.15.sdk   -o CMakeFiles/cmTC_a4b8e.dir/test_mpi.c.o   -c /usr/local/Cellar/cmake/3.16.4/share/cmake/Modules/FindMPI/test_mpi.c
/usr/local/Cellar/cmake/3.16.4/share/cmake/Modules/FindMPI/test_mpi.c:1:10: fatal error: 'mpi.h' file not found
#include <mpi.h>
         ^~~~~~~
1 error generated.
make[1]: *** [CMakeFiles/cmTC_a4b8e.dir/test_mpi.c.o] Error 1
make: *** [cmTC_a4b8e/fast] Error 2



The MPI test test_mpi for CXX in mode normal failed to compile with the following output:
Change Dir: /Users/vikramansathiyanarayanan/Desktop/qp_wrappers/build/CMakeFiles/CMakeTmp

Run Build Command(s):/usr/bin/make cmTC_203bb/fast && /Library/Developer/CommandLineTools/usr/bin/make -f CMakeFiles/cmTC_203bb.dir/build.make CMakeFiles/cmTC_203bb.dir/build
Building CXX object CMakeFiles/cmTC_203bb.dir/test_mpi.cpp.o
/usr/bin/g++    -std=c++03 -pedantic -Wall -Wextra -Wundef -Wcast-align -Wchar-subscripts -Wnon-virtual-dtor -Wunused-local-typedefs -Wpointer-arith -Wwrite-strings -Wformat-security -Wshorten-64-to-32 -Wenum-conversion -Wc++11-extensions -Wdouble-promotion -Wshadow -Wno-variadic-macros -Wno-long-long -fno-check-new -fno-common -fstrict-aliasing -Qunused-arguments -ansi  -isysroot /Library/Developer/CommandLineTools/SDKs/MacOSX10.15.sdk   -o CMakeFiles/cmTC_203bb.dir/test_mpi.cpp.o -c /Users/vikramansathiyanarayanan/Desktop/qp_wrappers/build/CMakeFiles/FindMPI/test_mpi.cpp
/Users/vikramansathiyanarayanan/Desktop/qp_wrappers/build/CMakeFiles/FindMPI/test_mpi.cpp:1:10: fatal error: 'mpi.h' file not found
#include <mpi.h>
         ^~~~~~~
1 error generated.
make[1]: *** [CMakeFiles/cmTC_203bb.dir/test_mpi.cpp.o] Error 1
make: *** [cmTC_203bb/fast] Error 2



The MPI test test_mpi for C in mode normal failed to compile with the following output:
Change Dir: /Users/vikramansathiyanarayanan/Desktop/qp_wrappers/build/CMakeFiles/CMakeTmp

Run Build Command(s):/usr/bin/make cmTC_76d03/fast && /Library/Developer/CommandLineTools/usr/bin/make -f CMakeFiles/cmTC_76d03.dir/build.make CMakeFiles/cmTC_76d03.dir/build
Building C object CMakeFiles/cmTC_76d03.dir/test_mpi.c.o
/usr/bin/gcc   -isysroot /Library/Developer/CommandLineTools/SDKs/MacOSX10.15.sdk   -o CMakeFiles/cmTC_76d03.dir/test_mpi.c.o   -c /usr/local/Cellar/cmake/3.16.4/share/cmake/Modules/FindMPI/test_mpi.c
/usr/local/Cellar/cmake/3.16.4/share/cmake/Modules/FindMPI/test_mpi.c:1:10: fatal error: 'mpi.h' file not found
#include <mpi.h>
         ^~~~~~~
1 error generated.
make[1]: *** [CMakeFiles/cmTC_76d03.dir/test_mpi.c.o] Error 1
make: *** [cmTC_76d03/fast] Error 2



The MPI test test_mpi for CXX in mode normal failed to compile with the following output:
Change Dir: /Users/vikramansathiyanarayanan/Desktop/qp_wrappers/build/CMakeFiles/CMakeTmp

Run Build Command(s):/usr/bin/make cmTC_b3c40/fast && /Library/Developer/CommandLineTools/usr/bin/make -f CMakeFiles/cmTC_b3c40.dir/build.make CMakeFiles/cmTC_b3c40.dir/build
Building CXX object CMakeFiles/cmTC_b3c40.dir/test_mpi.cpp.o
/usr/bin/g++    -std=c++03 -pedantic -Wall -Wextra -Wundef -Wcast-align -Wchar-subscripts -Wnon-virtual-dtor -Wunused-local-typedefs -Wpointer-arith -Wwrite-strings -Wformat-security -Wshorten-64-to-32 -Wenum-conversion -Wc++11-extensions -Wdouble-promotion -Wshadow -Wno-variadic-macros -Wno-long-long -fno-check-new -fno-common -fstrict-aliasing -Qunused-arguments -ansi  -isysroot /Library/Developer/CommandLineTools/SDKs/MacOSX10.15.sdk   -o CMakeFiles/cmTC_b3c40.dir/test_mpi.cpp.o -c /Users/vikramansathiyanarayanan/Desktop/qp_wrappers/build/CMakeFiles/FindMPI/test_mpi.cpp
/Users/vikramansathiyanarayanan/Desktop/qp_wrappers/build/CMakeFiles/FindMPI/test_mpi.cpp:1:10: fatal error: 'mpi.h' file not found
#include <mpi.h>
         ^~~~~~~
1 error generated.
make[1]: *** [CMakeFiles/cmTC_b3c40.dir/test_mpi.cpp.o] Error 1
make: *** [cmTC_b3c40/fast] Error 2



The MPI test test_mpi for C in mode normal failed to compile with the following output:
Change Dir: /Users/vikramansathiyanarayanan/Desktop/qp_wrappers/build/CMakeFiles/CMakeTmp

Run Build Command(s):/usr/bin/make cmTC_880d4/fast && /Library/Developer/CommandLineTools/usr/bin/make -f CMakeFiles/cmTC_880d4.dir/build.make CMakeFiles/cmTC_880d4.dir/build
Building C object CMakeFiles/cmTC_880d4.dir/test_mpi.c.o
/usr/bin/gcc   -isysroot /Library/Developer/CommandLineTools/SDKs/MacOSX10.15.sdk   -o CMakeFiles/cmTC_880d4.dir/test_mpi.c.o   -c /usr/local/Cellar/cmake/3.16.4/share/cmake/Modules/FindMPI/test_mpi.c
/usr/local/Cellar/cmake/3.16.4/share/cmake/Modules/FindMPI/test_mpi.c:1:10: fatal error: 'mpi.h' file not found
#include <mpi.h>
         ^~~~~~~
1 error generated.
make[1]: *** [CMakeFiles/cmTC_880d4.dir/test_mpi.c.o] Error 1
make: *** [cmTC_880d4/fast] Error 2



The MPI test test_mpi for CXX in mode normal failed to compile with the following output:
Change Dir: /Users/vikramansathiyanarayanan/Desktop/qp_wrappers/build/CMakeFiles/CMakeTmp

Run Build Command(s):/usr/bin/make cmTC_36a69/fast && /Library/Developer/CommandLineTools/usr/bin/make -f CMakeFiles/cmTC_36a69.dir/build.make CMakeFiles/cmTC_36a69.dir/build
Building CXX object CMakeFiles/cmTC_36a69.dir/test_mpi.cpp.o
/usr/bin/g++    -std=c++03 -pedantic -Wall -Wextra -Wundef -Wcast-align -Wchar-subscripts -Wnon-virtual-dtor -Wunused-local-typedefs -Wpointer-arith -Wwrite-strings -Wformat-security -Wshorten-64-to-32 -Wenum-conversion -Wc++11-extensions -Wdouble-promotion -Wshadow -Wno-variadic-macros -Wno-long-long -fno-check-new -fno-common -fstrict-aliasing -Qunused-arguments -ansi  -isysroot /Library/Developer/CommandLineTools/SDKs/MacOSX10.15.sdk   -o CMakeFiles/cmTC_36a69.dir/test_mpi.cpp.o -c /Users/vikramansathiyanarayanan/Desktop/qp_wrappers/build/CMakeFiles/FindMPI/test_mpi.cpp
/Users/vikramansathiyanarayanan/Desktop/qp_wrappers/build/CMakeFiles/FindMPI/test_mpi.cpp:1:10: fatal error: 'mpi.h' file not found
#include <mpi.h>
         ^~~~~~~
1 error generated.
make[1]: *** [CMakeFiles/cmTC_36a69.dir/test_mpi.cpp.o] Error 1
make: *** [cmTC_36a69/fast] Error 2



The MPI test test_mpi for C in mode normal failed to compile with the following output:
Change Dir: /Users/vikramansathiyanarayanan/Desktop/qp_wrappers/build/CMakeFiles/CMakeTmp

Run Build Command(s):/usr/bin/make cmTC_4cdae/fast && /Library/Developer/CommandLineTools/usr/bin/make -f CMakeFiles/cmTC_4cdae.dir/build.make CMakeFiles/cmTC_4cdae.dir/build
Building C object CMakeFiles/cmTC_4cdae.dir/test_mpi.c.o
/usr/bin/gcc   -isysroot /Library/Developer/CommandLineTools/SDKs/MacOSX10.15.sdk   -o CMakeFiles/cmTC_4cdae.dir/test_mpi.c.o   -c /usr/local/Cellar/cmake/3.16.4/share/cmake/Modules/FindMPI/test_mpi.c
/usr/local/Cellar/cmake/3.16.4/share/cmake/Modules/FindMPI/test_mpi.c:1:10: fatal error: 'mpi.h' file not found
#include <mpi.h>
         ^~~~~~~
1 error generated.
make[1]: *** [CMakeFiles/cmTC_4cdae.dir/test_mpi.c.o] Error 1
make: *** [cmTC_4cdae/fast] Error 2



The MPI test test_mpi for CXX in mode normal failed to compile with the following output:
Change Dir: /Users/vikramansathiyanarayanan/Desktop/qp_wrappers/build/CMakeFiles/CMakeTmp

Run Build Command(s):/usr/bin/make cmTC_b9231/fast && /Library/Developer/CommandLineTools/usr/bin/make -f CMakeFiles/cmTC_b9231.dir/build.make CMakeFiles/cmTC_b9231.dir/build
Building CXX object CMakeFiles/cmTC_b9231.dir/test_mpi.cpp.o
/usr/bin/g++    -std=c++03 -pedantic -Wall -Wextra -Wundef -Wcast-align -Wchar-subscripts -Wnon-virtual-dtor -Wunused-local-typedefs -Wpointer-arith -Wwrite-strings -Wformat-security -Wshorten-64-to-32 -Wenum-conversion -Wc++11-extensions -Wdouble-promotion -Wshadow -Wno-variadic-macros -Wno-long-long -fno-check-new -fno-common -fstrict-aliasing -Qunused-arguments -ansi  -isysroot /Library/Developer/CommandLineTools/SDKs/MacOSX10.15.sdk   -o CMakeFiles/cmTC_b9231.dir/test_mpi.cpp.o -c /Users/vikramansathiyanarayanan/Desktop/qp_wrappers/build/CMakeFiles/FindMPI/test_mpi.cpp
/Users/vikramansathiyanarayanan/Desktop/qp_wrappers/build/CMakeFiles/FindMPI/test_mpi.cpp:1:10: fatal error: 'mpi.h' file not found
#include <mpi.h>
         ^~~~~~~
1 error generated.
make[1]: *** [CMakeFiles/cmTC_b9231.dir/test_mpi.cpp.o] Error 1
make: *** [cmTC_b9231/fast] Error 2



The MPI test test_mpi for C in mode normal failed to compile with the following output:
Change Dir: /Users/vikramansathiyanarayanan/Desktop/qp_wrappers/build/CMakeFiles/CMakeTmp

Run Build Command(s):/usr/bin/make cmTC_b9ec2/fast && /Library/Developer/CommandLineTools/usr/bin/make -f CMakeFiles/cmTC_b9ec2.dir/build.make CMakeFiles/cmTC_b9ec2.dir/build
Building C object CMakeFiles/cmTC_b9ec2.dir/test_mpi.c.o
/usr/bin/gcc   -isysroot /Library/Developer/CommandLineTools/SDKs/MacOSX10.15.sdk   -o CMakeFiles/cmTC_b9ec2.dir/test_mpi.c.o   -c /usr/local/Cellar/cmake/3.16.4/share/cmake/Modules/FindMPI/test_mpi.c
/usr/local/Cellar/cmake/3.16.4/share/cmake/Modules/FindMPI/test_mpi.c:1:10: fatal error: 'mpi.h' file not found
#include <mpi.h>
         ^~~~~~~
1 error generated.
make[1]: *** [CMakeFiles/cmTC_b9ec2.dir/test_mpi.c.o] Error 1
make: *** [cmTC_b9ec2/fast] Error 2



The MPI test test_mpi for CXX in mode normal failed to compile with the following output:
Change Dir: /Users/vikramansathiyanarayanan/Desktop/qp_wrappers/build/CMakeFiles/CMakeTmp

Run Build Command(s):/usr/bin/make cmTC_f3261/fast && /Library/Developer/CommandLineTools/usr/bin/make -f CMakeFiles/cmTC_f3261.dir/build.make CMakeFiles/cmTC_f3261.dir/build
Building CXX object CMakeFiles/cmTC_f3261.dir/test_mpi.cpp.o
/usr/bin/g++    -std=c++03 -pedantic -Wall -Wextra -Wundef -Wcast-align -Wchar-subscripts -Wnon-virtual-dtor -Wunused-local-typedefs -Wpointer-arith -Wwrite-strings -Wformat-security -Wshorten-64-to-32 -Wenum-conversion -Wc++11-extensions -Wdouble-promotion -Wshadow -Wno-variadic-macros -Wno-long-long -fno-check-new -fno-common -fstrict-aliasing -Qunused-arguments -ansi  -isysroot /Library/Developer/CommandLineTools/SDKs/MacOSX10.15.sdk   -o CMakeFiles/cmTC_f3261.dir/test_mpi.cpp.o -c /Users/vikramansathiyanarayanan/Desktop/qp_wrappers/build/CMakeFiles/FindMPI/test_mpi.cpp
/Users/vikramansathiyanarayanan/Desktop/qp_wrappers/build/CMakeFiles/FindMPI/test_mpi.cpp:1:10: fatal error: 'mpi.h' file not found
#include <mpi.h>
         ^~~~~~~
1 error generated.
make[1]: *** [CMakeFiles/cmTC_f3261.dir/test_mpi.cpp.o] Error 1
make: *** [cmTC_f3261/fast] Error 2



The MPI test test_mpi for C in mode normal failed to compile with the following output:
Change Dir: /Users/vikramansathiyanarayanan/Desktop/qp_wrappers/build/CMakeFiles/CMakeTmp

Run Build Command(s):/usr/bin/make cmTC_237b9/fast && /Library/Developer/CommandLineTools/usr/bin/make -f CMakeFiles/cmTC_237b9.dir/build.make CMakeFiles/cmTC_237b9.dir/build
Building C object CMakeFiles/cmTC_237b9.dir/test_mpi.c.o
/usr/bin/gcc   -isysroot /Library/Developer/CommandLineTools/SDKs/MacOSX10.15.sdk   -o CMakeFiles/cmTC_237b9.dir/test_mpi.c.o   -c /usr/local/Cellar/cmake/3.16.4/share/cmake/Modules/FindMPI/test_mpi.c
/usr/local/Cellar/cmake/3.16.4/share/cmake/Modules/FindMPI/test_mpi.c:1:10: fatal error: 'mpi.h' file not found
#include <mpi.h>
         ^~~~~~~
1 error generated.
make[1]: *** [CMakeFiles/cmTC_237b9.dir/test_mpi.c.o] Error 1
make: *** [cmTC_237b9/fast] Error 2



The MPI test test_mpi for CXX in mode normal failed to compile with the following output:
Change Dir: /Users/vikramansathiyanarayanan/Desktop/qp_wrappers/build/CMakeFiles/CMakeTmp

Run Build Command(s):/usr/bin/make cmTC_6aa0b/fast && /Library/Developer/CommandLineTools/usr/bin/make -f CMakeFiles/cmTC_6aa0b.dir/build.make CMakeFiles/cmTC_6aa0b.dir/build
Building CXX object CMakeFiles/cmTC_6aa0b.dir/test_mpi.cpp.o
/usr/bin/g++    -std=c++03 -pedantic -Wall -Wextra -Wundef -Wcast-align -Wchar-subscripts -Wnon-virtual-dtor -Wunused-local-typedefs -Wpointer-arith -Wwrite-strings -Wformat-security -Wshorten-64-to-32 -Wenum-conversion -Wc++11-extensions -Wdouble-promotion -Wshadow -Wno-variadic-macros -Wno-long-long -fno-check-new -fno-common -fstrict-aliasing -Qunused-arguments -ansi  -isysroot /Library/Developer/CommandLineTools/SDKs/MacOSX10.15.sdk   -o CMakeFiles/cmTC_6aa0b.dir/test_mpi.cpp.o -c /Users/vikramansathiyanarayanan/Desktop/qp_wrappers/build/CMakeFiles/FindMPI/test_mpi.cpp
/Users/vikramansathiyanarayanan/Desktop/qp_wrappers/build/CMakeFiles/FindMPI/test_mpi.cpp:1:10: fatal error: 'mpi.h' file not found
#include <mpi.h>
         ^~~~~~~
1 error generated.
make[1]: *** [CMakeFiles/cmTC_6aa0b.dir/test_mpi.cpp.o] Error 1
make: *** [cmTC_6aa0b/fast] Error 2



The MPI test test_mpi for C in mode normal failed to compile with the following output:
Change Dir: /Users/vikramansathiyanarayanan/Desktop/qp_wrappers/build/CMakeFiles/CMakeTmp

Run Build Command(s):/usr/bin/make cmTC_9e2f3/fast && /Library/Developer/CommandLineTools/usr/bin/make -f CMakeFiles/cmTC_9e2f3.dir/build.make CMakeFiles/cmTC_9e2f3.dir/build
Building C object CMakeFiles/cmTC_9e2f3.dir/test_mpi.c.o
/usr/bin/gcc   -isysroot /Library/Developer/CommandLineTools/SDKs/MacOSX10.15.sdk   -o CMakeFiles/cmTC_9e2f3.dir/test_mpi.c.o   -c /usr/local/Cellar/cmake/3.16.4/share/cmake/Modules/FindMPI/test_mpi.c
/usr/local/Cellar/cmake/3.16.4/share/cmake/Modules/FindMPI/test_mpi.c:1:10: fatal error: 'mpi.h' file not found
#include <mpi.h>
         ^~~~~~~
1 error generated.
make[1]: *** [CMakeFiles/cmTC_9e2f3.dir/test_mpi.c.o] Error 1
make: *** [cmTC_9e2f3/fast] Error 2



The MPI test test_mpi for CXX in mode normal failed to compile with the following output:
Change Dir: /Users/vikramansathiyanarayanan/Desktop/qp_wrappers/build/CMakeFiles/CMakeTmp

Run Build Command(s):/usr/bin/make cmTC_a087a/fast && /Library/Developer/CommandLineTools/usr/bin/make -f CMakeFiles/cmTC_a087a.dir/build.make CMakeFiles/cmTC_a087a.dir/build
Building CXX object CMakeFiles/cmTC_a087a.dir/test_mpi.cpp.o
/usr/bin/g++    -std=c++03 -pedantic -Wall -Wextra -Wundef -Wcast-align -Wchar-subscripts -Wnon-virtual-dtor -Wunused-local-typedefs -Wpointer-arith -Wwrite-strings -Wformat-security -Wshorten-64-to-32 -Wenum-conversion -Wc++11-extensions -Wdouble-promotion -Wshadow -Wno-variadic-macros -Wno-long-long -fno-check-new -fno-common -fstrict-aliasing -Qunused-arguments -ansi  -isysroot /Library/Developer/CommandLineTools/SDKs/MacOSX10.15.sdk   -o CMakeFiles/cmTC_a087a.dir/test_mpi.cpp.o -c /Users/vikramansathiyanarayanan/Desktop/qp_wrappers/build/CMakeFiles/FindMPI/test_mpi.cpp
/Users/vikramansathiyanarayanan/Desktop/qp_wrappers/build/CMakeFiles/FindMPI/test_mpi.cpp:1:10: fatal error: 'mpi.h' file not found
#include <mpi.h>
         ^~~~~~~
1 error generated.
make[1]: *** [CMakeFiles/cmTC_a087a.dir/test_mpi.cpp.o] Error 1
make: *** [cmTC_a087a/fast] Error 2



The MPI test test_mpi for C in mode normal failed to compile with the following output:
Change Dir: /Users/vikramansathiyanarayanan/Desktop/qp_wrappers/build/CMakeFiles/CMakeTmp

Run Build Command(s):/usr/bin/make cmTC_3fbf8/fast && /Library/Developer/CommandLineTools/usr/bin/make -f CMakeFiles/cmTC_3fbf8.dir/build.make CMakeFiles/cmTC_3fbf8.dir/build
Building C object CMakeFiles/cmTC_3fbf8.dir/test_mpi.c.o
/usr/bin/gcc   -isysroot /Library/Developer/CommandLineTools/SDKs/MacOSX10.15.sdk   -o CMakeFiles/cmTC_3fbf8.dir/test_mpi.c.o   -c /usr/local/Cellar/cmake/3.16.4/share/cmake/Modules/FindMPI/test_mpi.c
/usr/local/Cellar/cmake/3.16.4/share/cmake/Modules/FindMPI/test_mpi.c:1:10: fatal error: 'mpi.h' file not found
#include <mpi.h>
         ^~~~~~~
1 error generated.
make[1]: *** [CMakeFiles/cmTC_3fbf8.dir/test_mpi.c.o] Error 1
make: *** [cmTC_3fbf8/fast] Error 2



The MPI test test_mpi for CXX in mode normal failed to compile with the following output:
Change Dir: /Users/vikramansathiyanarayanan/Desktop/qp_wrappers/build/CMakeFiles/CMakeTmp

Run Build Command(s):/usr/bin/make cmTC_35637/fast && /Library/Developer/CommandLineTools/usr/bin/make -f CMakeFiles/cmTC_35637.dir/build.make CMakeFiles/cmTC_35637.dir/build
Building CXX object CMakeFiles/cmTC_35637.dir/test_mpi.cpp.o
/usr/bin/g++    -std=c++03 -pedantic -Wall -Wextra -Wundef -Wcast-align -Wchar-subscripts -Wnon-virtual-dtor -Wunused-local-typedefs -Wpointer-arith -Wwrite-strings -Wformat-security -Wshorten-64-to-32 -Wenum-conversion -Wc++11-extensions -Wdouble-promotion -Wshadow -Wno-variadic-macros -Wno-long-long -fno-check-new -fno-common -fstrict-aliasing -Qunused-arguments -ansi  -isysroot /Library/Developer/CommandLineTools/SDKs/MacOSX10.15.sdk   -o CMakeFiles/cmTC_35637.dir/test_mpi.cpp.o -c /Users/vikramansathiyanarayanan/Desktop/qp_wrappers/build/CMakeFiles/FindMPI/test_mpi.cpp
/Users/vikramansathiyanarayanan/Desktop/qp_wrappers/build/CMakeFiles/FindMPI/test_mpi.cpp:1:10: fatal error: 'mpi.h' file not found
#include <mpi.h>
         ^~~~~~~
1 error generated.
make[1]: *** [CMakeFiles/cmTC_35637.dir/test_mpi.cpp.o] Error 1
make: *** [cmTC_35637/fast] Error 2



The MPI test test_mpi for C in mode normal failed to compile with the following output:
Change Dir: /Users/vikramansathiyanarayanan/Desktop/qp_wrappers/build/CMakeFiles/CMakeTmp

Run Build Command(s):/usr/bin/make cmTC_2d060/fast && /Library/Developer/CommandLineTools/usr/bin/make -f CMakeFiles/cmTC_2d060.dir/build.make CMakeFiles/cmTC_2d060.dir/build
Building C object CMakeFiles/cmTC_2d060.dir/test_mpi.c.o
/usr/bin/gcc   -isysroot /Library/Developer/CommandLineTools/SDKs/MacOSX10.15.sdk   -o CMakeFiles/cmTC_2d060.dir/test_mpi.c.o   -c /usr/local/Cellar/cmake/3.16.4/share/cmake/Modules/FindMPI/test_mpi.c
/usr/local/Cellar/cmake/3.16.4/share/cmake/Modules/FindMPI/test_mpi.c:1:10: fatal error: 'mpi.h' file not found
#include <mpi.h>
         ^~~~~~~
1 error generated.
make[1]: *** [CMakeFiles/cmTC_2d060.dir/test_mpi.c.o] Error 1
make: *** [cmTC_2d060/fast] Error 2



The MPI test test_mpi for CXX in mode normal failed to compile with the following output:
Change Dir: /Users/vikramansathiyanarayanan/Desktop/qp_wrappers/build/CMakeFiles/CMakeTmp

Run Build Command(s):/usr/bin/make cmTC_ed9e5/fast && /Library/Developer/CommandLineTools/usr/bin/make -f CMakeFiles/cmTC_ed9e5.dir/build.make CMakeFiles/cmTC_ed9e5.dir/build
Building CXX object CMakeFiles/cmTC_ed9e5.dir/test_mpi.cpp.o
/usr/bin/g++    -std=c++03 -pedantic -Wall -Wextra -Wundef -Wcast-align -Wchar-subscripts -Wnon-virtual-dtor -Wunused-local-typedefs -Wpointer-arith -Wwrite-strings -Wformat-security -Wshorten-64-to-32 -Wenum-conversion -Wc++11-extensions -Wdouble-promotion -Wshadow -Wno-variadic-macros -Wno-long-long -fno-check-new -fno-common -fstrict-aliasing -Qunused-arguments -ansi  -isysroot /Library/Developer/CommandLineTools/SDKs/MacOSX10.15.sdk   -o CMakeFiles/cmTC_ed9e5.dir/test_mpi.cpp.o -c /Users/vikramansathiyanarayanan/Desktop/qp_wrappers/build/CMakeFiles/FindMPI/test_mpi.cpp
/Users/vikramansathiyanarayanan/Desktop/qp_wrappers/build/CMakeFiles/FindMPI/test_mpi.cpp:1:10: fatal error: 'mpi.h' file not found
#include <mpi.h>
         ^~~~~~~
1 error generated.
make[1]: *** [CMakeFiles/cmTC_ed9e5.dir/test_mpi.cpp.o] Error 1
make: *** [cmTC_ed9e5/fast] Error 2



The MPI test test_mpi for C in mode normal failed to compile with the following output:
Change Dir: /Users/vikramansathiyanarayanan/Desktop/qp_wrappers/build/CMakeFiles/CMakeTmp

Run Build Command(s):/usr/bin/make cmTC_921da/fast && /Library/Developer/CommandLineTools/usr/bin/make -f CMakeFiles/cmTC_921da.dir/build.make CMakeFiles/cmTC_921da.dir/build
Building C object CMakeFiles/cmTC_921da.dir/test_mpi.c.o
/usr/bin/gcc   -isysroot /Library/Developer/CommandLineTools/SDKs/MacOSX10.15.sdk   -o CMakeFiles/cmTC_921da.dir/test_mpi.c.o   -c /usr/local/Cellar/cmake/3.16.4/share/cmake/Modules/FindMPI/test_mpi.c
/usr/local/Cellar/cmake/3.16.4/share/cmake/Modules/FindMPI/test_mpi.c:1:10: fatal error: 'mpi.h' file not found
#include <mpi.h>
         ^~~~~~~
1 error generated.
make[1]: *** [CMakeFiles/cmTC_921da.dir/test_mpi.c.o] Error 1
make: *** [cmTC_921da/fast] Error 2



The MPI test test_mpi for CXX in mode normal failed to compile with the following output:
Change Dir: /Users/vikramansathiyanarayanan/Desktop/qp_wrappers/build/CMakeFiles/CMakeTmp

Run Build Command(s):/usr/bin/make cmTC_7c2e5/fast && /Library/Developer/CommandLineTools/usr/bin/make -f CMakeFiles/cmTC_7c2e5.dir/build.make CMakeFiles/cmTC_7c2e5.dir/build
Building CXX object CMakeFiles/cmTC_7c2e5.dir/test_mpi.cpp.o
/usr/bin/g++    -std=c++03 -pedantic -Wall -Wextra -Wundef -Wcast-align -Wchar-subscripts -Wnon-virtual-dtor -Wunused-local-typedefs -Wpointer-arith -Wwrite-strings -Wformat-security -Wshorten-64-to-32 -Wenum-conversion -Wc++11-extensions -Wdouble-promotion -Wshadow -Wno-variadic-macros -Wno-long-long -fno-check-new -fno-common -fstrict-aliasing -Qunused-arguments -ansi  -isysroot /Library/Developer/CommandLineTools/SDKs/MacOSX10.15.sdk   -o CMakeFiles/cmTC_7c2e5.dir/test_mpi.cpp.o -c /Users/vikramansathiyanarayanan/Desktop/qp_wrappers/build/CMakeFiles/FindMPI/test_mpi.cpp
/Users/vikramansathiyanarayanan/Desktop/qp_wrappers/build/CMakeFiles/FindMPI/test_mpi.cpp:1:10: fatal error: 'mpi.h' file not found
#include <mpi.h>
         ^~~~~~~
1 error generated.
make[1]: *** [CMakeFiles/cmTC_7c2e5.dir/test_mpi.cpp.o] Error 1
make: *** [cmTC_7c2e5/fast] Error 2



The MPI test test_mpi for C in mode normal failed to compile with the following output:
Change Dir: /Users/vikramansathiyanarayanan/Desktop/qp_wrappers/build/CMakeFiles/CMakeTmp

Run Build Command(s):/usr/bin/make cmTC_358fb/fast && /Library/Developer/CommandLineTools/usr/bin/make -f CMakeFiles/cmTC_358fb.dir/build.make CMakeFiles/cmTC_358fb.dir/build
Building C object CMakeFiles/cmTC_358fb.dir/test_mpi.c.o
/usr/bin/gcc   -isysroot /Library/Developer/CommandLineTools/SDKs/MacOSX10.15.sdk   -o CMakeFiles/cmTC_358fb.dir/test_mpi.c.o   -c /usr/local/Cellar/cmake/3.16.4/share/cmake/Modules/FindMPI/test_mpi.c
/usr/local/Cellar/cmake/3.16.4/share/cmake/Modules/FindMPI/test_mpi.c:1:10: fatal error: 'mpi.h' file not found
#include <mpi.h>
         ^~~~~~~
1 error generated.
make[1]: *** [CMakeFiles/cmTC_358fb.dir/test_mpi.c.o] Error 1
make: *** [cmTC_358fb/fast] Error 2



The MPI test test_mpi for CXX in mode normal failed to compile with the following output:
Change Dir: /Users/vikramansathiyanarayanan/Desktop/qp_wrappers/build/CMakeFiles/CMakeTmp

Run Build Command(s):/usr/bin/make cmTC_55dfd/fast && /Library/Developer/CommandLineTools/usr/bin/make -f CMakeFiles/cmTC_55dfd.dir/build.make CMakeFiles/cmTC_55dfd.dir/build
Building CXX object CMakeFiles/cmTC_55dfd.dir/test_mpi.cpp.o
/usr/bin/g++    -std=c++03 -pedantic -Wall -Wextra -Wundef -Wcast-align -Wchar-subscripts -Wnon-virtual-dtor -Wunused-local-typedefs -Wpointer-arith -Wwrite-strings -Wformat-security -Wshorten-64-to-32 -Wenum-conversion -Wc++11-extensions -Wdouble-promotion -Wshadow -Wno-variadic-macros -Wno-long-long -fno-check-new -fno-common -fstrict-aliasing -Qunused-arguments -ansi  -isysroot /Library/Developer/CommandLineTools/SDKs/MacOSX10.15.sdk   -o CMakeFiles/cmTC_55dfd.dir/test_mpi.cpp.o -c /Users/vikramansathiyanarayanan/Desktop/qp_wrappers/build/CMakeFiles/FindMPI/test_mpi.cpp
/Users/vikramansathiyanarayanan/Desktop/qp_wrappers/build/CMakeFiles/FindMPI/test_mpi.cpp:1:10: fatal error: 'mpi.h' file not found
#include <mpi.h>
         ^~~~~~~
1 error generated.
make[1]: *** [CMakeFiles/cmTC_55dfd.dir/test_mpi.cpp.o] Error 1
make: *** [cmTC_55dfd/fast] Error 2



The MPI test test_mpi for C in mode normal failed to compile with the following output:
Change Dir: /Users/vikramansathiyanarayanan/Desktop/qp_wrappers/build/CMakeFiles/CMakeTmp

Run Build Command(s):/usr/bin/make cmTC_d5532/fast && /Library/Developer/CommandLineTools/usr/bin/make -f CMakeFiles/cmTC_d5532.dir/build.make CMakeFiles/cmTC_d5532.dir/build
Building C object CMakeFiles/cmTC_d5532.dir/test_mpi.c.o
/usr/bin/gcc   -isysroot /Library/Developer/CommandLineTools/SDKs/MacOSX10.15.sdk   -o CMakeFiles/cmTC_d5532.dir/test_mpi.c.o   -c /usr/local/Cellar/cmake/3.16.4/share/cmake/Modules/FindMPI/test_mpi.c
/usr/local/Cellar/cmake/3.16.4/share/cmake/Modules/FindMPI/test_mpi.c:1:10: fatal error: 'mpi.h' file not found
#include <mpi.h>
         ^~~~~~~
1 error generated.
make[1]: *** [CMakeFiles/cmTC_d5532.dir/test_mpi.c.o] Error 1
make: *** [cmTC_d5532/fast] Error 2



The MPI test test_mpi for CXX in mode normal failed to compile with the following output:
Change Dir: /Users/vikramansathiyanarayanan/Desktop/qp_wrappers/build/CMakeFiles/CMakeTmp

Run Build Command(s):/usr/bin/make cmTC_ff204/fast && /Library/Developer/CommandLineTools/usr/bin/make -f CMakeFiles/cmTC_ff204.dir/build.make CMakeFiles/cmTC_ff204.dir/build
Building CXX object CMakeFiles/cmTC_ff204.dir/test_mpi.cpp.o
/usr/bin/g++    -std=c++03 -pedantic -Wall -Wextra -Wundef -Wcast-align -Wchar-subscripts -Wnon-virtual-dtor -Wunused-local-typedefs -Wpointer-arith -Wwrite-strings -Wformat-security -Wshorten-64-to-32 -Wenum-conversion -Wc++11-extensions -Wdouble-promotion -Wshadow -Wno-variadic-macros -Wno-long-long -fno-check-new -fno-common -fstrict-aliasing -Qunused-arguments -ansi  -isysroot /Library/Developer/CommandLineTools/SDKs/MacOSX10.15.sdk   -o CMakeFiles/cmTC_ff204.dir/test_mpi.cpp.o -c /Users/vikramansathiyanarayanan/Desktop/qp_wrappers/build/CMakeFiles/FindMPI/test_mpi.cpp
/Users/vikramansathiyanarayanan/Desktop/qp_wrappers/build/CMakeFiles/FindMPI/test_mpi.cpp:1:10: fatal error: 'mpi.h' file not found
#include <mpi.h>
         ^~~~~~~
1 error generated.
make[1]: *** [CMakeFiles/cmTC_ff204.dir/test_mpi.cpp.o] Error 1
make: *** [cmTC_ff204/fast] Error 2



The MPI test test_mpi for C in mode normal failed to compile with the following output:
Change Dir: /Users/vikramansathiyanarayanan/Desktop/qp_wrappers/build/CMakeFiles/CMakeTmp

Run Build Command(s):/usr/bin/make cmTC_5a131/fast && /Library/Developer/CommandLineTools/usr/bin/make -f CMakeFiles/cmTC_5a131.dir/build.make CMakeFiles/cmTC_5a131.dir/build
Building C object CMakeFiles/cmTC_5a131.dir/test_mpi.c.o
/usr/bin/gcc   -isysroot /Library/Developer/CommandLineTools/SDKs/MacOSX10.15.sdk   -o CMakeFiles/cmTC_5a131.dir/test_mpi.c.o   -c /usr/local/Cellar/cmake/3.16.4/share/cmake/Modules/FindMPI/test_mpi.c
/usr/local/Cellar/cmake/3.16.4/share/cmake/Modules/FindMPI/test_mpi.c:1:10: fatal error: 'mpi.h' file not found
#include <mpi.h>
         ^~~~~~~
1 error generated.
make[1]: *** [CMakeFiles/cmTC_5a131.dir/test_mpi.c.o] Error 1
make: *** [cmTC_5a131/fast] Error 2



The MPI test test_mpi for CXX in mode normal failed to compile with the following output:
Change Dir: /Users/vikramansathiyanarayanan/Desktop/qp_wrappers/build/CMakeFiles/CMakeTmp

Run Build Command(s):/usr/bin/make cmTC_ca536/fast && /Library/Developer/CommandLineTools/usr/bin/make -f CMakeFiles/cmTC_ca536.dir/build.make CMakeFiles/cmTC_ca536.dir/build
Building CXX object CMakeFiles/cmTC_ca536.dir/test_mpi.cpp.o
/usr/bin/g++    -std=c++03 -pedantic -Wall -Wextra -Wundef -Wcast-align -Wchar-subscripts -Wnon-virtual-dtor -Wunused-local-typedefs -Wpointer-arith -Wwrite-strings -Wformat-security -Wshorten-64-to-32 -Wenum-conversion -Wc++11-extensions -Wdouble-promotion -Wshadow -Wno-variadic-macros -Wno-long-long -fno-check-new -fno-common -fstrict-aliasing -Qunused-arguments -ansi  -isysroot /Library/Developer/CommandLineTools/SDKs/MacOSX10.15.sdk   -o CMakeFiles/cmTC_ca536.dir/test_mpi.cpp.o -c /Users/vikramansathiyanarayanan/Desktop/qp_wrappers/build/CMakeFiles/FindMPI/test_mpi.cpp
/Users/vikramansathiyanarayanan/Desktop/qp_wrappers/build/CMakeFiles/FindMPI/test_mpi.cpp:1:10: fatal error: 'mpi.h' file not found
#include <mpi.h>
         ^~~~~~~
1 error generated.
make[1]: *** [CMakeFiles/cmTC_ca536.dir/test_mpi.cpp.o] Error 1
make: *** [cmTC_ca536/fast] Error 2



The MPI test test_mpi for C in mode normal failed to compile with the following output:
Change Dir: /Users/vikramansathiyanarayanan/Desktop/qp_wrappers/build/CMakeFiles/CMakeTmp

Run Build Command(s):/usr/bin/make cmTC_05603/fast && /Library/Developer/CommandLineTools/usr/bin/make -f CMakeFiles/cmTC_05603.dir/build.make CMakeFiles/cmTC_05603.dir/build
Building C object CMakeFiles/cmTC_05603.dir/test_mpi.c.o
/usr/bin/gcc   -isysroot /Library/Developer/CommandLineTools/SDKs/MacOSX10.15.sdk   -o CMakeFiles/cmTC_05603.dir/test_mpi.c.o   -c /usr/local/Cellar/cmake/3.16.4/share/cmake/Modules/FindMPI/test_mpi.c
/usr/local/Cellar/cmake/3.16.4/share/cmake/Modules/FindMPI/test_mpi.c:1:10: fatal error: 'mpi.h' file not found
#include <mpi.h>
         ^~~~~~~
1 error generated.
make[1]: *** [CMakeFiles/cmTC_05603.dir/test_mpi.c.o] Error 1
make: *** [cmTC_05603/fast] Error 2



The MPI test test_mpi for CXX in mode normal failed to compile with the following output:
Change Dir: /Users/vikramansathiyanarayanan/Desktop/qp_wrappers/build/CMakeFiles/CMakeTmp

Run Build Command(s):/usr/bin/make cmTC_cf43d/fast && /Library/Developer/CommandLineTools/usr/bin/make -f CMakeFiles/cmTC_cf43d.dir/build.make CMakeFiles/cmTC_cf43d.dir/build
Building CXX object CMakeFiles/cmTC_cf43d.dir/test_mpi.cpp.o
/usr/bin/g++    -std=c++03 -pedantic -Wall -Wextra -Wundef -Wcast-align -Wchar-subscripts -Wnon-virtual-dtor -Wunused-local-typedefs -Wpointer-arith -Wwrite-strings -Wformat-security -Wshorten-64-to-32 -Wenum-conversion -Wc++11-extensions -Wdouble-promotion -Wshadow -Wno-variadic-macros -Wno-long-long -fno-check-new -fno-common -fstrict-aliasing -Qunused-arguments -ansi  -isysroot /Library/Developer/CommandLineTools/SDKs/MacOSX10.15.sdk   -o CMakeFiles/cmTC_cf43d.dir/test_mpi.cpp.o -c /Users/vikramansathiyanarayanan/Desktop/qp_wrappers/build/CMakeFiles/FindMPI/test_mpi.cpp
/Users/vikramansathiyanarayanan/Desktop/qp_wrappers/build/CMakeFiles/FindMPI/test_mpi.cpp:1:10: fatal error: 'mpi.h' file not found
#include <mpi.h>
         ^~~~~~~
1 error generated.
make[1]: *** [CMakeFiles/cmTC_cf43d.dir/test_mpi.cpp.o] Error 1
make: *** [cmTC_cf43d/fast] Error 2



The MPI test test_mpi for C in mode normal failed to compile with the following output:
Change Dir: /Users/vikramansathiyanarayanan/Desktop/qp_wrappers/build/CMakeFiles/CMakeTmp

Run Build Command(s):/usr/bin/make cmTC_841f3/fast && /Library/Developer/CommandLineTools/usr/bin/make -f CMakeFiles/cmTC_841f3.dir/build.make CMakeFiles/cmTC_841f3.dir/build
Building C object CMakeFiles/cmTC_841f3.dir/test_mpi.c.o
/usr/bin/gcc   -isysroot /Library/Developer/CommandLineTools/SDKs/MacOSX10.15.sdk   -o CMakeFiles/cmTC_841f3.dir/test_mpi.c.o   -c /usr/local/Cellar/cmake/3.16.4/share/cmake/Modules/FindMPI/test_mpi.c
/usr/local/Cellar/cmake/3.16.4/share/cmake/Modules/FindMPI/test_mpi.c:1:10: fatal error: 'mpi.h' file not found
#include <mpi.h>
         ^~~~~~~
1 error generated.
make[1]: *** [CMakeFiles/cmTC_841f3.dir/test_mpi.c.o] Error 1
make: *** [cmTC_841f3/fast] Error 2



The MPI test test_mpi for CXX in mode normal failed to compile with the following output:
Change Dir: /Users/vikramansathiyanarayanan/Desktop/qp_wrappers/build/CMakeFiles/CMakeTmp

Run Build Command(s):/usr/bin/make cmTC_a6de1/fast && /Library/Developer/CommandLineTools/usr/bin/make -f CMakeFiles/cmTC_a6de1.dir/build.make CMakeFiles/cmTC_a6de1.dir/build
Building CXX object CMakeFiles/cmTC_a6de1.dir/test_mpi.cpp.o
/usr/bin/g++    -std=c++03 -pedantic -Wall -Wextra -Wundef -Wcast-align -Wchar-subscripts -Wnon-virtual-dtor -Wunused-local-typedefs -Wpointer-arith -Wwrite-strings -Wformat-security -Wshorten-64-to-32 -Wenum-conversion -Wc++11-extensions -Wdouble-promotion -Wshadow -Wno-variadic-macros -Wno-long-long -fno-check-new -fno-common -fstrict-aliasing -Qunused-arguments -ansi  -isysroot /Library/Developer/CommandLineTools/SDKs/MacOSX10.15.sdk   -o CMakeFiles/cmTC_a6de1.dir/test_mpi.cpp.o -c /Users/vikramansathiyanarayanan/Desktop/qp_wrappers/build/CMakeFiles/FindMPI/test_mpi.cpp
/Users/vikramansathiyanarayanan/Desktop/qp_wrappers/build/CMakeFiles/FindMPI/test_mpi.cpp:1:10: fatal error: 'mpi.h' file not found
#include <mpi.h>
         ^~~~~~~
1 error generated.
make[1]: *** [CMakeFiles/cmTC_a6de1.dir/test_mpi.cpp.o] Error 1
make: *** [cmTC_a6de1/fast] Error 2



The MPI test test_mpi for C in mode normal failed to compile with the following output:
Change Dir: /Users/vikramansathiyanarayanan/Desktop/qp_wrappers/build/CMakeFiles/CMakeTmp

Run Build Command(s):/usr/bin/make cmTC_c9639/fast && /Library/Developer/CommandLineTools/usr/bin/make -f CMakeFiles/cmTC_c9639.dir/build.make CMakeFiles/cmTC_c9639.dir/build
Building C object CMakeFiles/cmTC_c9639.dir/test_mpi.c.o
/usr/bin/gcc   -isysroot /Library/Developer/CommandLineTools/SDKs/MacOSX10.15.sdk   -o CMakeFiles/cmTC_c9639.dir/test_mpi.c.o   -c /usr/local/Cellar/cmake/3.16.4/share/cmake/Modules/FindMPI/test_mpi.c
/usr/local/Cellar/cmake/3.16.4/share/cmake/Modules/FindMPI/test_mpi.c:1:10: fatal error: 'mpi.h' file not found
#include <mpi.h>
         ^~~~~~~
1 error generated.
make[1]: *** [CMakeFiles/cmTC_c9639.dir/test_mpi.c.o] Error 1
make: *** [cmTC_c9639/fast] Error 2



The MPI test test_mpi for CXX in mode normal failed to compile with the following output:
Change Dir: /Users/vikramansathiyanarayanan/Desktop/qp_wrappers/build/CMakeFiles/CMakeTmp

Run Build Command(s):/usr/bin/make cmTC_4877a/fast && /Library/Developer/CommandLineTools/usr/bin/make -f CMakeFiles/cmTC_4877a.dir/build.make CMakeFiles/cmTC_4877a.dir/build
Building CXX object CMakeFiles/cmTC_4877a.dir/test_mpi.cpp.o
/usr/bin/g++    -std=c++03 -pedantic -Wall -Wextra -Wundef -Wcast-align -Wchar-subscripts -Wnon-virtual-dtor -Wunused-local-typedefs -Wpointer-arith -Wwrite-strings -Wformat-security -Wshorten-64-to-32 -Wenum-conversion -Wc++11-extensions -Wdouble-promotion -Wshadow -Wno-variadic-macros -Wno-long-long -fno-check-new -fno-common -fstrict-aliasing -Qunused-arguments -ansi  -isysroot /Library/Developer/CommandLineTools/SDKs/MacOSX10.15.sdk   -o CMakeFiles/cmTC_4877a.dir/test_mpi.cpp.o -c /Users/vikramansathiyanarayanan/Desktop/qp_wrappers/build/CMakeFiles/FindMPI/test_mpi.cpp
/Users/vikramansathiyanarayanan/Desktop/qp_wrappers/build/CMakeFiles/FindMPI/test_mpi.cpp:1:10: fatal error: 'mpi.h' file not found
#include <mpi.h>
         ^~~~~~~
1 error generated.
make[1]: *** [CMakeFiles/cmTC_4877a.dir/test_mpi.cpp.o] Error 1
make: *** [cmTC_4877a/fast] Error 2



The MPI test test_mpi for C in mode normal failed to compile with the following output:
Change Dir: /Users/vikramansathiyanarayanan/Desktop/qp_wrappers/build/CMakeFiles/CMakeTmp

Run Build Command(s):/usr/bin/make cmTC_2cea3/fast && /Library/Developer/CommandLineTools/usr/bin/make -f CMakeFiles/cmTC_2cea3.dir/build.make CMakeFiles/cmTC_2cea3.dir/build
Building C object CMakeFiles/cmTC_2cea3.dir/test_mpi.c.o
/usr/bin/gcc   -isysroot /Library/Developer/CommandLineTools/SDKs/MacOSX10.15.sdk   -o CMakeFiles/cmTC_2cea3.dir/test_mpi.c.o   -c /usr/local/Cellar/cmake/3.16.4/share/cmake/Modules/FindMPI/test_mpi.c
/usr/local/Cellar/cmake/3.16.4/share/cmake/Modules/FindMPI/test_mpi.c:1:10: fatal error: 'mpi.h' file not found
#include <mpi.h>
         ^~~~~~~
1 error generated.
make[1]: *** [CMakeFiles/cmTC_2cea3.dir/test_mpi.c.o] Error 1
make: *** [cmTC_2cea3/fast] Error 2



The MPI test test_mpi for CXX in mode normal failed to compile with the following output:
Change Dir: /Users/vikramansathiyanarayanan/Desktop/qp_wrappers/build/CMakeFiles/CMakeTmp

Run Build Command(s):/usr/bin/make cmTC_f1130/fast && /Library/Developer/CommandLineTools/usr/bin/make -f CMakeFiles/cmTC_f1130.dir/build.make CMakeFiles/cmTC_f1130.dir/build
Building CXX object CMakeFiles/cmTC_f1130.dir/test_mpi.cpp.o
/usr/bin/g++    -std=c++03 -pedantic -Wall -Wextra -Wundef -Wcast-align -Wchar-subscripts -Wnon-virtual-dtor -Wunused-local-typedefs -Wpointer-arith -Wwrite-strings -Wformat-security -Wshorten-64-to-32 -Wenum-conversion -Wc++11-extensions -Wdouble-promotion -Wshadow -Wno-variadic-macros -Wno-long-long -fno-check-new -fno-common -fstrict-aliasing -Qunused-arguments -ansi  -isysroot /Library/Developer/CommandLineTools/SDKs/MacOSX10.15.sdk   -o CMakeFiles/cmTC_f1130.dir/test_mpi.cpp.o -c /Users/vikramansathiyanarayanan/Desktop/qp_wrappers/build/CMakeFiles/FindMPI/test_mpi.cpp
/Users/vikramansathiyanarayanan/Desktop/qp_wrappers/build/CMakeFiles/FindMPI/test_mpi.cpp:1:10: fatal error: 'mpi.h' file not found
#include <mpi.h>
         ^~~~~~~
1 error generated.
make[1]: *** [CMakeFiles/cmTC_f1130.dir/test_mpi.cpp.o] Error 1
make: *** [cmTC_f1130/fast] Error 2



The MPI test test_mpi for C in mode normal failed to compile with the following output:
Change Dir: /Users/vikramansathiyanarayanan/Desktop/qp_wrappers/build/CMakeFiles/CMakeTmp

Run Build Command(s):/usr/bin/make cmTC_478e0/fast && /Library/Developer/CommandLineTools/usr/bin/make -f CMakeFiles/cmTC_478e0.dir/build.make CMakeFiles/cmTC_478e0.dir/build
Building C object CMakeFiles/cmTC_478e0.dir/test_mpi.c.o
/usr/bin/gcc   -isysroot /Library/Developer/CommandLineTools/SDKs/MacOSX10.15.sdk   -o CMakeFiles/cmTC_478e0.dir/test_mpi.c.o   -c /usr/local/Cellar/cmake/3.16.4/share/cmake/Modules/FindMPI/test_mpi.c
/usr/local/Cellar/cmake/3.16.4/share/cmake/Modules/FindMPI/test_mpi.c:1:10: fatal error: 'mpi.h' file not found
#include <mpi.h>
         ^~~~~~~
1 error generated.
make[1]: *** [CMakeFiles/cmTC_478e0.dir/test_mpi.c.o] Error 1
make: *** [cmTC_478e0/fast] Error 2



The MPI test test_mpi for CXX in mode normal failed to compile with the following output:
Change Dir: /Users/vikramansathiyanarayanan/Desktop/qp_wrappers/build/CMakeFiles/CMakeTmp

Run Build Command(s):/usr/bin/make cmTC_fbd81/fast && /Library/Developer/CommandLineTools/usr/bin/make -f CMakeFiles/cmTC_fbd81.dir/build.make CMakeFiles/cmTC_fbd81.dir/build
Building CXX object CMakeFiles/cmTC_fbd81.dir/test_mpi.cpp.o
/usr/bin/g++    -std=c++03 -pedantic -Wall -Wextra -Wundef -Wcast-align -Wchar-subscripts -Wnon-virtual-dtor -Wunused-local-typedefs -Wpointer-arith -Wwrite-strings -Wformat-security -Wshorten-64-to-32 -Wenum-conversion -Wc++11-extensions -Wdouble-promotion -Wshadow -Wno-variadic-macros -Wno-long-long -fno-check-new -fno-common -fstrict-aliasing -Qunused-arguments -ansi  -isysroot /Library/Developer/CommandLineTools/SDKs/MacOSX10.15.sdk   -o CMakeFiles/cmTC_fbd81.dir/test_mpi.cpp.o -c /Users/vikramansathiyanarayanan/Desktop/qp_wrappers/build/CMakeFiles/FindMPI/test_mpi.cpp
/Users/vikramansathiyanarayanan/Desktop/qp_wrappers/build/CMakeFiles/FindMPI/test_mpi.cpp:1:10: fatal error: 'mpi.h' file not found
#include <mpi.h>
         ^~~~~~~
1 error generated.
make[1]: *** [CMakeFiles/cmTC_fbd81.dir/test_mpi.cpp.o] Error 1
make: *** [cmTC_fbd81/fast] Error 2



The MPI test test_mpi for C in mode normal failed to compile with the following output:
Change Dir: /Users/vikramansathiyanarayanan/Desktop/qp_wrappers/build/CMakeFiles/CMakeTmp

Run Build Command(s):/usr/bin/make cmTC_e053e/fast && /Library/Developer/CommandLineTools/usr/bin/make -f CMakeFiles/cmTC_e053e.dir/build.make CMakeFiles/cmTC_e053e.dir/build
Building C object CMakeFiles/cmTC_e053e.dir/test_mpi.c.o
/usr/bin/gcc   -isysroot /Library/Developer/CommandLineTools/SDKs/MacOSX10.15.sdk   -o CMakeFiles/cmTC_e053e.dir/test_mpi.c.o   -c /usr/local/Cellar/cmake/3.16.4/share/cmake/Modules/FindMPI/test_mpi.c
/usr/local/Cellar/cmake/3.16.4/share/cmake/Modules/FindMPI/test_mpi.c:1:10: fatal error: 'mpi.h' file not found
#include <mpi.h>
         ^~~~~~~
1 error generated.
make[1]: *** [CMakeFiles/cmTC_e053e.dir/test_mpi.c.o] Error 1
make: *** [cmTC_e053e/fast] Error 2



The MPI test test_mpi for CXX in mode normal failed to compile with the following output:
Change Dir: /Users/vikramansathiyanarayanan/Desktop/qp_wrappers/build/CMakeFiles/CMakeTmp

Run Build Command(s):/usr/bin/make cmTC_76747/fast && /Library/Developer/CommandLineTools/usr/bin/make -f CMakeFiles/cmTC_76747.dir/build.make CMakeFiles/cmTC_76747.dir/build
Building CXX object CMakeFiles/cmTC_76747.dir/test_mpi.cpp.o
/usr/bin/g++    -std=c++03 -pedantic -Wall -Wextra -Wundef -Wcast-align -Wchar-subscripts -Wnon-virtual-dtor -Wunused-local-typedefs -Wpointer-arith -Wwrite-strings -Wformat-security -Wshorten-64-to-32 -Wenum-conversion -Wc++11-extensions -Wdouble-promotion -Wshadow -Wno-variadic-macros -Wno-long-long -fno-check-new -fno-common -fstrict-aliasing -Qunused-arguments -ansi  -isysroot /Library/Developer/CommandLineTools/SDKs/MacOSX10.15.sdk   -o CMakeFiles/cmTC_76747.dir/test_mpi.cpp.o -c /Users/vikramansathiyanarayanan/Desktop/qp_wrappers/build/CMakeFiles/FindMPI/test_mpi.cpp
/Users/vikramansathiyanarayanan/Desktop/qp_wrappers/build/CMakeFiles/FindMPI/test_mpi.cpp:1:10: fatal error: 'mpi.h' file not found
#include <mpi.h>
         ^~~~~~~
1 error generated.
make[1]: *** [CMakeFiles/cmTC_76747.dir/test_mpi.cpp.o] Error 1
make: *** [cmTC_76747/fast] Error 2



The MPI test test_mpi for C in mode normal failed to compile with the following output:
Change Dir: /Users/vikramansathiyanarayanan/Desktop/qp_wrappers/build/CMakeFiles/CMakeTmp

Run Build Command(s):/usr/bin/make cmTC_18dff/fast && /Library/Developer/CommandLineTools/usr/bin/make -f CMakeFiles/cmTC_18dff.dir/build.make CMakeFiles/cmTC_18dff.dir/build
Building C object CMakeFiles/cmTC_18dff.dir/test_mpi.c.o
/usr/bin/gcc   -isysroot /Library/Developer/CommandLineTools/SDKs/MacOSX10.15.sdk   -o CMakeFiles/cmTC_18dff.dir/test_mpi.c.o   -c /usr/local/Cellar/cmake/3.16.4/share/cmake/Modules/FindMPI/test_mpi.c
/usr/local/Cellar/cmake/3.16.4/share/cmake/Modules/FindMPI/test_mpi.c:1:10: fatal error: 'mpi.h' file not found
#include <mpi.h>
         ^~~~~~~
1 error generated.
make[1]: *** [CMakeFiles/cmTC_18dff.dir/test_mpi.c.o] Error 1
make: *** [cmTC_18dff/fast] Error 2



The MPI test test_mpi for CXX in mode normal failed to compile with the following output:
Change Dir: /Users/vikramansathiyanarayanan/Desktop/qp_wrappers/build/CMakeFiles/CMakeTmp

Run Build Command(s):/usr/bin/make cmTC_cb489/fast && /Library/Developer/CommandLineTools/usr/bin/make -f CMakeFiles/cmTC_cb489.dir/build.make CMakeFiles/cmTC_cb489.dir/build
Building CXX object CMakeFiles/cmTC_cb489.dir/test_mpi.cpp.o
/usr/bin/g++    -std=c++03 -pedantic -Wall -Wextra -Wundef -Wcast-align -Wchar-subscripts -Wnon-virtual-dtor -Wunused-local-typedefs -Wpointer-arith -Wwrite-strings -Wformat-security -Wshorten-64-to-32 -Wenum-conversion -Wc++11-extensions -Wdouble-promotion -Wshadow -Wno-variadic-macros -Wno-long-long -fno-check-new -fno-common -fstrict-aliasing -Qunused-arguments -ansi  -isysroot /Library/Developer/CommandLineTools/SDKs/MacOSX10.15.sdk   -o CMakeFiles/cmTC_cb489.dir/test_mpi.cpp.o -c /Users/vikramansathiyanarayanan/Desktop/qp_wrappers/build/CMakeFiles/FindMPI/test_mpi.cpp
/Users/vikramansathiyanarayanan/Desktop/qp_wrappers/build/CMakeFiles/FindMPI/test_mpi.cpp:1:10: fatal error: 'mpi.h' file not found
#include <mpi.h>
         ^~~~~~~
1 error generated.
make[1]: *** [CMakeFiles/cmTC_cb489.dir/test_mpi.cpp.o] Error 1
make: *** [cmTC_cb489/fast] Error 2



The MPI test test_mpi for C in mode normal failed to compile with the following output:
Change Dir: /Users/vikramansathiyanarayanan/Desktop/qp_wrappers/build/CMakeFiles/CMakeTmp

Run Build Command(s):/usr/bin/make cmTC_7e933/fast && /Library/Developer/CommandLineTools/usr/bin/make -f CMakeFiles/cmTC_7e933.dir/build.make CMakeFiles/cmTC_7e933.dir/build
Building C object CMakeFiles/cmTC_7e933.dir/test_mpi.c.o
/usr/bin/gcc   -isysroot /Library/Developer/CommandLineTools/SDKs/MacOSX10.15.sdk   -o CMakeFiles/cmTC_7e933.dir/test_mpi.c.o   -c /usr/local/Cellar/cmake/3.16.4/share/cmake/Modules/FindMPI/test_mpi.c
/usr/local/Cellar/cmake/3.16.4/share/cmake/Modules/FindMPI/test_mpi.c:1:10: fatal error: 'mpi.h' file not found
#include <mpi.h>
         ^~~~~~~
1 error generated.
make[1]: *** [CMakeFiles/cmTC_7e933.dir/test_mpi.c.o] Error 1
make: *** [cmTC_7e933/fast] Error 2



The MPI test test_mpi for CXX in mode normal failed to compile with the following output:
Change Dir: /Users/vikramansathiyanarayanan/Desktop/qp_wrappers/build/CMakeFiles/CMakeTmp

Run Build Command(s):/usr/bin/make cmTC_b2697/fast && /Library/Developer/CommandLineTools/usr/bin/make -f CMakeFiles/cmTC_b2697.dir/build.make CMakeFiles/cmTC_b2697.dir/build
Building CXX object CMakeFiles/cmTC_b2697.dir/test_mpi.cpp.o
/usr/bin/g++    -std=c++03 -pedantic -Wall -Wextra -Wundef -Wcast-align -Wchar-subscripts -Wnon-virtual-dtor -Wunused-local-typedefs -Wpointer-arith -Wwrite-strings -Wformat-security -Wshorten-64-to-32 -Wenum-conversion -Wc++11-extensions -Wdouble-promotion -Wshadow -Wno-variadic-macros -Wno-long-long -fno-check-new -fno-common -fstrict-aliasing -Qunused-arguments -ansi  -isysroot /Library/Developer/CommandLineTools/SDKs/MacOSX10.15.sdk   -o CMakeFiles/cmTC_b2697.dir/test_mpi.cpp.o -c /Users/vikramansathiyanarayanan/Desktop/qp_wrappers/build/CMakeFiles/FindMPI/test_mpi.cpp
/Users/vikramansathiyanarayanan/Desktop/qp_wrappers/build/CMakeFiles/FindMPI/test_mpi.cpp:1:10: fatal error: 'mpi.h' file not found
#include <mpi.h>
         ^~~~~~~
1 error generated.
make[1]: *** [CMakeFiles/cmTC_b2697.dir/test_mpi.cpp.o] Error 1
make: *** [cmTC_b2697/fast] Error 2



